#
# There is insufficient memory for the Java Runtime Environment to continue.
# Native memory allocation (malloc) failed to allocate 1924016 bytes for Chunk::new
# Possible reasons:
#   The system is out of physical RAM or swap space
#   The process is running with CompressedOops enabled, and the Java Heap may be blocking the growth of the native heap
# Possible solutions:
#   Reduce memory load on the system
#   Increase physical memory or swap space
#   Check if swap backing store is full
#   Decrease Java heap size (-Xmx/-Xms)
#   Decrease number of Java threads
#   Decrease Java thread stack sizes (-Xss)
#   Set larger code cache with -XX:ReservedCodeCacheSize=
#   JVM is running with Unscaled Compressed Oops mode in which the Java heap is
#     placed in the first 4GB address space. The Java Heap base address is the
#     maximum limit for the native heap growth. Please use -XX:HeapBaseMinAddress
#     to set the Java Heap base and to place the Java Heap above 4GB virtual address.
# This output file may be truncated or incomplete.
#
#  Out of Memory Error (./src/hotspot/share/memory/arena.cpp:197), pid=5552, tid=7812
#
# JRE version: OpenJDK Runtime Environment (11.0.8+10) (build 11.0.8+10-b944.6842174)
# Java VM: OpenJDK 64-Bit Server VM (11.0.8+10-b944.6842174, mixed mode, tiered, compressed oops, g1 gc, windows-amd64)
# No core dump will be written. Minidumps are not enabled by default on client versions of Windows
#

---------------  S U M M A R Y ------------

Command Line: --add-opens=java.base/java.util=ALL-UNNAMED --add-opens=java.base/java.lang=ALL-UNNAMED --add-opens=java.base/java.lang.invoke=ALL-UNNAMED --add-opens=java.prefs/java.util.prefs=ALL-UNNAMED -Xmx2048m -Dfile.encoding=UTF-8 -Duser.country=US -Duser.language=en -Duser.variant org.gradle.launcher.daemon.bootstrap.GradleDaemon 6.7.1

Host: Intel(R) Core(TM) i7-5600U CPU @ 2.60GHz, 4 cores, 7G,  Windows 10 , 64 bit Build 19041 (10.0.19041.1023)
Time: Tue Jul 20 20:26:04 2021 India Standard Time elapsed time: 21 seconds (0d 0h 0m 21s)

---------------  T H R E A D  ---------------

Current thread (0x0000016ece5bd800):  JavaThread "C2 CompilerThread1" daemon [_thread_in_native, id=7812, stack(0x0000002ffe900000,0x0000002ffea00000)]


Current CompileTask:
C2:  21720 10805   !   4       org.gradle.cache.internal.LockOnDemandCrossProcessCacheAccess::withFileLock (24 bytes)

Stack: [0x0000002ffe900000,0x0000002ffea00000]
Native frames: (J=compiled Java code, j=interpreted, Vv=VM code, C=native code)
V  [jvm.dll+0x5de50a]
V  [jvm.dll+0x7122f5]
V  [jvm.dll+0x71384d]
V  [jvm.dll+0x713f03]
V  [jvm.dll+0x23e728]
V  [jvm.dll+0xb899c]
V  [jvm.dll+0xb8e9c]
V  [jvm.dll+0x35020b]
V  [jvm.dll+0x31dea3]
V  [jvm.dll+0x31d39a]
V  [jvm.dll+0x1f7702]
V  [jvm.dll+0x1f68d4]
V  [jvm.dll+0x17f32c]
V  [jvm.dll+0x205047]
V  [jvm.dll+0x203891]
V  [jvm.dll+0x6dad3f]
V  [jvm.dll+0x6d3895]
V  [jvm.dll+0x5dd4a6]
C  [ucrtbase.dll+0x21bb2]
C  [KERNEL32.DLL+0x17034]
C  [ntdll.dll+0x52651]


---------------  P R O C E S S  ---------------

Threads class SMR info:
_java_thread_list=0x0000016ecf0944d0, length=173, elements={
0x0000016eb1f58800, 0x0000016ecd90e000, 0x0000016ecd90f000, 0x0000016ecd921000,
0x0000016ecd921800, 0x0000016ecd924800, 0x0000016ece2d0800, 0x0000016ece2dd000,
0x0000016ece3d7800, 0x0000016ece420800, 0x0000016ecfa8a800, 0x0000016ece5bd800,
0x0000016ed0ff8800, 0x0000016ecfde2000, 0x0000016ecfde2800, 0x0000016ed1dac000,
0x0000016ecfd49800, 0x0000016ecf868000, 0x0000016ecfa54000, 0x0000016ecf138800,
0x0000016ecee44800, 0x0000016ed085c000, 0x0000016ed085d000, 0x0000016ed085b800,
0x0000016ed0857800, 0x0000016ed085e000, 0x0000016ed0858000, 0x0000016ed085a800,
0x0000016ed0859000, 0x0000016ed085a000, 0x0000016ed3525800, 0x0000016ed3528000,
0x0000016ed3523000, 0x0000016ed3526000, 0x0000016ed3522000, 0x0000016ed3527000,
0x0000016ed3524800, 0x0000016ed352e800, 0x0000016ed352b000, 0x0000016ed3529800,
0x0000016ed3528800, 0x0000016ed352f000, 0x0000016ed3530000, 0x0000016ed352a000,
0x0000016ed3530800, 0x0000016ed352c000, 0x0000016ed352c800, 0x0000016ed352d800,
0x0000016ed0f04800, 0x0000016ed0f05000, 0x0000016ed0f07000, 0x0000016ed0f06000,
0x0000016ed0f03800, 0x0000016ed0f07800, 0x0000016ed0f03000, 0x0000016ed0f0a000,
0x0000016ed0f0d800, 0x0000016ed0f08800, 0x0000016ed0f0e000, 0x0000016ed0f0f000,
0x0000016ed0f09800, 0x0000016ed0f10000, 0x0000016ed0f0c000, 0x0000016ed0f0c800,
0x0000016ed0f10800, 0x0000016ed0f0b000, 0x0000016ed0f11800, 0x0000016ed421f000,
0x0000016ed4222000, 0x0000016ed421f800, 0x0000016ed4220800, 0x0000016ed421e000,
0x0000016ed4221000, 0x0000016ed4223000, 0x0000016ed421d000, 0x0000016ed4227000,
0x0000016ed4224800, 0x0000016ed4227800, 0x0000016ed4225800, 0x0000016ed4223800,
0x0000016ed422a000, 0x0000016ed422b000, 0x0000016ed4228800, 0x0000016ed422c000,
0x0000016ed4226000, 0x0000016ed4229800, 0x0000016ed0362800, 0x0000016ed0366800,
0x0000016ed0361000, 0x0000016ed0367800, 0x0000016ed0363800, 0x0000016ed0364800,
0x0000016ed0362000, 0x0000016ed036a000, 0x0000016ed0365000, 0x0000016ed0368800,
0x0000016ed0369000, 0x0000016ed036b000, 0x0000016ed036b800, 0x0000016ed0366000,
0x0000016ed036f800, 0x0000016ed036d000, 0x0000016ed036c800, 0x0000016ed036e000,
0x0000016ed036f000, 0x0000016ed093c800, 0x0000016ed093c000, 0x0000016ed093e800,
0x0000016ed093d800, 0x0000016ed093f000, 0x0000016ed0940000, 0x0000016ed0940800,
0x0000016ed093b000, 0x0000016ed0945800, 0x0000016ed0943000, 0x0000016ed0944000,
0x0000016ed0942800, 0x0000016ed0946800, 0x0000016ed0941800, 0x0000016ed0947000,
0x0000016ed0948000, 0x0000016ed0949800, 0x0000016ed0945000, 0x0000016ed0949000,
0x0000016ed0a73000, 0x0000016ed0a79000, 0x0000016ed0a79800, 0x0000016ed0a76800,
0x0000016ed0a74000, 0x0000016ed0a77000, 0x0000016ed0a78000, 0x0000016ed0a74800,
0x0000016ed0a7a800, 0x0000016ed0a75800, 0x0000016ed0a7d000, 0x0000016ed0a81000,
0x0000016ed0a7d800, 0x0000016ed0a7e800, 0x0000016ed0a80000, 0x0000016ed0a7c000,
0x0000016ed0a7f800, 0x0000016ed0a7b800, 0x0000016ed0a82000, 0x0000016ed1840000,
0x0000016ed183d000, 0x0000016ed183f800, 0x0000016ed183d800, 0x0000016ed183e800,
0x0000016ed183a800, 0x0000016ed183b000, 0x0000016ed1841000, 0x0000016ed183c000,
0x0000016ed14ca800, 0x0000016ed14cb800, 0x0000016ed14cd000, 0x0000016ed14c7800,
0x0000016ed14c8000, 0x0000016ed14cc000, 0x0000016ed14ce000, 0x0000016ed14ce800,
0x0000016ed14c9800, 0x0000016ed14c9000, 0x0000016ed14d2000, 0x0000016ed14d1000,
0x0000016ed14d2800, 0x0000016ed14cf800, 0x0000016ed14d4800, 0x0000016ed14d5000,
0x0000016ed14d6000, 0x0000016ed14d0800, 0x0000016ed1776000, 0x0000016ed1778800,
0x0000016ed1777000
}

Java Threads: ( => current thread )
  0x0000016eb1f58800 JavaThread "main" [_thread_blocked, id=10264, stack(0x0000002ffd400000,0x0000002ffd500000)]
  0x0000016ecd90e000 JavaThread "Reference Handler" daemon [_thread_blocked, id=14360, stack(0x0000002ffdb00000,0x0000002ffdc00000)]
  0x0000016ecd90f000 JavaThread "Finalizer" daemon [_thread_blocked, id=11216, stack(0x0000002ffdc00000,0x0000002ffdd00000)]
  0x0000016ecd921000 JavaThread "Signal Dispatcher" daemon [_thread_blocked, id=8208, stack(0x0000002ffdd00000,0x0000002ffde00000)]
  0x0000016ecd921800 JavaThread "Attach Listener" daemon [_thread_blocked, id=320, stack(0x0000002ffde00000,0x0000002ffdf00000)]
  0x0000016ecd924800 JavaThread "C2 CompilerThread0" daemon [_thread_in_native, id=5348, stack(0x0000002ffdf00000,0x0000002ffe000000)]
  0x0000016ece2d0800 JavaThread "C1 CompilerThread0" daemon [_thread_blocked, id=10216, stack(0x0000002ffe000000,0x0000002ffe100000)]
  0x0000016ece2dd000 JavaThread "Sweeper thread" daemon [_thread_blocked, id=13116, stack(0x0000002ffe100000,0x0000002ffe200000)]
  0x0000016ece3d7800 JavaThread "Common-Cleaner" daemon [_thread_blocked, id=2612, stack(0x0000002ffe200000,0x0000002ffe300000)]
  0x0000016ece420800 JavaThread "Service Thread" daemon [_thread_blocked, id=7344, stack(0x0000002ffe300000,0x0000002ffe400000)]
  0x0000016ecfa8a800 JavaThread "Daemon health stats" [_thread_blocked, id=1868, stack(0x0000002ffe700000,0x0000002ffe800000)]
=>0x0000016ece5bd800 JavaThread "C2 CompilerThread1" daemon [_thread_in_native, id=7812, stack(0x0000002ffe900000,0x0000002ffea00000)]
  0x0000016ed0ff8800 JavaThread "Incoming local TCP Connector on port 56663" [_thread_in_native, id=14812, stack(0x0000002ffea00000,0x0000002ffeb00000)]
  0x0000016ecfde2000 JavaThread "Daemon periodic checks" [_thread_blocked, id=2100, stack(0x0000002ffeb00000,0x0000002ffec00000)]
  0x0000016ecfde2800 JavaThread "Daemon" [_thread_blocked, id=792, stack(0x0000002ffec00000,0x0000002ffed00000)]
  0x0000016ed1dac000 JavaThread "Handler for socket connection from /127.0.0.1:56663 to /127.0.0.1:56664" [_thread_in_native, id=8300, stack(0x0000002ffed00000,0x0000002ffee00000)]
  0x0000016ecfd49800 JavaThread "Cancel handler" [_thread_blocked, id=11340, stack(0x0000002ffee00000,0x0000002ffef00000)]
  0x0000016ecf868000 JavaThread "Daemon worker" [_thread_blocked, id=4200, stack(0x0000002ffef00000,0x0000002fff000000)]
  0x0000016ecfa54000 JavaThread "Asynchronous log dispatcher for DefaultDaemonConnection: socket connection from /127.0.0.1:56663 to /127.0.0.1:56664" [_thread_blocked, id=15800, stack(0x0000002fff000000,0x0000002fff100000)]
  0x0000016ecf138800 JavaThread "Stdin handler" [_thread_blocked, id=3440, stack(0x0000002fff100000,0x0000002fff200000)]
  0x0000016ecee44800 JavaThread "Thread-8" [_thread_blocked, id=16092, stack(0x0000002fff400000,0x0000002fff500000)]
  0x0000016ed085c000 JavaThread "Cache worker for file hash cache (C:\Users\user\.gradle\caches\6.7.1\fileHashes)" [_thread_blocked, id=6972, stack(0x0000002fff500000,0x0000002fff600000)]
  0x0000016ed085d000 JavaThread "File lock request listener" [_thread_in_native, id=3392, stack(0x0000002fff600000,0x0000002fff700000)]
  0x0000016ed085b800 JavaThread "Cache worker for journal cache (C:\Users\user\.gradle\caches\journal-1)" [_thread_blocked, id=15996, stack(0x0000002fff700000,0x0000002fff800000)]
  0x0000016ed0857800 JavaThread "Cache worker for file hash cache (D:\gthrAndroid\.gradle\6.7.1\fileHashes)" [_thread_blocked, id=12700, stack(0x0000002fff800000,0x0000002fff900000)]
  0x0000016ed085e000 JavaThread "Cache worker for checksums cache (D:\gthrAndroid\.gradle\checksums)" [_thread_blocked, id=15868, stack(0x0000002fff900000,0x0000002fffa00000)]
  0x0000016ed0858000 JavaThread "Cache worker for cache directory md-supplier (C:\Users\user\.gradle\caches\6.7.1\md-supplier)" [_thread_blocked, id=15372, stack(0x0000002fffa00000,0x0000002fffb00000)]
  0x0000016ed085a800 JavaThread "Cache worker for cache directory md-rule (C:\Users\user\.gradle\caches\6.7.1\md-rule)" [_thread_blocked, id=2404, stack(0x0000002fffb00000,0x0000002fffc00000)]
  0x0000016ed0859000 JavaThread "Cache worker for execution history cache (C:\Users\user\.gradle\caches\6.7.1\executionHistory)" [_thread_blocked, id=17304, stack(0x0000002fffc00000,0x0000002fffd00000)]
  0x0000016ed085a000 JavaThread "jar transforms" [_thread_blocked, id=11344, stack(0x0000002fffd00000,0x0000002fffe00000)]
  0x0000016ed3525800 JavaThread "Cache worker for file content cache (C:\Users\user\.gradle\caches\6.7.1\fileContent)" [_thread_blocked, id=14436, stack(0x0000002fffe00000,0x0000002ffff00000)]
  0x0000016ed3528000 JavaThread "Cache worker for Build Output Cleanup Cache (D:\gthrAndroid\.gradle\buildOutputCleanup)" [_thread_blocked, id=14568, stack(0x0000002ffff00000,0x0000003000000000)]
  0x0000016ed3523000 JavaThread "Build operations" [_thread_blocked, id=8120, stack(0x0000002f80000000,0x0000002f80100000)]
  0x0000016ed3526000 JavaThread "Build operations Thread 2" [_thread_blocked, id=9360, stack(0x0000002f80100000,0x0000002f80200000)]
  0x0000016ed3522000 JavaThread "Build operations Thread 3" [_thread_blocked, id=12992, stack(0x0000002f80200000,0x0000002f80300000)]
  0x0000016ed3527000 JavaThread "Build operations Thread 4" [_thread_blocked, id=13532, stack(0x0000002f80300000,0x0000002f80400000)]
  0x0000016ed3524800 JavaThread "jar transforms Thread 2" [_thread_blocked, id=8528, stack(0x0000002f80400000,0x0000002f80500000)]
  0x0000016ed352e800 JavaThread "jar transforms Thread 3" [_thread_blocked, id=16036, stack(0x0000002f80500000,0x0000002f80600000)]
  0x0000016ed352b000 JavaThread "jar transforms Thread 4" [_thread_blocked, id=17400, stack(0x0000002f80600000,0x0000002f80700000)]
  0x0000016ed3529800 JavaThread "jar transforms Thread 5" [_thread_blocked, id=15436, stack(0x0000002f80700000,0x0000002f80800000)]
  0x0000016ed3528800 JavaThread "jar transforms Thread 6" [_thread_blocked, id=12420, stack(0x0000002f80800000,0x0000002f80900000)]
  0x0000016ed352f000 JavaThread "jar transforms Thread 7" [_thread_blocked, id=7332, stack(0x0000002f80900000,0x0000002f80a00000)]
  0x0000016ed3530000 JavaThread "jar transforms Thread 8" [_thread_blocked, id=9072, stack(0x0000002f80a00000,0x0000002f80b00000)]
  0x0000016ed352a000 JavaThread "jar transforms Thread 9" [_thread_blocked, id=16404, stack(0x0000002f80b00000,0x0000002f80c00000)]
  0x0000016ed3530800 JavaThread "jar transforms Thread 10" [_thread_blocked, id=16332, stack(0x0000002f80c00000,0x0000002f80d00000)]
  0x0000016ed352c000 JavaThread "jar transforms Thread 11" [_thread_blocked, id=5164, stack(0x0000002f80d00000,0x0000002f80e00000)]
  0x0000016ed352c800 JavaThread "jar transforms Thread 12" [_thread_blocked, id=14584, stack(0x0000002f80e00000,0x0000002f80f00000)]
  0x0000016ed352d800 JavaThread "jar transforms Thread 13" [_thread_blocked, id=10156, stack(0x0000002f80f00000,0x0000002f81000000)]
  0x0000016ed0f04800 JavaThread "jar transforms Thread 14" [_thread_blocked, id=15848, stack(0x0000002f81000000,0x0000002f81100000)]
  0x0000016ed0f05000 JavaThread "jar transforms Thread 15" [_thread_blocked, id=15808, stack(0x0000002f81100000,0x0000002f81200000)]
  0x0000016ed0f07000 JavaThread "jar transforms Thread 16" [_thread_blocked, id=15464, stack(0x0000002f81200000,0x0000002f81300000)]
  0x0000016ed0f06000 JavaThread "jar transforms Thread 17" [_thread_blocked, id=16352, stack(0x0000002f81300000,0x0000002f81400000)]
  0x0000016ed0f03800 JavaThread "jar transforms Thread 18" [_thread_blocked, id=15728, stack(0x0000002f81400000,0x0000002f81500000)]
  0x0000016ed0f07800 JavaThread "jar transforms Thread 19" [_thread_blocked, id=5764, stack(0x0000002f81500000,0x0000002f81600000)]
  0x0000016ed0f03000 JavaThread "jar transforms Thread 20" [_thread_blocked, id=16820, stack(0x0000002f81600000,0x0000002f81700000)]
  0x0000016ed0f0a000 JavaThread "jar transforms Thread 21" [_thread_blocked, id=13300, stack(0x0000002f81700000,0x0000002f81800000)]
  0x0000016ed0f0d800 JavaThread "jar transforms Thread 22" [_thread_blocked, id=11276, stack(0x0000002f81800000,0x0000002f81900000)]
  0x0000016ed0f08800 JavaThread "jar transforms Thread 23" [_thread_blocked, id=4324, stack(0x0000002f81900000,0x0000002f81a00000)]
  0x0000016ed0f0e000 JavaThread "jar transforms Thread 24" [_thread_blocked, id=10860, stack(0x0000002f81a00000,0x0000002f81b00000)]
  0x0000016ed0f0f000 JavaThread "jar transforms Thread 25" [_thread_blocked, id=13768, stack(0x0000002f81b00000,0x0000002f81c00000)]
  0x0000016ed0f09800 JavaThread "jar transforms Thread 26" [_thread_blocked, id=9232, stack(0x0000002f81c00000,0x0000002f81d00000)]
  0x0000016ed0f10000 JavaThread "jar transforms Thread 27" [_thread_blocked, id=16276, stack(0x0000002f81d00000,0x0000002f81e00000)]
  0x0000016ed0f0c000 JavaThread "jar transforms Thread 28" [_thread_blocked, id=14228, stack(0x0000002f81e00000,0x0000002f81f00000)]
  0x0000016ed0f0c800 JavaThread "jar transforms Thread 29" [_thread_blocked, id=15232, stack(0x0000002f81f00000,0x0000002f82000000)]
  0x0000016ed0f10800 JavaThread "jar transforms Thread 30" [_thread_blocked, id=13604, stack(0x0000002f82000000,0x0000002f82100000)]
  0x0000016ed0f0b000 JavaThread "jar transforms Thread 31" [_thread_blocked, id=1476, stack(0x0000002f82100000,0x0000002f82200000)]
  0x0000016ed0f11800 JavaThread "jar transforms Thread 32" [_thread_blocked, id=5740, stack(0x0000002f82200000,0x0000002f82300000)]
  0x0000016ed421f000 JavaThread "jar transforms Thread 33" [_thread_blocked, id=17156, stack(0x0000002f82300000,0x0000002f82400000)]
  0x0000016ed4222000 JavaThread "jar transforms Thread 34" [_thread_blocked, id=12148, stack(0x0000002f82400000,0x0000002f82500000)]
  0x0000016ed421f800 JavaThread "jar transforms Thread 35" [_thread_blocked, id=16252, stack(0x0000002f82500000,0x0000002f82600000)]
  0x0000016ed4220800 JavaThread "jar transforms Thread 36" [_thread_blocked, id=17380, stack(0x0000002f82600000,0x0000002f82700000)]
  0x0000016ed421e000 JavaThread "jar transforms Thread 37" [_thread_blocked, id=15396, stack(0x0000002f82700000,0x0000002f82800000)]
  0x0000016ed4221000 JavaThread "jar transforms Thread 38" [_thread_blocked, id=2376, stack(0x0000002f82800000,0x0000002f82900000)]
  0x0000016ed4223000 JavaThread "jar transforms Thread 39" [_thread_blocked, id=7424, stack(0x0000002f82900000,0x0000002f82a00000)]
  0x0000016ed421d000 JavaThread "jar transforms Thread 40" [_thread_blocked, id=17364, stack(0x0000002f82a00000,0x0000002f82b00000)]
  0x0000016ed4227000 JavaThread "jar transforms Thread 41" [_thread_blocked, id=14564, stack(0x0000002f82b00000,0x0000002f82c00000)]
  0x0000016ed4224800 JavaThread "jar transforms Thread 42" [_thread_blocked, id=14776, stack(0x0000002f82c00000,0x0000002f82d00000)]
  0x0000016ed4227800 JavaThread "jar transforms Thread 43" [_thread_blocked, id=4432, stack(0x0000002f82d00000,0x0000002f82e00000)]
  0x0000016ed4225800 JavaThread "jar transforms Thread 44" [_thread_blocked, id=8784, stack(0x0000002f82e00000,0x0000002f82f00000)]
  0x0000016ed4223800 JavaThread "jar transforms Thread 45" [_thread_blocked, id=8916, stack(0x0000002f82f00000,0x0000002f83000000)]
  0x0000016ed422a000 JavaThread "jar transforms Thread 46" [_thread_blocked, id=16940, stack(0x0000002f83000000,0x0000002f83100000)]
  0x0000016ed422b000 JavaThread "jar transforms Thread 47" [_thread_blocked, id=1728, stack(0x0000002f83100000,0x0000002f83200000)]
  0x0000016ed4228800 JavaThread "jar transforms Thread 48" [_thread_blocked, id=16416, stack(0x0000002f83200000,0x0000002f83300000)]
  0x0000016ed422c000 JavaThread "jar transforms Thread 49" [_thread_blocked, id=2800, stack(0x0000002f83300000,0x0000002f83400000)]
  0x0000016ed4226000 JavaThread "jar transforms Thread 50" [_thread_blocked, id=16112, stack(0x0000002f83400000,0x0000002f83500000)]
  0x0000016ed4229800 JavaThread "jar transforms Thread 51" [_thread_blocked, id=13796, stack(0x0000002f83500000,0x0000002f83600000)]
  0x0000016ed0362800 JavaThread "jar transforms Thread 52" [_thread_blocked, id=6492, stack(0x0000002f83600000,0x0000002f83700000)]
  0x0000016ed0366800 JavaThread "jar transforms Thread 53" [_thread_blocked, id=8780, stack(0x0000002f83700000,0x0000002f83800000)]
  0x0000016ed0361000 JavaThread "jar transforms Thread 54" [_thread_blocked, id=12580, stack(0x0000002f83800000,0x0000002f83900000)]
  0x0000016ed0367800 JavaThread "jar transforms Thread 55" [_thread_blocked, id=16180, stack(0x0000002f83900000,0x0000002f83a00000)]
  0x0000016ed0363800 JavaThread "jar transforms Thread 56" [_thread_blocked, id=15764, stack(0x0000002f83a00000,0x0000002f83b00000)]
  0x0000016ed0364800 JavaThread "jar transforms Thread 57" [_thread_blocked, id=16228, stack(0x0000002f83b00000,0x0000002f83c00000)]
  0x0000016ed0362000 JavaThread "jar transforms Thread 58" [_thread_blocked, id=9196, stack(0x0000002f83c00000,0x0000002f83d00000)]
  0x0000016ed036a000 JavaThread "jar transforms Thread 59" [_thread_blocked, id=10588, stack(0x0000002f83d00000,0x0000002f83e00000)]
  0x0000016ed0365000 JavaThread "jar transforms Thread 60" [_thread_blocked, id=7840, stack(0x0000002f83e00000,0x0000002f83f00000)]
  0x0000016ed0368800 JavaThread "jar transforms Thread 61" [_thread_blocked, id=4608, stack(0x0000002f83f00000,0x0000002f84000000)]
  0x0000016ed0369000 JavaThread "jar transforms Thread 62" [_thread_blocked, id=16048, stack(0x0000002f84000000,0x0000002f84100000)]
  0x0000016ed036b000 JavaThread "jar transforms Thread 63" [_thread_blocked, id=16360, stack(0x0000002f84100000,0x0000002f84200000)]
  0x0000016ed036b800 JavaThread "jar transforms Thread 64" [_thread_blocked, id=16372, stack(0x0000002f84200000,0x0000002f84300000)]
  0x0000016ed0366000 JavaThread "jar transforms Thread 65" [_thread_blocked, id=10224, stack(0x0000002f84300000,0x0000002f84400000)]
  0x0000016ed036f800 JavaThread "jar transforms Thread 66" [_thread_blocked, id=5780, stack(0x0000002f84400000,0x0000002f84500000)]
  0x0000016ed036d000 JavaThread "jar transforms Thread 67" [_thread_blocked, id=16232, stack(0x0000002f84500000,0x0000002f84600000)]
  0x0000016ed036c800 JavaThread "jar transforms Thread 68" [_thread_blocked, id=15664, stack(0x0000002f84600000,0x0000002f84700000)]
  0x0000016ed036e000 JavaThread "jar transforms Thread 69" [_thread_blocked, id=13524, stack(0x0000002f84700000,0x0000002f84800000)]
  0x0000016ed036f000 JavaThread "jar transforms Thread 70" [_thread_blocked, id=8052, stack(0x0000002f84800000,0x0000002f84900000)]
  0x0000016ed093c800 JavaThread "jar transforms Thread 71" [_thread_blocked, id=6784, stack(0x0000002f84900000,0x0000002f84a00000)]
  0x0000016ed093c000 JavaThread "jar transforms Thread 72" [_thread_blocked, id=16988, stack(0x0000002f84a00000,0x0000002f84b00000)]
  0x0000016ed093e800 JavaThread "jar transforms Thread 73" [_thread_blocked, id=3244, stack(0x0000002f84b00000,0x0000002f84c00000)]
  0x0000016ed093d800 JavaThread "jar transforms Thread 74" [_thread_blocked, id=7092, stack(0x0000002f84c00000,0x0000002f84d00000)]
  0x0000016ed093f000 JavaThread "jar transforms Thread 75" [_thread_blocked, id=16192, stack(0x0000002f84d00000,0x0000002f84e00000)]
  0x0000016ed0940000 JavaThread "jar transforms Thread 76" [_thread_blocked, id=15884, stack(0x0000002f84e00000,0x0000002f84f00000)]
  0x0000016ed0940800 JavaThread "jar transforms Thread 77" [_thread_blocked, id=8072, stack(0x0000002f84f00000,0x0000002f85000000)]
  0x0000016ed093b000 JavaThread "jar transforms Thread 78" [_thread_blocked, id=15604, stack(0x0000002f85000000,0x0000002f85100000)]
  0x0000016ed0945800 JavaThread "jar transforms Thread 79" [_thread_blocked, id=7760, stack(0x0000002f85100000,0x0000002f85200000)]
  0x0000016ed0943000 JavaThread "jar transforms Thread 80" [_thread_blocked, id=1040, stack(0x0000002f85200000,0x0000002f85300000)]
  0x0000016ed0944000 JavaThread "jar transforms Thread 81" [_thread_blocked, id=3356, stack(0x0000002f85300000,0x0000002f85400000)]
  0x0000016ed0942800 JavaThread "jar transforms Thread 82" [_thread_blocked, id=12816, stack(0x0000002f85400000,0x0000002f85500000)]
  0x0000016ed0946800 JavaThread "jar transforms Thread 83" [_thread_blocked, id=15628, stack(0x0000002f85500000,0x0000002f85600000)]
  0x0000016ed0941800 JavaThread "jar transforms Thread 84" [_thread_blocked, id=16936, stack(0x0000002f85600000,0x0000002f85700000)]
  0x0000016ed0947000 JavaThread "jar transforms Thread 85" [_thread_blocked, id=12436, stack(0x0000002f85700000,0x0000002f85800000)]
  0x0000016ed0948000 JavaThread "jar transforms Thread 86" [_thread_blocked, id=16312, stack(0x0000002f85800000,0x0000002f85900000)]
  0x0000016ed0949800 JavaThread "jar transforms Thread 87" [_thread_blocked, id=16188, stack(0x0000002f85900000,0x0000002f85a00000)]
  0x0000016ed0945000 JavaThread "jar transforms Thread 88" [_thread_blocked, id=900, stack(0x0000002f85a00000,0x0000002f85b00000)]
  0x0000016ed0949000 JavaThread "jar transforms Thread 89" [_thread_blocked, id=15596, stack(0x0000002f85b00000,0x0000002f85c00000)]
  0x0000016ed0a73000 JavaThread "jar transforms Thread 90" [_thread_blocked, id=17352, stack(0x0000002f85c00000,0x0000002f85d00000)]
  0x0000016ed0a79000 JavaThread "jar transforms Thread 91" [_thread_blocked, id=15980, stack(0x0000002f85d00000,0x0000002f85e00000)]
  0x0000016ed0a79800 JavaThread "jar transforms Thread 92" [_thread_blocked, id=16620, stack(0x0000002f85e00000,0x0000002f85f00000)]
  0x0000016ed0a76800 JavaThread "jar transforms Thread 93" [_thread_blocked, id=16012, stack(0x0000002f85f00000,0x0000002f86000000)]
  0x0000016ed0a74000 JavaThread "jar transforms Thread 94" [_thread_blocked, id=15420, stack(0x0000002f86000000,0x0000002f86100000)]
  0x0000016ed0a77000 JavaThread "jar transforms Thread 95" [_thread_blocked, id=856, stack(0x0000002f86100000,0x0000002f86200000)]
  0x0000016ed0a78000 JavaThread "jar transforms Thread 96" [_thread_blocked, id=5488, stack(0x0000002f86200000,0x0000002f86300000)]
  0x0000016ed0a74800 JavaThread "jar transforms Thread 97" [_thread_blocked, id=13756, stack(0x0000002f86300000,0x0000002f86400000)]
  0x0000016ed0a7a800 JavaThread "jar transforms Thread 98" [_thread_blocked, id=10864, stack(0x0000002f86400000,0x0000002f86500000)]
  0x0000016ed0a75800 JavaThread "jar transforms Thread 99" [_thread_blocked, id=7456, stack(0x0000002f86500000,0x0000002f86600000)]
  0x0000016ed0a7d000 JavaThread "jar transforms Thread 100" [_thread_blocked, id=15816, stack(0x0000002f86600000,0x0000002f86700000)]
  0x0000016ed0a81000 JavaThread "jar transforms Thread 101" [_thread_blocked, id=12756, stack(0x0000002f86700000,0x0000002f86800000)]
  0x0000016ed0a7d800 JavaThread "jar transforms Thread 102" [_thread_blocked, id=16564, stack(0x0000002f86800000,0x0000002f86900000)]
  0x0000016ed0a7e800 JavaThread "jar transforms Thread 103" [_thread_blocked, id=4976, stack(0x0000002f86900000,0x0000002f86a00000)]
  0x0000016ed0a80000 JavaThread "jar transforms Thread 104" [_thread_blocked, id=11436, stack(0x0000002f86a00000,0x0000002f86b00000)]
  0x0000016ed0a7c000 JavaThread "jar transforms Thread 105" [_thread_blocked, id=15008, stack(0x0000002f86b00000,0x0000002f86c00000)]
  0x0000016ed0a7f800 JavaThread "jar transforms Thread 106" [_thread_blocked, id=9312, stack(0x0000002f86c00000,0x0000002f86d00000)]
  0x0000016ed0a7b800 JavaThread "jar transforms Thread 107" [_thread_blocked, id=14844, stack(0x0000002f86d00000,0x0000002f86e00000)]
  0x0000016ed0a82000 JavaThread "jar transforms Thread 108" [_thread_blocked, id=17056, stack(0x0000002f86e00000,0x0000002f86f00000)]
  0x0000016ed1840000 JavaThread "jar transforms Thread 109" [_thread_blocked, id=12996, stack(0x0000002f86f00000,0x0000002f87000000)]
  0x0000016ed183d000 JavaThread "jar transforms Thread 110" [_thread_blocked, id=16328, stack(0x0000002f87000000,0x0000002f87100000)]
  0x0000016ed183f800 JavaThread "jar transforms Thread 111" [_thread_blocked, id=12792, stack(0x0000002f87100000,0x0000002f87200000)]
  0x0000016ed183d800 JavaThread "jar transforms Thread 112" [_thread_blocked, id=12268, stack(0x0000002f87200000,0x0000002f87300000)]
  0x0000016ed183e800 JavaThread "jar transforms Thread 113" [_thread_blocked, id=14840, stack(0x0000002f87300000,0x0000002f87400000)]
  0x0000016ed183a800 JavaThread "jar transforms Thread 114" [_thread_blocked, id=4968, stack(0x0000002f87400000,0x0000002f87500000)]
  0x0000016ed183b000 JavaThread "jar transforms Thread 115" [_thread_blocked, id=13592, stack(0x0000002f87500000,0x0000002f87600000)]
  0x0000016ed1841000 JavaThread "jar transforms Thread 116" [_thread_blocked, id=15660, stack(0x0000002f87600000,0x0000002f87700000)]
  0x0000016ed183c000 JavaThread "jar transforms Thread 117" [_thread_blocked, id=15648, stack(0x0000002f87700000,0x0000002f87800000)]
  0x0000016ed14ca800 JavaThread "jar transforms Thread 118" [_thread_blocked, id=16888, stack(0x0000002f87800000,0x0000002f87900000)]
  0x0000016ed14cb800 JavaThread "jar transforms Thread 119" [_thread_blocked, id=16860, stack(0x0000002f87900000,0x0000002f87a00000)]
  0x0000016ed14cd000 JavaThread "jar transforms Thread 120" [_thread_blocked, id=16452, stack(0x0000002f87a00000,0x0000002f87b00000)]
  0x0000016ed14c7800 JavaThread "jar transforms Thread 121" [_thread_blocked, id=1804, stack(0x0000002f87b00000,0x0000002f87c00000)]
  0x0000016ed14c8000 JavaThread "jar transforms Thread 122" [_thread_blocked, id=8144, stack(0x0000002f87c00000,0x0000002f87d00000)]
  0x0000016ed14cc000 JavaThread "jar transforms Thread 123" [_thread_blocked, id=3492, stack(0x0000002f87d00000,0x0000002f87e00000)]
  0x0000016ed14ce000 JavaThread "jar transforms Thread 124" [_thread_blocked, id=4960, stack(0x0000002f87e00000,0x0000002f87f00000)]
  0x0000016ed14ce800 JavaThread "Memory manager" [_thread_blocked, id=15788, stack(0x0000002f88000000,0x0000002f88100000)]
  0x0000016ed14c9800 JavaThread "build event listener" [_thread_blocked, id=3008, stack(0x0000002f88100000,0x0000002f88200000)]
  0x0000016ed14c9000 JavaThread "build event listener" [_thread_blocked, id=16736, stack(0x0000002f88200000,0x0000002f88300000)]
  0x0000016ed14d2000 JavaThread "Execution worker for ':'" [_thread_blocked, id=6056, stack(0x0000002f88300000,0x0000002f88400000)]
  0x0000016ed14d1000 JavaThread "Execution worker for ':' Thread 2" [_thread_blocked, id=15592, stack(0x0000002f88400000,0x0000002f88500000)]
  0x0000016ed14d2800 JavaThread "Execution worker for ':' Thread 3" [_thread_blocked, id=13876, stack(0x0000002f88500000,0x0000002f88600000)]
  0x0000016ed14cf800 JavaThread "Cache worker for execution history cache (D:\gthrAndroid\.gradle\6.7.1\executionHistory)" [_thread_blocked, id=15772, stack(0x0000002f88600000,0x0000002f88700000)]
  0x0000016ed14d4800 JavaThread "WorkerExecutor Queue" [_thread_in_native, id=7568, stack(0x0000002f88700000,0x0000002f88800000)]
  0x0000016ed14d5000 JavaThread "pool-4-thread-1" [_thread_blocked, id=3728, stack(0x0000002f88800000,0x0000002f88900000)]
  0x0000016ed14d6000 JavaThread "stderr" [_thread_in_native, id=13392, stack(0x0000002f88900000,0x0000002f88a00000)]
  0x0000016ed14d0800 JavaThread "stdout" [_thread_in_native, id=15012, stack(0x0000002f88a00000,0x0000002f88b00000)]
  0x0000016ed1776000 JavaThread "WorkerExecutor Queue Thread 2" [_thread_blocked, id=15720, stack(0x0000002f88b00000,0x0000002f88c00000)]
  0x0000016ed1778800 JavaThread "WorkerExecutor Queue Thread 3" [_thread_in_vm, id=10064, stack(0x0000002f88c00000,0x0000002f88d00000)]
  0x0000016ed1777000 JavaThread "WorkerExecutor Queue Thread 4" [_thread_blocked, id=640, stack(0x0000002f88d00000,0x0000002f88e00000)]

Other Threads:
  0x0000016ecd906800 VMThread "VM Thread" [stack: 0x0000002ffda00000,0x0000002ffdb00000] [id=12572]
  0x0000016ece422000 WatcherThread [stack: 0x0000002ffe400000,0x0000002ffe500000] [id=5988]
  0x0000016eb1f71000 GCTaskThread "GC Thread#0" [stack: 0x0000002ffd500000,0x0000002ffd600000] [id=14388]
  0x0000016eceb37800 GCTaskThread "GC Thread#1" [stack: 0x0000002ffe600000,0x0000002ffe700000] [id=10804]
  0x0000016ed0110000 GCTaskThread "GC Thread#2" [stack: 0x0000002fff200000,0x0000002fff300000] [id=16724]
  0x0000016ecf4fe000 GCTaskThread "GC Thread#3" [stack: 0x0000002fff300000,0x0000002fff400000] [id=15960]
  0x0000016eb1fa2000 ConcurrentGCThread "G1 Main Marker" [stack: 0x0000002ffd600000,0x0000002ffd700000] [id=16348]
  0x0000016eb1fa4800 ConcurrentGCThread "G1 Conc#0" [stack: 0x0000002ffd700000,0x0000002ffd800000] [id=1048]
  0x0000016eb202f800 ConcurrentGCThread "G1 Refine#0" [stack: 0x0000002ffd800000,0x0000002ffd900000] [id=16060]
  0x0000016ed1c06800 ConcurrentGCThread "G1 Refine#1" [stack: 0x0000002f87f00000,0x0000002f88000000] [id=16812]
  0x0000016eb2030800 ConcurrentGCThread "G1 Young RemSet Sampling" [stack: 0x0000002ffd900000,0x0000002ffda00000] [id=7864]

Threads with active compile tasks:
C2 CompilerThread0  21759 10800       4       org.gradle.cache.internal.CrossProcessSynchronizingCache$1::create (17 bytes)
C2 CompilerThread1  21759 10805   !   4       org.gradle.cache.internal.LockOnDemandCrossProcessCacheAccess::withFileLock (24 bytes)

VM state:not at safepoint (normal execution)

VM Mutex/Monitor currently owned by a thread: None

Heap address: 0x0000000080000000, size: 2048 MB, Compressed Oops mode: 32-bit
Narrow klass base: 0x0000000000000000, Narrow klass shift: 3
Compressed class space size: 1073741824 Address: 0x0000000100000000

Heap:
 garbage-first heap   total 272384K, used 159050K [0x0000000080000000, 0x0000000100000000)
  region size 1024K, 42 young (43008K), 16 survivors (16384K)
 Metaspace       used 87955K, capacity 90055K, committed 90240K, reserved 1128448K
  class space    used 11323K, capacity 12065K, committed 12160K, reserved 1048576K
Heap Regions: E=young(eden), S=young(survivor), O=old, HS=humongous(starts), HC=humongous(continues), CS=collection set, F=free, A=archive, TAMS=top-at-mark-start (previous, next)
|   0|0x0000000080000000, 0x0000000080100000, 0x0000000080100000|100%| O|  |TAMS 0x0000000080100000, 0x0000000080000000| Untracked 
|   1|0x0000000080100000, 0x0000000080200000, 0x0000000080200000|100%| O|  |TAMS 0x0000000080200000, 0x0000000080100000| Untracked 
|   2|0x0000000080200000, 0x0000000080300000, 0x0000000080300000|100%| O|  |TAMS 0x0000000080300000, 0x0000000080200000| Untracked 
|   3|0x0000000080300000, 0x0000000080400000, 0x0000000080400000|100%|HS|  |TAMS 0x0000000080400000, 0x0000000080300000| Complete 
|   4|0x0000000080400000, 0x0000000080500000, 0x0000000080500000|100%|HC|  |TAMS 0x0000000080500000, 0x0000000080400000| Complete 
|   5|0x0000000080500000, 0x0000000080600000, 0x0000000080600000|100%|HC|  |TAMS 0x0000000080600000, 0x0000000080500000| Complete 
|   6|0x0000000080600000, 0x0000000080700000, 0x0000000080700000|100%| O|  |TAMS 0x0000000080700000, 0x0000000080600000| Untracked 
|   7|0x0000000080700000, 0x0000000080800000, 0x0000000080800000|100%| O|  |TAMS 0x0000000080800000, 0x0000000080700000| Untracked 
|   8|0x0000000080800000, 0x0000000080900000, 0x0000000080900000|100%| O|  |TAMS 0x0000000080900000, 0x0000000080800000| Untracked 
|   9|0x0000000080900000, 0x0000000080a00000, 0x0000000080a00000|100%| O|  |TAMS 0x0000000080a00000, 0x0000000080900000| Untracked 
|  10|0x0000000080a00000, 0x0000000080b00000, 0x0000000080b00000|100%| O|  |TAMS 0x0000000080b00000, 0x0000000080a00000| Untracked 
|  11|0x0000000080b00000, 0x0000000080c00000, 0x0000000080c00000|100%| O|  |TAMS 0x0000000080c00000, 0x0000000080b00000| Untracked 
|  12|0x0000000080c00000, 0x0000000080d00000, 0x0000000080d00000|100%| O|  |TAMS 0x0000000080d00000, 0x0000000080c00000| Untracked 
|  13|0x0000000080d00000, 0x0000000080e00000, 0x0000000080e00000|100%| O|  |TAMS 0x0000000080e00000, 0x0000000080d00000| Untracked 
|  14|0x0000000080e00000, 0x0000000080f00000, 0x0000000080f00000|100%| O|  |TAMS 0x0000000080f00000, 0x0000000080e00000| Untracked 
|  15|0x0000000080f00000, 0x0000000081000000, 0x0000000081000000|100%| O|  |TAMS 0x0000000081000000, 0x0000000080f00000| Untracked 
|  16|0x0000000081000000, 0x0000000081100000, 0x0000000081100000|100%|HS|  |TAMS 0x0000000081100000, 0x0000000081000000| Complete 
|  17|0x0000000081100000, 0x0000000081200000, 0x0000000081200000|100%|HS|  |TAMS 0x0000000081200000, 0x0000000081100000| Complete 
|  18|0x0000000081200000, 0x0000000081300000, 0x0000000081300000|100%|HC|  |TAMS 0x0000000081300000, 0x0000000081200000| Complete 
|  19|0x0000000081300000, 0x0000000081400000, 0x0000000081400000|100%|HC|  |TAMS 0x0000000081400000, 0x0000000081300000| Complete 
|  20|0x0000000081400000, 0x0000000081500000, 0x0000000081500000|100%|HS|  |TAMS 0x0000000081500000, 0x0000000081400000| Complete 
|  21|0x0000000081500000, 0x0000000081600000, 0x0000000081600000|100%|HC|  |TAMS 0x0000000081600000, 0x0000000081500000| Complete 
|  22|0x0000000081600000, 0x0000000081700000, 0x0000000081700000|100%| O|  |TAMS 0x0000000081700000, 0x0000000081600000| Untracked 
|  23|0x0000000081700000, 0x0000000081800000, 0x0000000081800000|100%| O|  |TAMS 0x0000000081800000, 0x0000000081700000| Untracked 
|  24|0x0000000081800000, 0x0000000081900000, 0x0000000081900000|100%| O|  |TAMS 0x0000000081900000, 0x0000000081800000| Untracked 
|  25|0x0000000081900000, 0x0000000081a00000, 0x0000000081a00000|100%| O|  |TAMS 0x0000000081a00000, 0x0000000081900000| Untracked 
|  26|0x0000000081a00000, 0x0000000081b00000, 0x0000000081b00000|100%| O|  |TAMS 0x0000000081b00000, 0x0000000081a00000| Untracked 
|  27|0x0000000081b00000, 0x0000000081c00000, 0x0000000081c00000|100%| O|  |TAMS 0x0000000081c00000, 0x0000000081b00000| Untracked 
|  28|0x0000000081c00000, 0x0000000081d00000, 0x0000000081d00000|100%| O|  |TAMS 0x0000000081d00000, 0x0000000081c00000| Untracked 
|  29|0x0000000081d00000, 0x0000000081e00000, 0x0000000081e00000|100%| O|  |TAMS 0x0000000081e00000, 0x0000000081d00000| Untracked 
|  30|0x0000000081e00000, 0x0000000081f00000, 0x0000000081f00000|100%| O|  |TAMS 0x0000000081f00000, 0x0000000081e00000| Untracked 
|  31|0x0000000081f00000, 0x0000000082000000, 0x0000000082000000|100%| O|  |TAMS 0x0000000082000000, 0x0000000081f00000| Untracked 
|  32|0x0000000082000000, 0x0000000082100000, 0x0000000082100000|100%| O|  |TAMS 0x0000000082100000, 0x0000000082000000| Untracked 
|  33|0x0000000082100000, 0x0000000082200000, 0x0000000082200000|100%| O|  |TAMS 0x0000000082200000, 0x0000000082100000| Untracked 
|  34|0x0000000082200000, 0x0000000082300000, 0x0000000082300000|100%| O|  |TAMS 0x0000000082300000, 0x0000000082200000| Untracked 
|  35|0x0000000082300000, 0x0000000082400000, 0x0000000082400000|100%| O|  |TAMS 0x0000000082400000, 0x0000000082300000| Untracked 
|  36|0x0000000082400000, 0x0000000082500000, 0x0000000082500000|100%| O|  |TAMS 0x0000000082500000, 0x0000000082400000| Untracked 
|  37|0x0000000082500000, 0x0000000082600000, 0x0000000082600000|100%| O|  |TAMS 0x0000000082600000, 0x0000000082500000| Untracked 
|  38|0x0000000082600000, 0x0000000082700000, 0x0000000082700000|100%| O|  |TAMS 0x0000000082700000, 0x0000000082600000| Untracked 
|  39|0x0000000082700000, 0x0000000082800000, 0x0000000082800000|100%| O|  |TAMS 0x0000000082800000, 0x0000000082700000| Untracked 
|  40|0x0000000082800000, 0x0000000082900000, 0x0000000082900000|100%| O|  |TAMS 0x0000000082900000, 0x0000000082800000| Untracked 
|  41|0x0000000082900000, 0x0000000082a00000, 0x0000000082a00000|100%| O|  |TAMS 0x0000000082a00000, 0x0000000082900000| Untracked 
|  42|0x0000000082a00000, 0x0000000082b00000, 0x0000000082b00000|100%| O|  |TAMS 0x0000000082b00000, 0x0000000082a00000| Untracked 
|  43|0x0000000082b00000, 0x0000000082c00000, 0x0000000082c00000|100%| O|  |TAMS 0x0000000082c00000, 0x0000000082b00000| Untracked 
|  44|0x0000000082c00000, 0x0000000082d00000, 0x0000000082d00000|100%| O|  |TAMS 0x0000000082c51000, 0x0000000082c00000| Untracked 
|  45|0x0000000082d00000, 0x0000000082e00000, 0x0000000082e00000|100%| O|  |TAMS 0x0000000082d00000, 0x0000000082d00000| Untracked 
|  46|0x0000000082e00000, 0x0000000082f00000, 0x0000000082f00000|100%| O|  |TAMS 0x0000000082e00000, 0x0000000082e00000| Untracked 
|  47|0x0000000082f00000, 0x0000000083000000, 0x0000000083000000|100%| O|  |TAMS 0x0000000082f00000, 0x0000000082f00000| Untracked 
|  48|0x0000000083000000, 0x0000000083100000, 0x0000000083100000|100%| O|  |TAMS 0x0000000083000000, 0x0000000083000000| Untracked 
|  49|0x0000000083100000, 0x0000000083200000, 0x0000000083200000|100%| O|  |TAMS 0x0000000083100000, 0x0000000083100000| Untracked 
|  50|0x0000000083200000, 0x0000000083300000, 0x0000000083300000|100%| O|  |TAMS 0x0000000083200000, 0x0000000083200000| Untracked 
|  51|0x0000000083300000, 0x0000000083400000, 0x0000000083400000|100%| O|  |TAMS 0x0000000083300000, 0x0000000083300000| Untracked 
|  52|0x0000000083400000, 0x0000000083500000, 0x0000000083500000|100%| O|  |TAMS 0x0000000083400000, 0x0000000083400000| Untracked 
|  53|0x0000000083500000, 0x0000000083600000, 0x0000000083600000|100%| O|  |TAMS 0x0000000083500000, 0x0000000083500000| Untracked 
|  54|0x0000000083600000, 0x0000000083700000, 0x0000000083700000|100%| O|  |TAMS 0x0000000083600000, 0x0000000083600000| Untracked 
|  55|0x0000000083700000, 0x0000000083800000, 0x0000000083800000|100%| O|  |TAMS 0x0000000083700000, 0x0000000083700000| Untracked 
|  56|0x0000000083800000, 0x0000000083900000, 0x0000000083900000|100%| O|  |TAMS 0x0000000083800000, 0x0000000083800000| Untracked 
|  57|0x0000000083900000, 0x0000000083a00000, 0x0000000083a00000|100%| O|  |TAMS 0x0000000083900000, 0x0000000083900000| Untracked 
|  58|0x0000000083a00000, 0x0000000083b00000, 0x0000000083b00000|100%| O|  |TAMS 0x0000000083a00000, 0x0000000083a00000| Untracked 
|  59|0x0000000083b00000, 0x0000000083c00000, 0x0000000083c00000|100%| O|  |TAMS 0x0000000083b00000, 0x0000000083b00000| Untracked 
|  60|0x0000000083c00000, 0x0000000083d00000, 0x0000000083d00000|100%| O|  |TAMS 0x0000000083c00000, 0x0000000083c00000| Untracked 
|  61|0x0000000083d00000, 0x0000000083e00000, 0x0000000083e00000|100%| O|  |TAMS 0x0000000083d00000, 0x0000000083d00000| Untracked 
|  62|0x0000000083e00000, 0x0000000083f00000, 0x0000000083f00000|100%| O|  |TAMS 0x0000000083e00000, 0x0000000083e00000| Untracked 
|  63|0x0000000083f00000, 0x0000000084000000, 0x0000000084000000|100%| O|  |TAMS 0x0000000083f00000, 0x0000000083f00000| Untracked 
|  64|0x0000000084000000, 0x0000000084100000, 0x0000000084100000|100%| O|  |TAMS 0x0000000084000000, 0x0000000084000000| Untracked 
|  65|0x0000000084100000, 0x0000000084200000, 0x0000000084200000|100%| O|  |TAMS 0x0000000084100000, 0x0000000084100000| Untracked 
|  66|0x0000000084200000, 0x0000000084300000, 0x0000000084300000|100%| O|  |TAMS 0x0000000084200000, 0x0000000084200000| Untracked 
|  67|0x0000000084300000, 0x0000000084400000, 0x0000000084400000|100%| O|  |TAMS 0x0000000084300000, 0x0000000084300000| Untracked 
|  68|0x0000000084400000, 0x0000000084500000, 0x0000000084500000|100%| O|  |TAMS 0x0000000084400000, 0x0000000084400000| Untracked 
|  69|0x0000000084500000, 0x0000000084600000, 0x0000000084600000|100%| O|  |TAMS 0x0000000084500000, 0x0000000084500000| Untracked 
|  70|0x0000000084600000, 0x0000000084700000, 0x0000000084700000|100%| O|  |TAMS 0x0000000084600000, 0x0000000084600000| Untracked 
|  71|0x0000000084700000, 0x0000000084800000, 0x0000000084800000|100%| O|  |TAMS 0x0000000084700000, 0x0000000084700000| Untracked 
|  72|0x0000000084800000, 0x0000000084900000, 0x0000000084900000|100%| O|  |TAMS 0x0000000084800000, 0x0000000084800000| Untracked 
|  73|0x0000000084900000, 0x0000000084a00000, 0x0000000084a00000|100%| O|  |TAMS 0x0000000084900000, 0x0000000084900000| Untracked 
|  74|0x0000000084a00000, 0x0000000084b00000, 0x0000000084b00000|100%| O|  |TAMS 0x0000000084a00000, 0x0000000084a00000| Untracked 
|  75|0x0000000084b00000, 0x0000000084c00000, 0x0000000084c00000|100%| O|  |TAMS 0x0000000084b00000, 0x0000000084b00000| Untracked 
|  76|0x0000000084c00000, 0x0000000084d00000, 0x0000000084d00000|100%| O|  |TAMS 0x0000000084c00000, 0x0000000084c00000| Untracked 
|  77|0x0000000084d00000, 0x0000000084e00000, 0x0000000084e00000|100%| O|  |TAMS 0x0000000084d00000, 0x0000000084d00000| Untracked 
|  78|0x0000000084e00000, 0x0000000084f00000, 0x0000000084f00000|100%| O|  |TAMS 0x0000000084e00000, 0x0000000084e00000| Untracked 
|  79|0x0000000084f00000, 0x0000000085000000, 0x0000000085000000|100%| O|  |TAMS 0x0000000084f00000, 0x0000000084f00000| Untracked 
|  80|0x0000000085000000, 0x0000000085100000, 0x0000000085100000|100%| O|  |TAMS 0x0000000085000000, 0x0000000085000000| Untracked 
|  81|0x0000000085100000, 0x0000000085200000, 0x0000000085200000|100%| O|  |TAMS 0x0000000085100000, 0x0000000085100000| Untracked 
|  82|0x0000000085200000, 0x0000000085300000, 0x0000000085300000|100%| O|  |TAMS 0x0000000085200000, 0x0000000085200000| Untracked 
|  83|0x0000000085300000, 0x0000000085400000, 0x0000000085400000|100%| O|  |TAMS 0x0000000085300000, 0x0000000085300000| Untracked 
|  84|0x0000000085400000, 0x0000000085500000, 0x0000000085500000|100%| O|  |TAMS 0x0000000085400000, 0x0000000085400000| Untracked 
|  85|0x0000000085500000, 0x0000000085600000, 0x0000000085600000|100%|HS|  |TAMS 0x0000000085500000, 0x0000000085500000| Complete 
|  86|0x0000000085600000, 0x0000000085700000, 0x0000000085700000|100%|HC|  |TAMS 0x0000000085600000, 0x0000000085600000| Complete 
|  87|0x0000000085700000, 0x0000000085800000, 0x0000000085800000|100%|HS|  |TAMS 0x0000000085700000, 0x0000000085700000| Complete 
|  88|0x0000000085800000, 0x0000000085900000, 0x0000000085900000|100%|HC|  |TAMS 0x0000000085800000, 0x0000000085800000| Complete 
|  89|0x0000000085900000, 0x0000000085a00000, 0x0000000085a00000|100%|HC|  |TAMS 0x0000000085900000, 0x0000000085900000| Complete 
|  90|0x0000000085a00000, 0x0000000085b00000, 0x0000000085b00000|100%|HS|  |TAMS 0x0000000085a00000, 0x0000000085a00000| Complete 
|  91|0x0000000085b00000, 0x0000000085c00000, 0x0000000085c00000|100%|HC|  |TAMS 0x0000000085b00000, 0x0000000085b00000| Complete 
|  92|0x0000000085c00000, 0x0000000085d00000, 0x0000000085d00000|100%|HC|  |TAMS 0x0000000085c00000, 0x0000000085c00000| Complete 
|  93|0x0000000085d00000, 0x0000000085e00000, 0x0000000085e00000|100%|HS|  |TAMS 0x0000000085d00000, 0x0000000085d00000| Complete 
|  94|0x0000000085e00000, 0x0000000085f00000, 0x0000000085f00000|100%|HS|  |TAMS 0x0000000085e00000, 0x0000000085e00000| Complete 
|  95|0x0000000085f00000, 0x0000000086000000, 0x0000000086000000|100%|HC|  |TAMS 0x0000000085f00000, 0x0000000085f00000| Complete 
|  96|0x0000000086000000, 0x0000000086100000, 0x0000000086100000|100%|HS|  |TAMS 0x0000000086000000, 0x0000000086000000| Complete 
|  97|0x0000000086100000, 0x0000000086200000, 0x0000000086200000|100%|HC|  |TAMS 0x0000000086100000, 0x0000000086100000| Complete 
|  98|0x0000000086200000, 0x0000000086300000, 0x0000000086300000|100%|HS|  |TAMS 0x0000000086200000, 0x0000000086200000| Complete 
|  99|0x0000000086300000, 0x0000000086400000, 0x0000000086400000|100%|HC|  |TAMS 0x0000000086300000, 0x0000000086300000| Complete 
| 100|0x0000000086400000, 0x0000000086500000, 0x0000000086500000|100%|HC|  |TAMS 0x0000000086400000, 0x0000000086400000| Complete 
| 101|0x0000000086500000, 0x0000000086600000, 0x0000000086600000|100%|HS|  |TAMS 0x0000000086500000, 0x0000000086500000| Complete 
| 102|0x0000000086600000, 0x0000000086700000, 0x0000000086700000|100%|HC|  |TAMS 0x0000000086600000, 0x0000000086600000| Complete 
| 103|0x0000000086700000, 0x0000000086800000, 0x0000000086800000|100%| O|  |TAMS 0x0000000086700000, 0x0000000086700000| Untracked 
| 104|0x0000000086800000, 0x0000000086900000, 0x0000000086900000|100%| O|  |TAMS 0x0000000086800000, 0x0000000086800000| Untracked 
| 105|0x0000000086900000, 0x0000000086a00000, 0x0000000086a00000|100%| O|  |TAMS 0x0000000086900000, 0x0000000086900000| Untracked 
| 106|0x0000000086a00000, 0x0000000086a52a00, 0x0000000086b00000| 32%| O|  |TAMS 0x0000000086a00000, 0x0000000086a00000| Untracked 
| 107|0x0000000086b00000, 0x0000000086c00000, 0x0000000086c00000|100%|HS|  |TAMS 0x0000000086b00000, 0x0000000086b00000| Complete 
| 108|0x0000000086c00000, 0x0000000086d00000, 0x0000000086d00000|100%|HS|  |TAMS 0x0000000086c00000, 0x0000000086c00000| Complete 
| 109|0x0000000086d00000, 0x0000000086e00000, 0x0000000086e00000|100%|HS|  |TAMS 0x0000000086d00000, 0x0000000086d00000| Complete 
| 110|0x0000000086e00000, 0x0000000086f00000, 0x0000000086f00000|100%|HS|  |TAMS 0x0000000086e00000, 0x0000000086e00000| Complete 
| 111|0x0000000086f00000, 0x0000000087000000, 0x0000000087000000|100%|HS|  |TAMS 0x0000000086f00000, 0x0000000086f00000| Complete 
| 112|0x0000000087000000, 0x0000000087100000, 0x0000000087100000|100%|HS|  |TAMS 0x0000000087000000, 0x0000000087000000| Complete 
| 113|0x0000000087100000, 0x0000000087200000, 0x0000000087200000|100%|HS|  |TAMS 0x0000000087100000, 0x0000000087100000| Complete 
| 114|0x0000000087200000, 0x0000000087300000, 0x0000000087300000|100%|HC|  |TAMS 0x0000000087200000, 0x0000000087200000| Complete 
| 115|0x0000000087300000, 0x0000000087400000, 0x0000000087400000|100%|HC|  |TAMS 0x0000000087300000, 0x0000000087300000| Complete 
| 116|0x0000000087400000, 0x0000000087400000, 0x0000000087500000|  0%| F|  |TAMS 0x0000000087400000, 0x0000000087400000| Untracked 
| 117|0x0000000087500000, 0x0000000087500000, 0x0000000087600000|  0%| F|  |TAMS 0x0000000087500000, 0x0000000087500000| Untracked 
| 118|0x0000000087600000, 0x0000000087600000, 0x0000000087700000|  0%| F|  |TAMS 0x0000000087600000, 0x0000000087600000| Untracked 
| 119|0x0000000087700000, 0x0000000087700000, 0x0000000087800000|  0%| F|  |TAMS 0x0000000087700000, 0x0000000087700000| Untracked 
| 120|0x0000000087800000, 0x0000000087800000, 0x0000000087900000|  0%| F|  |TAMS 0x0000000087800000, 0x0000000087800000| Untracked 
| 121|0x0000000087900000, 0x0000000087900000, 0x0000000087a00000|  0%| F|  |TAMS 0x0000000087900000, 0x0000000087900000| Untracked 
| 122|0x0000000087a00000, 0x0000000087a00000, 0x0000000087b00000|  0%| F|  |TAMS 0x0000000087a00000, 0x0000000087a00000| Untracked 
| 123|0x0000000087b00000, 0x0000000087b00000, 0x0000000087c00000|  0%| F|  |TAMS 0x0000000087b00000, 0x0000000087b00000| Untracked 
| 124|0x0000000087c00000, 0x0000000087c00000, 0x0000000087d00000|  0%| F|  |TAMS 0x0000000087c00000, 0x0000000087c00000| Untracked 
| 125|0x0000000087d00000, 0x0000000087d00000, 0x0000000087e00000|  0%| F|  |TAMS 0x0000000087d00000, 0x0000000087d00000| Untracked 
| 126|0x0000000087e00000, 0x0000000087e00000, 0x0000000087f00000|  0%| F|  |TAMS 0x0000000087e00000, 0x0000000087e00000| Untracked 
| 127|0x0000000087f00000, 0x0000000087f00000, 0x0000000088000000|  0%| F|  |TAMS 0x0000000087f00000, 0x0000000087f00000| Untracked 
| 128|0x0000000088000000, 0x0000000088000000, 0x0000000088100000|  0%| F|  |TAMS 0x0000000088000000, 0x0000000088000000| Untracked 
| 129|0x0000000088100000, 0x0000000088100000, 0x0000000088200000|  0%| F|  |TAMS 0x0000000088100000, 0x0000000088100000| Untracked 
| 130|0x0000000088200000, 0x0000000088200000, 0x0000000088300000|  0%| F|  |TAMS 0x0000000088200000, 0x0000000088200000| Untracked 
| 131|0x0000000088300000, 0x0000000088300000, 0x0000000088400000|  0%| F|  |TAMS 0x0000000088300000, 0x0000000088300000| Untracked 
| 132|0x0000000088400000, 0x0000000088400000, 0x0000000088500000|  0%| F|  |TAMS 0x0000000088400000, 0x0000000088400000| Untracked 
| 133|0x0000000088500000, 0x0000000088600000, 0x0000000088600000|100%| S|CS|TAMS 0x0000000088500000, 0x0000000088500000| Complete 
| 134|0x0000000088600000, 0x0000000088600000, 0x0000000088700000|  0%| F|  |TAMS 0x0000000088600000, 0x0000000088600000| Untracked 
| 135|0x0000000088700000, 0x0000000088700000, 0x0000000088800000|  0%| F|  |TAMS 0x0000000088700000, 0x0000000088700000| Untracked 
| 136|0x0000000088800000, 0x0000000088900000, 0x0000000088900000|100%| S|CS|TAMS 0x0000000088800000, 0x0000000088800000| Complete 
| 137|0x0000000088900000, 0x0000000088a00000, 0x0000000088a00000|100%| S|CS|TAMS 0x0000000088900000, 0x0000000088900000| Complete 
| 138|0x0000000088a00000, 0x0000000088b00000, 0x0000000088b00000|100%| S|CS|TAMS 0x0000000088a00000, 0x0000000088a00000| Complete 
| 139|0x0000000088b00000, 0x0000000088c00000, 0x0000000088c00000|100%| S|CS|TAMS 0x0000000088b00000, 0x0000000088b00000| Complete 
| 140|0x0000000088c00000, 0x0000000088d00000, 0x0000000088d00000|100%| S|CS|TAMS 0x0000000088c00000, 0x0000000088c00000| Complete 
| 141|0x0000000088d00000, 0x0000000088e00000, 0x0000000088e00000|100%| S|CS|TAMS 0x0000000088d00000, 0x0000000088d00000| Complete 
| 142|0x0000000088e00000, 0x0000000088f00000, 0x0000000088f00000|100%| S|CS|TAMS 0x0000000088e00000, 0x0000000088e00000| Complete 
| 143|0x0000000088f00000, 0x0000000089000000, 0x0000000089000000|100%| S|CS|TAMS 0x0000000088f00000, 0x0000000088f00000| Complete 
| 144|0x0000000089000000, 0x0000000089100000, 0x0000000089100000|100%| S|CS|TAMS 0x0000000089000000, 0x0000000089000000| Complete 
| 145|0x0000000089100000, 0x0000000089200000, 0x0000000089200000|100%| S|CS|TAMS 0x0000000089100000, 0x0000000089100000| Complete 
| 146|0x0000000089200000, 0x0000000089300000, 0x0000000089300000|100%| S|CS|TAMS 0x0000000089200000, 0x0000000089200000| Complete 
| 147|0x0000000089300000, 0x0000000089400000, 0x0000000089400000|100%| S|CS|TAMS 0x0000000089300000, 0x0000000089300000| Complete 
| 148|0x0000000089400000, 0x0000000089500000, 0x0000000089500000|100%| S|CS|TAMS 0x0000000089400000, 0x0000000089400000| Complete 
| 149|0x0000000089500000, 0x0000000089600000, 0x0000000089600000|100%| S|CS|TAMS 0x0000000089500000, 0x0000000089500000| Complete 
| 150|0x0000000089600000, 0x0000000089700000, 0x0000000089700000|100%| S|CS|TAMS 0x0000000089600000, 0x0000000089600000| Complete 
| 151|0x0000000089700000, 0x0000000089700000, 0x0000000089800000|  0%| F|  |TAMS 0x0000000089700000, 0x0000000089700000| Untracked 
| 152|0x0000000089800000, 0x0000000089800000, 0x0000000089900000|  0%| F|  |TAMS 0x0000000089800000, 0x0000000089800000| Untracked 
| 153|0x0000000089900000, 0x0000000089900000, 0x0000000089a00000|  0%| F|  |TAMS 0x0000000089900000, 0x0000000089900000| Untracked 
| 154|0x0000000089a00000, 0x0000000089a00000, 0x0000000089b00000|  0%| F|  |TAMS 0x0000000089a00000, 0x0000000089a00000| Untracked 
| 155|0x0000000089b00000, 0x0000000089b00000, 0x0000000089c00000|  0%| F|  |TAMS 0x0000000089b00000, 0x0000000089b00000| Untracked 
| 156|0x0000000089c00000, 0x0000000089c00000, 0x0000000089d00000|  0%| F|  |TAMS 0x0000000089c00000, 0x0000000089c00000| Untracked 
| 157|0x0000000089d00000, 0x0000000089d00000, 0x0000000089e00000|  0%| F|  |TAMS 0x0000000089d00000, 0x0000000089d00000| Untracked 
| 158|0x0000000089e00000, 0x0000000089e00000, 0x0000000089f00000|  0%| F|  |TAMS 0x0000000089e00000, 0x0000000089e00000| Untracked 
| 159|0x0000000089f00000, 0x0000000089f00000, 0x000000008a000000|  0%| F|  |TAMS 0x0000000089f00000, 0x0000000089f00000| Untracked 
| 160|0x000000008a000000, 0x000000008a000000, 0x000000008a100000|  0%| F|  |TAMS 0x000000008a000000, 0x000000008a000000| Untracked 
| 161|0x000000008a100000, 0x000000008a100000, 0x000000008a200000|  0%| F|  |TAMS 0x000000008a100000, 0x000000008a100000| Untracked 
| 162|0x000000008a200000, 0x000000008a200000, 0x000000008a300000|  0%| F|  |TAMS 0x000000008a200000, 0x000000008a200000| Untracked 
| 163|0x000000008a300000, 0x000000008a300000, 0x000000008a400000|  0%| F|  |TAMS 0x000000008a300000, 0x000000008a300000| Untracked 
| 164|0x000000008a400000, 0x000000008a400000, 0x000000008a500000|  0%| F|  |TAMS 0x000000008a400000, 0x000000008a400000| Untracked 
| 165|0x000000008a500000, 0x000000008a500000, 0x000000008a600000|  0%| F|  |TAMS 0x000000008a500000, 0x000000008a500000| Untracked 
| 166|0x000000008a600000, 0x000000008a600000, 0x000000008a700000|  0%| F|  |TAMS 0x000000008a600000, 0x000000008a600000| Untracked 
| 167|0x000000008a700000, 0x000000008a700000, 0x000000008a800000|  0%| F|  |TAMS 0x000000008a700000, 0x000000008a700000| Untracked 
| 168|0x000000008a800000, 0x000000008a800000, 0x000000008a900000|  0%| F|  |TAMS 0x000000008a800000, 0x000000008a800000| Untracked 
| 169|0x000000008a900000, 0x000000008a900000, 0x000000008aa00000|  0%| F|  |TAMS 0x000000008a900000, 0x000000008a900000| Untracked 
| 170|0x000000008aa00000, 0x000000008aa00000, 0x000000008ab00000|  0%| F|  |TAMS 0x000000008aa00000, 0x000000008aa00000| Untracked 
| 171|0x000000008ab00000, 0x000000008ab00000, 0x000000008ac00000|  0%| F|  |TAMS 0x000000008ab00000, 0x000000008ab00000| Untracked 
| 172|0x000000008ac00000, 0x000000008ac00000, 0x000000008ad00000|  0%| F|  |TAMS 0x000000008ac00000, 0x000000008ac00000| Untracked 
| 173|0x000000008ad00000, 0x000000008ad00000, 0x000000008ae00000|  0%| F|  |TAMS 0x000000008ad00000, 0x000000008ad00000| Untracked 
| 174|0x000000008ae00000, 0x000000008ae00000, 0x000000008af00000|  0%| F|  |TAMS 0x000000008ae00000, 0x000000008ae00000| Untracked 
| 175|0x000000008af00000, 0x000000008af00000, 0x000000008b000000|  0%| F|  |TAMS 0x000000008af00000, 0x000000008af00000| Untracked 
| 176|0x000000008b000000, 0x000000008b000000, 0x000000008b100000|  0%| F|  |TAMS 0x000000008b000000, 0x000000008b000000| Untracked 
| 177|0x000000008b100000, 0x000000008b100000, 0x000000008b200000|  0%| F|  |TAMS 0x000000008b100000, 0x000000008b100000| Untracked 
| 178|0x000000008b200000, 0x000000008b200000, 0x000000008b300000|  0%| F|  |TAMS 0x000000008b200000, 0x000000008b200000| Untracked 
| 179|0x000000008b300000, 0x000000008b300000, 0x000000008b400000|  0%| F|  |TAMS 0x000000008b300000, 0x000000008b300000| Untracked 
| 180|0x000000008b400000, 0x000000008b400000, 0x000000008b500000|  0%| F|  |TAMS 0x000000008b400000, 0x000000008b400000| Untracked 
| 181|0x000000008b500000, 0x000000008b500000, 0x000000008b600000|  0%| F|  |TAMS 0x000000008b500000, 0x000000008b500000| Untracked 
| 182|0x000000008b600000, 0x000000008b600000, 0x000000008b700000|  0%| F|  |TAMS 0x000000008b600000, 0x000000008b600000| Untracked 
| 183|0x000000008b700000, 0x000000008b700000, 0x000000008b800000|  0%| F|  |TAMS 0x000000008b700000, 0x000000008b700000| Untracked 
| 184|0x000000008b800000, 0x000000008b800000, 0x000000008b900000|  0%| F|  |TAMS 0x000000008b800000, 0x000000008b800000| Untracked 
| 185|0x000000008b900000, 0x000000008b900000, 0x000000008ba00000|  0%| F|  |TAMS 0x000000008b900000, 0x000000008b900000| Untracked 
| 186|0x000000008ba00000, 0x000000008ba00000, 0x000000008bb00000|  0%| F|  |TAMS 0x000000008ba00000, 0x000000008ba00000| Untracked 
| 187|0x000000008bb00000, 0x000000008bb00000, 0x000000008bc00000|  0%| F|  |TAMS 0x000000008bb00000, 0x000000008bb00000| Untracked 
| 188|0x000000008bc00000, 0x000000008bc00000, 0x000000008bd00000|  0%| F|  |TAMS 0x000000008bc00000, 0x000000008bc00000| Untracked 
| 189|0x000000008bd00000, 0x000000008bd00000, 0x000000008be00000|  0%| F|  |TAMS 0x000000008bd00000, 0x000000008bd00000| Untracked 
| 190|0x000000008be00000, 0x000000008be00000, 0x000000008bf00000|  0%| F|  |TAMS 0x000000008be00000, 0x000000008be00000| Untracked 
| 191|0x000000008bf00000, 0x000000008bf00000, 0x000000008c000000|  0%| F|  |TAMS 0x000000008bf00000, 0x000000008bf00000| Untracked 
| 192|0x000000008c000000, 0x000000008c000000, 0x000000008c100000|  0%| F|  |TAMS 0x000000008c000000, 0x000000008c000000| Untracked 
| 193|0x000000008c100000, 0x000000008c100000, 0x000000008c200000|  0%| F|  |TAMS 0x000000008c100000, 0x000000008c100000| Untracked 
| 194|0x000000008c200000, 0x000000008c200000, 0x000000008c300000|  0%| F|  |TAMS 0x000000008c200000, 0x000000008c200000| Untracked 
| 195|0x000000008c300000, 0x000000008c300000, 0x000000008c400000|  0%| F|  |TAMS 0x000000008c300000, 0x000000008c300000| Untracked 
| 196|0x000000008c400000, 0x000000008c400000, 0x000000008c500000|  0%| F|  |TAMS 0x000000008c400000, 0x000000008c400000| Untracked 
| 197|0x000000008c500000, 0x000000008c500000, 0x000000008c600000|  0%| F|  |TAMS 0x000000008c500000, 0x000000008c500000| Untracked 
| 198|0x000000008c600000, 0x000000008c600000, 0x000000008c700000|  0%| F|  |TAMS 0x000000008c600000, 0x000000008c600000| Untracked 
| 199|0x000000008c700000, 0x000000008c700000, 0x000000008c800000|  0%| F|  |TAMS 0x000000008c700000, 0x000000008c700000| Untracked 
| 200|0x000000008c800000, 0x000000008c800000, 0x000000008c900000|  0%| F|  |TAMS 0x000000008c800000, 0x000000008c800000| Untracked 
| 201|0x000000008c900000, 0x000000008c900000, 0x000000008ca00000|  0%| F|  |TAMS 0x000000008c900000, 0x000000008c900000| Untracked 
| 202|0x000000008ca00000, 0x000000008ca00000, 0x000000008cb00000|  0%| F|  |TAMS 0x000000008ca00000, 0x000000008ca00000| Untracked 
| 203|0x000000008cb00000, 0x000000008cb00000, 0x000000008cc00000|  0%| F|  |TAMS 0x000000008cb00000, 0x000000008cb00000| Untracked 
| 204|0x000000008cc00000, 0x000000008cc00000, 0x000000008cd00000|  0%| F|  |TAMS 0x000000008cc00000, 0x000000008cc00000| Untracked 
| 205|0x000000008cd00000, 0x000000008cd00000, 0x000000008ce00000|  0%| F|  |TAMS 0x000000008cd00000, 0x000000008cd00000| Untracked 
| 206|0x000000008ce00000, 0x000000008ce00000, 0x000000008cf00000|  0%| F|  |TAMS 0x000000008ce00000, 0x000000008ce00000| Untracked 
| 207|0x000000008cf00000, 0x000000008cf00000, 0x000000008d000000|  0%| F|  |TAMS 0x000000008cf00000, 0x000000008cf00000| Untracked 
| 208|0x000000008d000000, 0x000000008d000000, 0x000000008d100000|  0%| F|  |TAMS 0x000000008d000000, 0x000000008d000000| Untracked 
| 209|0x000000008d100000, 0x000000008d100000, 0x000000008d200000|  0%| F|  |TAMS 0x000000008d100000, 0x000000008d100000| Untracked 
| 210|0x000000008d200000, 0x000000008d200000, 0x000000008d300000|  0%| F|  |TAMS 0x000000008d200000, 0x000000008d200000| Untracked 
| 211|0x000000008d300000, 0x000000008d300000, 0x000000008d400000|  0%| F|  |TAMS 0x000000008d300000, 0x000000008d300000| Untracked 
| 212|0x000000008d400000, 0x000000008d400000, 0x000000008d500000|  0%| F|  |TAMS 0x000000008d400000, 0x000000008d400000| Untracked 
| 213|0x000000008d500000, 0x000000008d500000, 0x000000008d600000|  0%| F|  |TAMS 0x000000008d500000, 0x000000008d500000| Untracked 
| 214|0x000000008d600000, 0x000000008d600000, 0x000000008d700000|  0%| F|  |TAMS 0x000000008d600000, 0x000000008d600000| Untracked 
| 215|0x000000008d700000, 0x000000008d700000, 0x000000008d800000|  0%| F|  |TAMS 0x000000008d700000, 0x000000008d700000| Untracked 
| 216|0x000000008d800000, 0x000000008d800000, 0x000000008d900000|  0%| F|  |TAMS 0x000000008d800000, 0x000000008d800000| Untracked 
| 217|0x000000008d900000, 0x000000008d900000, 0x000000008da00000|  0%| F|  |TAMS 0x000000008d900000, 0x000000008d900000| Untracked 
| 218|0x000000008da00000, 0x000000008da00000, 0x000000008db00000|  0%| F|  |TAMS 0x000000008da00000, 0x000000008da00000| Untracked 
| 219|0x000000008db00000, 0x000000008db00000, 0x000000008dc00000|  0%| F|  |TAMS 0x000000008db00000, 0x000000008db00000| Untracked 
| 220|0x000000008dc00000, 0x000000008dc00000, 0x000000008dd00000|  0%| F|  |TAMS 0x000000008dc00000, 0x000000008dc00000| Untracked 
| 221|0x000000008dd00000, 0x000000008dd00000, 0x000000008de00000|  0%| F|  |TAMS 0x000000008dd00000, 0x000000008dd00000| Untracked 
| 222|0x000000008de00000, 0x000000008de00000, 0x000000008df00000|  0%| F|  |TAMS 0x000000008de00000, 0x000000008de00000| Untracked 
| 223|0x000000008df00000, 0x000000008df00000, 0x000000008e000000|  0%| F|  |TAMS 0x000000008df00000, 0x000000008df00000| Untracked 
| 224|0x000000008e000000, 0x000000008e000000, 0x000000008e100000|  0%| F|  |TAMS 0x000000008e000000, 0x000000008e000000| Untracked 
| 225|0x000000008e100000, 0x000000008e100000, 0x000000008e200000|  0%| F|  |TAMS 0x000000008e100000, 0x000000008e100000| Untracked 
| 226|0x000000008e200000, 0x000000008e200000, 0x000000008e300000|  0%| F|  |TAMS 0x000000008e200000, 0x000000008e200000| Untracked 
| 227|0x000000008e300000, 0x000000008e300000, 0x000000008e400000|  0%| F|  |TAMS 0x000000008e300000, 0x000000008e300000| Untracked 
| 228|0x000000008e400000, 0x000000008e400000, 0x000000008e500000|  0%| F|  |TAMS 0x000000008e400000, 0x000000008e400000| Untracked 
| 229|0x000000008e500000, 0x000000008e500000, 0x000000008e600000|  0%| F|  |TAMS 0x000000008e500000, 0x000000008e500000| Untracked 
| 230|0x000000008e600000, 0x000000008e600000, 0x000000008e700000|  0%| F|  |TAMS 0x000000008e600000, 0x000000008e600000| Untracked 
| 231|0x000000008e700000, 0x000000008e700000, 0x000000008e800000|  0%| F|  |TAMS 0x000000008e700000, 0x000000008e700000| Untracked 
| 232|0x000000008e800000, 0x000000008e800000, 0x000000008e900000|  0%| F|  |TAMS 0x000000008e800000, 0x000000008e800000| Untracked 
| 233|0x000000008e900000, 0x000000008e900000, 0x000000008ea00000|  0%| F|  |TAMS 0x000000008e900000, 0x000000008e900000| Untracked 
| 234|0x000000008ea00000, 0x000000008ea00000, 0x000000008eb00000|  0%| F|  |TAMS 0x000000008ea00000, 0x000000008ea00000| Untracked 
| 235|0x000000008eb00000, 0x000000008eb00000, 0x000000008ec00000|  0%| F|  |TAMS 0x000000008eb00000, 0x000000008eb00000| Untracked 
| 236|0x000000008ec00000, 0x000000008ec00000, 0x000000008ed00000|  0%| F|  |TAMS 0x000000008ec00000, 0x000000008ec00000| Untracked 
| 237|0x000000008ed00000, 0x000000008ed00000, 0x000000008ee00000|  0%| F|  |TAMS 0x000000008ed00000, 0x000000008ed00000| Untracked 
| 238|0x000000008ee00000, 0x000000008ee00000, 0x000000008ef00000|  0%| F|  |TAMS 0x000000008ee00000, 0x000000008ee00000| Untracked 
| 239|0x000000008ef00000, 0x000000008ef00000, 0x000000008f000000|  0%| F|  |TAMS 0x000000008ef00000, 0x000000008ef00000| Untracked 
| 240|0x000000008f000000, 0x000000008f05eb50, 0x000000008f100000| 36%| E|  |TAMS 0x000000008f000000, 0x000000008f000000| Complete 
| 241|0x000000008f100000, 0x000000008f200000, 0x000000008f200000|100%| E|CS|TAMS 0x000000008f100000, 0x000000008f100000| Complete 
| 242|0x000000008f200000, 0x000000008f300000, 0x000000008f300000|100%| E|CS|TAMS 0x000000008f200000, 0x000000008f200000| Complete 
| 243|0x000000008f300000, 0x000000008f400000, 0x000000008f400000|100%| E|CS|TAMS 0x000000008f300000, 0x000000008f300000| Complete 
| 244|0x000000008f400000, 0x000000008f500000, 0x000000008f500000|100%| E|  |TAMS 0x000000008f400000, 0x000000008f400000| Complete 
| 245|0x000000008f500000, 0x000000008f600000, 0x000000008f600000|100%| E|CS|TAMS 0x000000008f500000, 0x000000008f500000| Complete 
| 246|0x000000008f600000, 0x000000008f700000, 0x000000008f700000|100%| E|CS|TAMS 0x000000008f600000, 0x000000008f600000| Complete 
| 247|0x000000008f700000, 0x000000008f800000, 0x000000008f800000|100%| E|CS|TAMS 0x000000008f700000, 0x000000008f700000| Complete 
| 248|0x000000008f800000, 0x000000008f900000, 0x000000008f900000|100%| E|CS|TAMS 0x000000008f800000, 0x000000008f800000| Complete 
| 249|0x000000008f900000, 0x000000008fa00000, 0x000000008fa00000|100%| E|CS|TAMS 0x000000008f900000, 0x000000008f900000| Complete 
| 250|0x000000008fa00000, 0x000000008fb00000, 0x000000008fb00000|100%| E|CS|TAMS 0x000000008fa00000, 0x000000008fa00000| Complete 
| 251|0x000000008fb00000, 0x000000008fc00000, 0x000000008fc00000|100%| E|CS|TAMS 0x000000008fb00000, 0x000000008fb00000| Complete 
| 252|0x000000008fc00000, 0x000000008fd00000, 0x000000008fd00000|100%| E|CS|TAMS 0x000000008fc00000, 0x000000008fc00000| Complete 
| 253|0x000000008fd00000, 0x000000008fe00000, 0x000000008fe00000|100%| E|CS|TAMS 0x000000008fd00000, 0x000000008fd00000| Complete 
| 254|0x000000008fe00000, 0x000000008ff00000, 0x000000008ff00000|100%| E|CS|TAMS 0x000000008fe00000, 0x000000008fe00000| Complete 
| 255|0x000000008ff00000, 0x0000000090000000, 0x0000000090000000|100%| E|CS|TAMS 0x000000008ff00000, 0x000000008ff00000| Complete 
| 256|0x0000000090000000, 0x0000000090100000, 0x0000000090100000|100%| E|CS|TAMS 0x0000000090000000, 0x0000000090000000| Complete 
| 257|0x0000000090100000, 0x0000000090200000, 0x0000000090200000|100%| E|CS|TAMS 0x0000000090100000, 0x0000000090100000| Complete 
| 258|0x0000000090200000, 0x0000000090300000, 0x0000000090300000|100%| E|CS|TAMS 0x0000000090200000, 0x0000000090200000| Complete 
| 259|0x0000000090300000, 0x0000000090400000, 0x0000000090400000|100%| E|CS|TAMS 0x0000000090300000, 0x0000000090300000| Complete 
| 260|0x0000000090400000, 0x0000000090500000, 0x0000000090500000|100%| E|CS|TAMS 0x0000000090400000, 0x0000000090400000| Complete 
| 261|0x0000000090500000, 0x0000000090600000, 0x0000000090600000|100%| E|CS|TAMS 0x0000000090500000, 0x0000000090500000| Complete 
| 262|0x0000000090600000, 0x0000000090700000, 0x0000000090700000|100%| E|CS|TAMS 0x0000000090600000, 0x0000000090600000| Complete 
| 263|0x0000000090700000, 0x0000000090800000, 0x0000000090800000|100%| E|CS|TAMS 0x0000000090700000, 0x0000000090700000| Complete 
| 264|0x0000000090800000, 0x0000000090900000, 0x0000000090900000|100%| E|CS|TAMS 0x0000000090800000, 0x0000000090800000| Complete 
| 265|0x0000000090900000, 0x0000000090a00000, 0x0000000090a00000|100%| E|CS|TAMS 0x0000000090900000, 0x0000000090900000| Complete 

Card table byte_map: [0x0000016ec6b20000,0x0000016ec6f20000] _byte_map_base: 0x0000016ec6720000

Marking Bits (Prev, Next): (CMBitMap*) 0x0000016eb1f99228, (CMBitMap*) 0x0000016eb1f99260
 Prev Bits: [0x0000016ec7320000, 0x0000016ec9320000)
 Next Bits: [0x0000016ec9320000, 0x0000016ecb320000)

Polling page: 0x0000016eb1df0000

Metaspace:

Usage:
  Non-class:     76.23 MB capacity,    74.91 MB ( 98%) used,     1.09 MB (  1%) free+waste,   224.75 KB ( <1%) overhead. 
      Class:     11.78 MB capacity,    11.07 MB ( 94%) used,   632.91 KB (  5%) free+waste,   100.44 KB ( <1%) overhead. 
       Both:     88.01 MB capacity,    85.98 MB ( 98%) used,     1.71 MB (  2%) free+waste,   325.19 KB ( <1%) overhead. 

Virtual space:
  Non-class space:       78.00 MB reserved,      76.25 MB ( 98%) committed 
      Class space:        1.00 GB reserved,      11.88 MB (  1%) committed 
             Both:        1.08 GB reserved,      88.13 MB (  8%) committed 

Chunk freelists:
   Non-Class:  24.00 KB
       Class:  0 bytes
        Both:  24.00 KB

MaxMetaspaceSize: 17179869184.00 GB
CompressedClassSpaceSize: 1.00 GB

CodeHeap 'non-profiled nmethods': size=120064Kb used=6632Kb max_used=6632Kb free=113431Kb
 bounds [0x0000016ebebc0000, 0x0000016ebf240000, 0x0000016ec6100000]
CodeHeap 'profiled nmethods': size=120000Kb used=22434Kb max_used=22434Kb free=97565Kb
 bounds [0x0000016eb7690000, 0x0000016eb8c80000, 0x0000016ebebc0000]
CodeHeap 'non-nmethods': size=5696Kb used=2266Kb max_used=2304Kb free=3429Kb
 bounds [0x0000016eb7100000, 0x0000016eb7370000, 0x0000016eb7690000]
 total_blobs=11385 nmethods=10524 adapters=772
 compilation: enabled
              stopped_count=0, restarted_count=0
 full_count=0

Compilation events (20 events):
Event: 21.669 Thread 0x0000016ece2d0800 10859       3       com.android.tools.r8.graph.r0::T (22 bytes)
Event: 21.670 Thread 0x0000016ece2d0800 nmethod 10859 0x0000016eb8c72010 code [0x0000016eb8c721c0, 0x0000016eb8c72338]
Event: 21.670 Thread 0x0000016ece2d0800 10860       3       java.lang.invoke.SimpleMethodHandle::make (10 bytes)
Event: 21.670 Thread 0x0000016ece2d0800 nmethod 10860 0x0000016eb8c72410 code [0x0000016eb8c725e0, 0x0000016eb8c727c8]
Event: 21.671 Thread 0x0000016ece2d0800 10861       3       java.lang.invoke.MethodHandles::identity (87 bytes)
Event: 21.674 Thread 0x0000016ece2d0800 nmethod 10861 0x0000016eb8c72910 code [0x0000016eb8c72d20, 0x0000016eb8c74b08]
Event: 21.682 Thread 0x0000016ece2d0800 10862       3       java.lang.invoke.InnerClassLambdaMetafactory$1::run (5 bytes)
Event: 21.683 Thread 0x0000016ece2d0800 nmethod 10862 0x0000016eb8c75590 code [0x0000016eb8c75800, 0x0000016eb8c75f68]
Event: 21.683 Thread 0x0000016ece2d0800 10863       3       java.util.HashMap$HashMapSpliterator::getFence (53 bytes)
Event: 21.683 Thread 0x0000016ece2d0800 nmethod 10863 0x0000016eb8c76290 code [0x0000016eb8c76440, 0x0000016eb8c765f8]
Event: 21.686 Thread 0x0000016ece2d0800 10864       3       java.lang.Long::numberOfTrailingZeros (116 bytes)
Event: 21.686 Thread 0x0000016ece2d0800 nmethod 10864 0x0000016eb8c76710 code [0x0000016eb8c768c0, 0x0000016eb8c76b78]
Event: 21.686 Thread 0x0000016ece2d0800 10865       3       jdk.internal.util.ArraysSupport::mismatch (73 bytes)
Event: 21.686 Thread 0x0000016ece2d0800 nmethod 10865 0x0000016eb8c76c10 code [0x0000016eb8c76de0, 0x0000016eb8c771b8]
Event: 21.686 Thread 0x0000016ece2d0800 10866       3       com.android.tools.r8.graph.q0::c (45 bytes)
Event: 21.687 Thread 0x0000016ece2d0800 nmethod 10866 0x0000016eb8c77390 code [0x0000016eb8c77560, 0x0000016eb8c77948]
Event: 21.687 Thread 0x0000016ece2d0800 10867       3       com.android.tools.r8.graph.r0::c (24 bytes)
Event: 21.687 Thread 0x0000016ece2d0800 nmethod 10867 0x0000016eb8c77a10 code [0x0000016eb8c77c00, 0x0000016eb8c78068]
Event: 21.696 Thread 0x0000016ece2d0800 10868       3       com.android.tools.r8.s.a.a.b.w::a (34 bytes)
Event: 21.697 Thread 0x0000016ece2d0800 nmethod 10868 0x0000016eb8c78190 code [0x0000016eb8c78400, 0x0000016eb8c78c58]

GC Heap History (20 events):
Event: 8.971 GC heap before
{Heap before GC invocations=12 (full 0):
 garbage-first heap   total 188416K, used 78291K [0x0000000080000000, 0x0000000100000000)
  region size 1024K, 34 young (34816K), 4 survivors (4096K)
 Metaspace       used 58668K, capacity 60015K, committed 60160K, reserved 1101824K
  class space    used 7445K, capacity 7957K, committed 8064K, reserved 1048576K
}
Event: 8.984 GC heap after
{Heap after GC invocations=13 (full 0):
 garbage-first heap   total 188416K, used 50870K [0x0000000080000000, 0x0000000100000000)
  region size 1024K, 6 young (6144K), 6 survivors (6144K)
 Metaspace       used 58668K, capacity 60015K, committed 60160K, reserved 1101824K
  class space    used 7445K, capacity 7957K, committed 8064K, reserved 1048576K
}
Event: 10.456 GC heap before
{Heap before GC invocations=14 (full 0):
 garbage-first heap   total 188416K, used 133814K [0x0000000080000000, 0x0000000100000000)
  region size 1024K, 87 young (89088K), 6 survivors (6144K)
 Metaspace       used 63954K, capacity 65409K, committed 65536K, reserved 1105920K
  class space    used 8114K, capacity 8638K, committed 8704K, reserved 1048576K
}
Event: 10.488 GC heap after
{Heap after GC invocations=15 (full 0):
 garbage-first heap   total 188416K, used 56644K [0x0000000080000000, 0x0000000100000000)
  region size 1024K, 11 young (11264K), 11 survivors (11264K)
 Metaspace       used 63954K, capacity 65409K, committed 65536K, reserved 1105920K
  class space    used 8114K, capacity 8638K, committed 8704K, reserved 1048576K
}
Event: 11.789 GC heap before
{Heap before GC invocations=16 (full 0):
 garbage-first heap   total 188416K, used 143684K [0x0000000080000000, 0x0000000100000000)
  region size 1024K, 91 young (93184K), 11 survivors (11264K)
 Metaspace       used 71330K, capacity 72869K, committed 73088K, reserved 1112064K
  class space    used 9249K, capacity 9814K, committed 9856K, reserved 1048576K
}
Event: 11.816 GC heap after
{Heap after GC invocations=17 (full 0):
 garbage-first heap   total 188416K, used 62865K [0x0000000080000000, 0x0000000100000000)
  region size 1024K, 12 young (12288K), 12 survivors (12288K)
 Metaspace       used 71330K, capacity 72869K, committed 73088K, reserved 1112064K
  class space    used 9249K, capacity 9814K, committed 9856K, reserved 1048576K
}
Event: 13.134 GC heap before
{Heap before GC invocations=17 (full 0):
 garbage-first heap   total 188416K, used 167313K [0x0000000080000000, 0x0000000100000000)
  region size 1024K, 90 young (92160K), 12 survivors (12288K)
 Metaspace       used 76516K, capacity 78270K, committed 78592K, reserved 1118208K
  class space    used 9990K, capacity 10638K, committed 10752K, reserved 1048576K
}
Event: 13.161 GC heap after
{Heap after GC invocations=18 (full 0):
 garbage-first heap   total 226304K, used 67664K [0x0000000080000000, 0x0000000100000000)
  region size 1024K, 11 young (11264K), 11 survivors (11264K)
 Metaspace       used 76516K, capacity 78270K, committed 78592K, reserved 1118208K
  class space    used 9990K, capacity 10638K, committed 10752K, reserved 1048576K
}
Event: 15.118 GC heap before
{Heap before GC invocations=18 (full 0):
 garbage-first heap   total 226304K, used 161872K [0x0000000080000000, 0x0000000100000000)
  region size 1024K, 104 young (106496K), 11 survivors (11264K)
 Metaspace       used 80896K, capacity 82778K, committed 82944K, reserved 1120256K
  class space    used 10457K, capacity 11159K, committed 11264K, reserved 1048576K
}
Event: 15.153 GC heap after
{Heap after GC invocations=19 (full 0):
 garbage-first heap   total 226304K, used 76800K [0x0000000080000000, 0x0000000100000000)
  region size 1024K, 13 young (13312K), 13 survivors (13312K)
 Metaspace       used 80896K, capacity 82778K, committed 82944K, reserved 1120256K
  class space    used 10457K, capacity 11159K, committed 11264K, reserved 1048576K
}
Event: 16.386 GC heap before
{Heap before GC invocations=19 (full 0):
 garbage-first heap   total 226304K, used 172032K [0x0000000080000000, 0x0000000100000000)
  region size 1024K, 106 young (108544K), 13 survivors (13312K)
 Metaspace       used 81269K, capacity 83159K, committed 83456K, reserved 1122304K
  class space    used 10466K, capacity 11164K, committed 11264K, reserved 1048576K
}
Event: 16.418 GC heap after
{Heap after GC invocations=20 (full 0):
 garbage-first heap   total 226304K, used 83001K [0x0000000080000000, 0x0000000100000000)
  region size 1024K, 8 young (8192K), 8 survivors (8192K)
 Metaspace       used 81269K, capacity 83159K, committed 83456K, reserved 1122304K
  class space    used 10466K, capacity 11164K, committed 11264K, reserved 1048576K
}
Event: 17.486 GC heap before
{Heap before GC invocations=20 (full 0):
 garbage-first heap   total 226304K, used 174137K [0x0000000080000000, 0x0000000100000000)
  region size 1024K, 98 young (100352K), 8 survivors (8192K)
 Metaspace       used 81813K, capacity 83793K, committed 83968K, reserved 1122304K
  class space    used 10521K, capacity 11248K, committed 11264K, reserved 1048576K
}
Event: 17.506 GC heap after
{Heap after GC invocations=21 (full 0):
 garbage-first heap   total 226304K, used 88865K [0x0000000080000000, 0x0000000100000000)
  region size 1024K, 8 young (8192K), 8 survivors (8192K)
 Metaspace       used 81813K, capacity 83793K, committed 83968K, reserved 1122304K
  class space    used 10521K, capacity 11248K, committed 11264K, reserved 1048576K
}
Event: 18.427 GC heap before
{Heap before GC invocations=21 (full 0):
 garbage-first heap   total 226304K, used 176929K [0x0000000080000000, 0x0000000100000000)
  region size 1024K, 95 young (97280K), 8 survivors (8192K)
 Metaspace       used 83322K, capacity 85362K, committed 85504K, reserved 1124352K
  class space    used 10733K, capacity 11443K, committed 11520K, reserved 1048576K
}
Event: 18.457 GC heap after
{Heap after GC invocations=22 (full 0):
 garbage-first heap   total 226304K, used 92822K [0x0000000080000000, 0x0000000100000000)
  region size 1024K, 7 young (7168K), 7 survivors (7168K)
 Metaspace       used 83322K, capacity 85362K, committed 85504K, reserved 1124352K
  class space    used 10733K, capacity 11443K, committed 11520K, reserved 1048576K
}
Event: 19.177 GC heap before
{Heap before GC invocations=22 (full 0):
 garbage-first heap   total 226304K, used 178838K [0x0000000080000000, 0x0000000100000000)
  region size 1024K, 92 young (94208K), 7 survivors (7168K)
 Metaspace       used 85031K, capacity 87123K, committed 87296K, reserved 1124352K
  class space    used 10952K, capacity 11667K, committed 11776K, reserved 1048576K
}
Event: 19.196 GC heap after
{Heap after GC invocations=23 (full 0):
 garbage-first heap   total 272384K, used 95836K [0x0000000080000000, 0x0000000100000000)
  region size 1024K, 10 young (10240K), 10 survivors (10240K)
 Metaspace       used 85031K, capacity 87123K, committed 87296K, reserved 1124352K
  class space    used 10952K, capacity 11667K, committed 11776K, reserved 1048576K
}
Event: 21.124 GC heap before
{Heap before GC invocations=23 (full 0):
 garbage-first heap   total 272384K, used 231004K [0x0000000080000000, 0x0000000100000000)
  region size 1024K, 125 young (128000K), 10 survivors (10240K)
 Metaspace       used 86208K, capacity 88195K, committed 88448K, reserved 1126400K
  class space    used 11072K, capacity 11786K, committed 11904K, reserved 1048576K
}
Event: 21.149 GC heap after
{Heap after GC invocations=24 (full 0):
 garbage-first heap   total 272384K, used 125258K [0x0000000080000000, 0x0000000100000000)
  region size 1024K, 16 young (16384K), 16 survivors (16384K)
 Metaspace       used 86208K, capacity 88195K, committed 88448K, reserved 1126400K
  class space    used 11072K, capacity 11786K, committed 11904K, reserved 1048576K
}

Deoptimization events (20 events):
Event: 21.218 Thread 0x0000016ed14d2800 Uncommon trap: trap_request=0xffffff4d fr.pc=0x0000016ebf1571b0 relative=0x00000000000039b0
Event: 21.218 Thread 0x0000016ed14d2800 Uncommon trap: reason=unstable_if action=reinterpret pc=0x0000016ebf1571b0 method=org.gradle.internal.fingerprint.classpath.impl.ClasspathFingerprintingStrategy$ClasspathFingerprintVisitor.visit(Lorg/gradle/internal/snapshot/CompleteFileSystemLocationSnap
Event: 21.218 Thread 0x0000016ed14d2800 DEOPT PACKING pc=0x0000016ebf1571b0 sp=0x0000002f885fcf60
Event: 21.218 Thread 0x0000016ed14d2800 DEOPT UNPACKING pc=0x0000016eb71274af sp=0x0000002f885fcf80 mode 2
Event: 21.592 Thread 0x0000016ed1778800 Uncommon trap: trap_request=0xffffffc6 fr.pc=0x0000016ebf1018f0 relative=0x0000000000001910
Event: 21.592 Thread 0x0000016ed1778800 Uncommon trap: reason=bimorphic_or_optimized_type_check action=maybe_recompile pc=0x0000016ebf1018f0 method=java.util.concurrent.ConcurrentHashMap.putVal(Ljava/lang/Object;Ljava/lang/Object;Z)Ljava/lang/Object; @ 159 c2
Event: 21.592 Thread 0x0000016ed1778800 DEOPT PACKING pc=0x0000016ebf1018f0 sp=0x0000002f88cfca10
Event: 21.592 Thread 0x0000016ed1778800 DEOPT UNPACKING pc=0x0000016eb71274af sp=0x0000002f88cfc9a0 mode 2
Event: 21.592 Thread 0x0000016ed1778800 Uncommon trap: trap_request=0xffffffc6 fr.pc=0x0000016ebf1018f0 relative=0x0000000000001910
Event: 21.592 Thread 0x0000016ed1778800 Uncommon trap: reason=bimorphic_or_optimized_type_check action=maybe_recompile pc=0x0000016ebf1018f0 method=java.util.concurrent.ConcurrentHashMap.putVal(Ljava/lang/Object;Ljava/lang/Object;Z)Ljava/lang/Object; @ 159 c2
Event: 21.592 Thread 0x0000016ed1778800 DEOPT PACKING pc=0x0000016ebf1018f0 sp=0x0000002f88cfca00
Event: 21.592 Thread 0x0000016ed1778800 DEOPT UNPACKING pc=0x0000016eb71274af sp=0x0000002f88cfc990 mode 2
Event: 21.640 Thread 0x0000016ed14d0800 Uncommon trap: trap_request=0xffffffc6 fr.pc=0x0000016ebf1696b4 relative=0x00000000000044d4
Event: 21.640 Thread 0x0000016ed14d0800 Uncommon trap: reason=bimorphic_or_optimized_type_check action=maybe_recompile pc=0x0000016ebf1696b4 method=sun.nio.cs.StreamDecoder.readBytes()I @ 135 c2
Event: 21.640 Thread 0x0000016ed14d0800 DEOPT PACKING pc=0x0000016ebf1696b4 sp=0x0000002f88afefd0
Event: 21.640 Thread 0x0000016ed14d0800 DEOPT UNPACKING pc=0x0000016eb71274af sp=0x0000002f88afed38 mode 2
Event: 21.683 Thread 0x0000016ed1778800 Uncommon trap: trap_request=0xffffff4d fr.pc=0x0000016ebf0a462c relative=0x000000000000038c
Event: 21.683 Thread 0x0000016ed1778800 Uncommon trap: reason=unstable_if action=reinterpret pc=0x0000016ebf0a462c method=java.util.stream.StreamOpFlag.getMask(I)I @ 1 c2
Event: 21.683 Thread 0x0000016ed1778800 DEOPT PACKING pc=0x0000016ebf0a462c sp=0x0000002f88cfd560
Event: 21.683 Thread 0x0000016ed1778800 DEOPT UNPACKING pc=0x0000016eb71274af sp=0x0000002f88cfd450 mode 2

Classes redefined (0 events):
No events

Internal exceptions (20 events):
Event: 17.842 Thread 0x0000016ed14d2000 Exception <a 'java/lang/NoSuchMethodError'{0x000000008b8b12b0}: 'void java.lang.invoke.DirectMethodHandle$Holder.invokeVirtual(java.lang.Object, java.lang.Object)'> (0x000000008b8b12b0) thrown at [./src/hotspot/share/interpreter/linkResolver.cpp, line 773]
Event: 17.868 Thread 0x0000016ed14d2000 Exception <a 'sun/nio/fs/WindowsException'{0x000000008b76b090}> (0x000000008b76b090) thrown at [./src/hotspot/share/prims/jni.cpp, line 615]
Event: 17.868 Thread 0x0000016ed14d2000 Exception <a 'sun/nio/fs/WindowsException'{0x000000008b76bc80}> (0x000000008b76bc80) thrown at [./src/hotspot/share/prims/jni.cpp, line 615]
Event: 17.869 Thread 0x0000016ed14d2000 Exception <a 'sun/nio/fs/WindowsException'{0x000000008b76c040}> (0x000000008b76c040) thrown at [./src/hotspot/share/prims/jni.cpp, line 615]
Event: 17.869 Thread 0x0000016ed14d2000 Exception <a 'sun/nio/fs/WindowsException'{0x000000008b76cbf8}> (0x000000008b76cbf8) thrown at [./src/hotspot/share/prims/jni.cpp, line 615]
Event: 17.869 Thread 0x0000016ed14d2000 Exception <a 'sun/nio/fs/WindowsException'{0x000000008b76cec0}> (0x000000008b76cec0) thrown at [./src/hotspot/share/prims/jni.cpp, line 615]
Event: 17.869 Thread 0x0000016ed14d2000 Exception <a 'sun/nio/fs/WindowsException'{0x000000008b76da90}> (0x000000008b76da90) thrown at [./src/hotspot/share/prims/jni.cpp, line 615]
Event: 17.869 Thread 0x0000016ed14d2000 Exception <a 'sun/nio/fs/WindowsException'{0x000000008b76dcf8}> (0x000000008b76dcf8) thrown at [./src/hotspot/share/prims/jni.cpp, line 615]
Event: 17.869 Thread 0x0000016ed14d2000 Exception <a 'sun/nio/fs/WindowsException'{0x000000008b76e898}> (0x000000008b76e898) thrown at [./src/hotspot/share/prims/jni.cpp, line 615]
Event: 17.884 Thread 0x0000016ed14d2000 Exception <a 'java/lang/NoSuchMethodError'{0x000000008b6d28d8}: <clinit>> (0x000000008b6d28d8) thrown at [./src/hotspot/share/prims/jni.cpp, line 1362]
Event: 17.887 Thread 0x0000016ed14d2000 Exception <a 'java/lang/NoSuchMethodError'{0x000000008b505f88}: <clinit>> (0x000000008b505f88) thrown at [./src/hotspot/share/prims/jni.cpp, line 1362]
Event: 17.893 Thread 0x0000016ed14d2000 Exception <a 'java/lang/NoSuchMethodError'{0x000000008b5470e8}: <clinit>> (0x000000008b5470e8) thrown at [./src/hotspot/share/prims/jni.cpp, line 1362]
Event: 20.055 Thread 0x0000016ed14d4800 Exception <a 'java/lang/NoSuchMethodError'{0x000000008e093858}: 'void java.lang.invoke.DirectMethodHandle$Holder.invokeStatic(java.lang.Object, long)'> (0x000000008e093858) thrown at [./src/hotspot/share/interpreter/linkResolver.cpp, line 773]
Event: 20.056 Thread 0x0000016ed14d4800 Exception <a 'java/lang/NoSuchMethodError'{0x000000008d6d5fa0}: 'java.lang.Object java.lang.invoke.DirectMethodHandle$Holder.invokeStatic(java.lang.Object, long)'> (0x000000008d6d5fa0) thrown at [./src/hotspot/share/interpreter/linkResolver.cpp, line 773]
Event: 20.058 Thread 0x0000016ed14d4800 Exception <a 'java/lang/NoSuchMethodError'{0x000000008d6e4308}: 'java.lang.Object java.lang.invoke.DirectMethodHandle$Holder.invokeStaticInit(java.lang.Object, java.lang.Object, long, java.lang.Object)'> (0x000000008d6e4308) thrown at [./src/hotspot/share/interpreter/linkResolver.cpp, line 773]
Event: 20.059 Thread 0x0000016ed14d4800 Exception <a 'java/lang/NoSuchMethodError'{0x000000008d6ea4a0}: 'java.lang.Object java.lang.invoke.DirectMethodHandle$Holder.invokeStatic(java.lang.Object, java.lang.Object, long)'> (0x000000008d6ea4a0) thrown at [./src/hotspot/share/interpreter/linkResolver.cpp, line 773]
Event: 20.060 Thread 0x0000016ed14d4800 Exception <a 'java/lang/NoSuchMethodError'{0x000000008d6f0a18}: 'java.lang.Object java.lang.invoke.Invokers$Holder.linkToTargetMethod(java.lang.Object, long, java.lang.Object)'> (0x000000008d6f0a18) thrown at [./src/hotspot/share/interpreter/linkResolver.cpp, line 773]
Event: 21.224 Thread 0x0000016ed14d2800 Exception <a 'java/lang/NoSuchMethodError'{0x000000008f964f80}: 'int java.lang.invoke.DirectMethodHandle$Holder.invokeSpecial(java.lang.Object, java.lang.Object, java.lang.Object, java.lang.Object, java.lang.Object)'> (0x000000008f964f80) thrown at [./src/hotspot/share/interpreter/linkResolver.cpp, line 773]
Event: 21.524 Thread 0x0000016ed1778800 Exception <a 'sun/nio/fs/WindowsException'{0x000000008f55e138}> (0x000000008f55e138) thrown at [./src/hotspot/share/prims/jni.cpp, line 615]
Event: 21.650 Thread 0x0000016ed1778800 Exception <a 'java/lang/NoSuchMethodError'{0x000000008f23eb20}: 'int java.lang.invoke.DirectMethodHandle$Holder.invokeVirtual(java.lang.Object, java.lang.Object, java.lang.Object)'> (0x000000008f23eb20) thrown at [./src/hotspot/share/interpreter/linkResolver.cpp, line 773]

Events (20 events):
Event: 21.690 loading class com/android/tools/r8/v/c/X$a
Event: 21.690 loading class com/android/tools/r8/v/c/X$a done
Event: 21.696 loading class com/android/tools/r8/utils/e$b$a
Event: 21.696 loading class com/android/tools/r8/utils/e$b$a done
Event: 21.698 loading class com/android/tools/r8/DataResourceProvider
Event: 21.698 loading class com/android/tools/r8/DataResourceProvider done
Event: 21.699 loading class com/android/tools/r8/D8
Event: 21.699 loading class com/android/tools/r8/D8 done
Event: 21.704 loading class com/android/tools/r8/ir/optimize/info/m
Event: 21.704 loading class com/android/tools/r8/ir/optimize/info/m done
Event: 21.705 loading class com/android/tools/r8/ir/conversion/Q
Event: 21.705 loading class com/android/tools/r8/ir/conversion/Q done
Event: 21.706 loading class com/android/tools/r8/ir/conversion/X
Event: 21.706 loading class com/android/tools/r8/ir/conversion/X done
Event: 21.707 loading class com/android/tools/r8/ir/optimize/info/p
Event: 21.707 loading class com/android/tools/r8/ir/optimize/info/p done
Event: 21.710 loading class com/android/tools/r8/graph/W0
Event: 21.710 loading class com/android/tools/r8/graph/W0 done
Event: 21.711 loading class com/android/tools/r8/graph/A
Event: 21.711 loading class com/android/tools/r8/graph/A done


Dynamic libraries:
0x00007ff692160000 - 0x00007ff69216a000 	C:\Program Files\Android\Android Studio\jre\bin\java.exe
0x00007ffa92350000 - 0x00007ffa92545000 	C:\Windows\SYSTEM32\ntdll.dll
0x00007ffa921e0000 - 0x00007ffa9229d000 	C:\Windows\System32\KERNEL32.DLL
0x00007ffa8fe80000 - 0x00007ffa90149000 	C:\Windows\System32\KERNELBASE.dll
0x00007ffa90290000 - 0x00007ffa90390000 	C:\Windows\System32\ucrtbase.dll
0x00007ffa7b7c0000 - 0x00007ffa7b7d9000 	C:\Program Files\Android\Android Studio\jre\bin\jli.dll
0x00007ffa88d70000 - 0x00007ffa88d87000 	C:\Program Files\Android\Android Studio\jre\bin\VCRUNTIME140.dll
0x00007ffa91cd0000 - 0x00007ffa91e70000 	C:\Windows\System32\USER32.dll
0x00007ffa88e90000 - 0x00007ffa8912a000 	C:\Windows\WinSxS\amd64_microsoft.windows.common-controls_6595b64144ccf1df_6.0.19041.1083_none_60bbe31371f34e71\COMCTL32.dll
0x00007ffa90260000 - 0x00007ffa90282000 	C:\Windows\System32\win32u.dll
0x00007ffa91940000 - 0x00007ffa919de000 	C:\Windows\System32\msvcrt.dll
0x00007ffa90bf0000 - 0x00007ffa90c1a000 	C:\Windows\System32\GDI32.dll
0x00007ffa90150000 - 0x00007ffa9025b000 	C:\Windows\System32\gdi32full.dll
0x00007ffa8fa90000 - 0x00007ffa8fb2d000 	C:\Windows\System32\msvcp_win.dll
0x00007ffa92020000 - 0x00007ffa92050000 	C:\Windows\System32\IMM32.DLL
0x00007ffa70030000 - 0x00007ffa700cd000 	C:\Program Files\Android\Android Studio\jre\bin\msvcp140.dll
0x00007ffa589e0000 - 0x00007ffa5949c000 	C:\Program Files\Android\Android Studio\jre\bin\server\jvm.dll
0x00007ffa92130000 - 0x00007ffa921dc000 	C:\Windows\System32\ADVAPI32.dll
0x00007ffa90f10000 - 0x00007ffa90fab000 	C:\Windows\System32\sechost.dll
0x00007ffa916f0000 - 0x00007ffa9181a000 	C:\Windows\System32\RPCRT4.dll
0x00007ffa92300000 - 0x00007ffa92308000 	C:\Windows\System32\PSAPI.DLL
0x00007ffa8b610000 - 0x00007ffa8b619000 	C:\Windows\SYSTEM32\WSOCK32.dll
0x00007ffa90ea0000 - 0x00007ffa90f0b000 	C:\Windows\System32\WS2_32.dll
0x00007ffa8add0000 - 0x00007ffa8adf7000 	C:\Windows\SYSTEM32\WINMM.dll
0x00007ffa83620000 - 0x00007ffa8362a000 	C:\Windows\SYSTEM32\VERSION.dll
0x00007ffa8d9c0000 - 0x00007ffa8d9d2000 	C:\Windows\SYSTEM32\kernel.appcore.dll
0x00007ffa802e0000 - 0x00007ffa802f1000 	C:\Program Files\Android\Android Studio\jre\bin\verify.dll
0x00007ffa82750000 - 0x00007ffa82934000 	C:\Windows\SYSTEM32\DBGHELP.DLL
0x00007ffa82720000 - 0x00007ffa8274c000 	C:\Windows\SYSTEM32\dbgcore.DLL
0x00007ffa8fb30000 - 0x00007ffa8fbb3000 	C:\Windows\System32\bcryptPrimitives.dll
0x00007ffa7fbf0000 - 0x00007ffa7fc19000 	C:\Program Files\Android\Android Studio\jre\bin\java.dll
0x00007ffa81440000 - 0x00007ffa8144b000 	C:\Program Files\Android\Android Studio\jre\bin\jimage.dll
0x00007ffa7fd10000 - 0x00007ffa7fd28000 	C:\Program Files\Android\Android Studio\jre\bin\zip.dll
0x00007ffa90fb0000 - 0x00007ffa916ef000 	C:\Windows\System32\SHELL32.dll
0x00007ffa8dbc0000 - 0x00007ffa8e351000 	C:\Windows\SYSTEM32\windows.storage.dll
0x00007ffa903c0000 - 0x00007ffa90715000 	C:\Windows\System32\combase.dll
0x00007ffa8f430000 - 0x00007ffa8f45c000 	C:\Windows\SYSTEM32\Wldp.dll
0x00007ffa90c50000 - 0x00007ffa90cfe000 	C:\Windows\System32\SHCORE.dll
0x00007ffa920d0000 - 0x00007ffa92125000 	C:\Windows\System32\shlwapi.dll
0x00007ffa8f9d0000 - 0x00007ffa8f9ef000 	C:\Windows\SYSTEM32\profapi.dll
0x00007ffa7fbc0000 - 0x00007ffa7fbda000 	C:\Program Files\Android\Android Studio\jre\bin\net.dll
0x00007ffa89340000 - 0x00007ffa8944a000 	C:\Windows\SYSTEM32\WINHTTP.dll
0x00007ffa8f190000 - 0x00007ffa8f1fa000 	C:\Windows\system32\mswsock.dll
0x00007ffa7fa40000 - 0x00007ffa7fa54000 	C:\Program Files\Android\Android Studio\jre\bin\nio.dll
0x00007ffa7b580000 - 0x00007ffa7b5a7000 	C:\Users\user\.gradle\native\fdc75f09e3144964f2cf3f50f0aa648679c211496f362492102eb8c894070792\windows-amd64\native-platform.dll
0x00007ffa5b3f0000 - 0x00007ffa5b586000 	C:\Users\user\.gradle\native\12488b8bf47d2d4c9fbf2f6322a914ad602e24e48041cd04a747c6da556b65c4\windows-amd64\native-platform-file-events.dll
0x00007ffa812f0000 - 0x00007ffa812fa000 	C:\Program Files\Android\Android Studio\jre\bin\management.dll
0x00007ffa80ee0000 - 0x00007ffa80eec000 	C:\Program Files\Android\Android Studio\jre\bin\management_ext.dll
0x00007ffa8f370000 - 0x00007ffa8f388000 	C:\Windows\SYSTEM32\CRYPTSP.dll
0x00007ffa8eb30000 - 0x00007ffa8eb64000 	C:\Windows\system32\rsaenh.dll
0x00007ffa90390000 - 0x00007ffa903b7000 	C:\Windows\System32\bcrypt.dll
0x00007ffa8f950000 - 0x00007ffa8f97e000 	C:\Windows\SYSTEM32\USERENV.dll
0x00007ffa8f390000 - 0x00007ffa8f39c000 	C:\Windows\SYSTEM32\CRYPTBASE.dll
0x00007ffa8ee80000 - 0x00007ffa8eebb000 	C:\Windows\SYSTEM32\IPHLPAPI.DLL
0x00007ffa91cc0000 - 0x00007ffa91cc8000 	C:\Windows\System32\NSI.dll
0x00007ffa85a20000 - 0x00007ffa85a37000 	C:\Windows\SYSTEM32\dhcpcsvc6.DLL
0x00007ffa85dd0000 - 0x00007ffa85ded000 	C:\Windows\SYSTEM32\dhcpcsvc.DLL
0x00007ffa8eec0000 - 0x00007ffa8ef8c000 	C:\Windows\SYSTEM32\DNSAPI.dll
0x00007ffa88790000 - 0x00007ffa8879b000 	C:\Windows\SYSTEM32\WINNSI.DLL

dbghelp: loaded successfully - version: 4.0.5 - missing functions: none
symbol engine: initialized successfully - sym options: 0x614 - pdb path: .;C:\Program Files\Android\Android Studio\jre\bin;C:\Windows\SYSTEM32;C:\Windows\WinSxS\amd64_microsoft.windows.common-controls_6595b64144ccf1df_6.0.19041.1083_none_60bbe31371f34e71;C:\Program Files\Android\Android Studio\jre\bin\server;C:\Users\user\.gradle\native\fdc75f09e3144964f2cf3f50f0aa648679c211496f362492102eb8c894070792\windows-amd64;C:\Users\user\.gradle\native\12488b8bf47d2d4c9fbf2f6322a914ad602e24e48041cd04a747c6da556b65c4\windows-amd64

VM Arguments:
jvm_args: --add-opens=java.base/java.util=ALL-UNNAMED --add-opens=java.base/java.lang=ALL-UNNAMED --add-opens=java.base/java.lang.invoke=ALL-UNNAMED --add-opens=java.prefs/java.util.prefs=ALL-UNNAMED -Xmx2048m -Dfile.encoding=UTF-8 -Duser.country=US -Duser.language=en -Duser.variant 
java_command: org.gradle.launcher.daemon.bootstrap.GradleDaemon 6.7.1
java_class_path (initial): C:\Users\user\.gradle\wrapper\dists\gradle-6.7.1-bin\bwlcbys1h7rz3272sye1xwiv6\gradle-6.7.1\lib\gradle-launcher-6.7.1.jar
Launcher Type: SUN_STANDARD

[Global flags]
     intx CICompilerCount                          = 3                                         {product} {ergonomic}
     uint ConcGCThreads                            = 1                                         {product} {ergonomic}
     uint G1ConcRefinementThreads                  = 4                                         {product} {ergonomic}
   size_t G1HeapRegionSize                         = 1048576                                   {product} {ergonomic}
    uintx GCDrainStackTargetSize                   = 64                                        {product} {ergonomic}
   size_t InitialHeapSize                          = 130023424                                 {product} {ergonomic}
   size_t MarkStackSize                            = 4194304                                   {product} {ergonomic}
   size_t MaxHeapSize                              = 2147483648                                {product} {command line}
   size_t MaxNewSize                               = 1287651328                                {product} {ergonomic}
   size_t MinHeapDeltaBytes                        = 1048576                                   {product} {ergonomic}
    uintx NonNMethodCodeHeapSize                   = 5830732                                {pd product} {ergonomic}
    uintx NonProfiledCodeHeapSize                  = 122913754                              {pd product} {ergonomic}
    uintx ProfiledCodeHeapSize                     = 122913754                              {pd product} {ergonomic}
    uintx ReservedCodeCacheSize                    = 251658240                              {pd product} {ergonomic}
     bool SegmentedCodeCache                       = true                                      {product} {ergonomic}
     bool UseCompressedClassPointers               = true                                 {lp64_product} {ergonomic}
     bool UseCompressedOops                        = true                                 {lp64_product} {ergonomic}
     bool UseG1GC                                  = true                                      {product} {ergonomic}
     bool UseLargePagesIndividualAllocation        = false                                  {pd product} {ergonomic}

Logging:
Log output configuration:
 #0: stdout all=warning uptime,level,tags
 #1: stderr all=off uptime,level,tags

Environment Variables:
PATH=C:\Windows\system32;C:\Windows;C:\Windows\System32\Wbem;C:\Windows\System32\WindowsPowerShell\v1.0\;C:\Windows\System32\OpenSSH\;C:\Program Files\Git\cmd;C:\Users\user\AppData\Local\Microsoft\WindowsApps;
USERNAME=user
OS=Windows_NT
PROCESSOR_IDENTIFIER=Intel64 Family 6 Model 61 Stepping 4, GenuineIntel



---------------  S Y S T E M  ---------------

OS: Windows 10 , 64 bit Build 19041 (10.0.19041.1023)
OS uptime: 5 days 0:37 hours

CPU:total 4 (initial active 4) (2 cores per cpu, 2 threads per core) family 6 model 61 stepping 4, cmov, cx8, fxsr, mmx, sse, sse2, sse3, ssse3, sse4.1, sse4.2, popcnt, avx, avx2, aes, clmul, erms, rtm, 3dnowpref, lzcnt, ht, tsc, tscinvbit, bmi1, bmi2, adx, fma

Memory: 4k page, system-wide physical 7888M (422M free)
TotalPageFile size 22819M (AvailPageFile size 5M)
current process WorkingSet (physical memory assigned to process): 532M, peak: 532M
current process commit charge ("private bytes"): 564M, peak: 566M

vm_info: OpenJDK 64-Bit Server VM (11.0.8+10-b944.6842174) for windows-amd64 JRE (11.0.8+10-b944.6842174), built on Sep 19 2020 01:11:42 by "builder" with MS VC++ 14.0 (VS2015)

END.
