#
# There is insufficient memory for the Java Runtime Environment to continue.
# Native memory allocation (mmap) failed to map 232783872 bytes for Failed to commit area from 0x0000000090c00000 to 0x000000009ea00000 of length 232783872.
# Possible reasons:
#   The system is out of physical RAM or swap space
#   The process is running with CompressedOops enabled, and the Java Heap may be blocking the growth of the native heap
# Possible solutions:
#   Reduce memory load on the system
#   Increase physical memory or swap space
#   Check if swap backing store is full
#   Decrease Java heap size (-Xmx/-Xms)
#   Decrease number of Java threads
#   Decrease Java thread stack sizes (-Xss)
#   Set larger code cache with -XX:ReservedCodeCacheSize=
#   JVM is running with Unscaled Compressed Oops mode in which the Java heap is
#     placed in the first 4GB address space. The Java Heap base address is the
#     maximum limit for the native heap growth. Please use -XX:HeapBaseMinAddress
#     to set the Java Heap base and to place the Java Heap above 4GB virtual address.
# This output file may be truncated or incomplete.
#
#  Out of Memory Error (./src/hotspot/os/windows/os_windows.cpp:3303), pid=12760, tid=11708
#
# JRE version: OpenJDK Runtime Environment (11.0.8+10) (build 11.0.8+10-b944.6842174)
# Java VM: OpenJDK 64-Bit Server VM (11.0.8+10-b944.6842174, mixed mode, tiered, compressed oops, g1 gc, windows-amd64)
# No core dump will be written. Minidumps are not enabled by default on client versions of Windows
#

---------------  S U M M A R Y ------------

Command Line: --add-opens=java.base/java.util=ALL-UNNAMED --add-opens=java.base/java.lang=ALL-UNNAMED --add-opens=java.base/java.lang.invoke=ALL-UNNAMED --add-opens=java.prefs/java.util.prefs=ALL-UNNAMED -Xmx2048m -Dfile.encoding=UTF-8 -Duser.country=US -Duser.language=en -Duser.variant org.gradle.launcher.daemon.bootstrap.GradleDaemon 6.7.1

Host: Intel(R) Core(TM) i7-5600U CPU @ 2.60GHz, 4 cores, 7G,  Windows 10 , 64 bit Build 19041 (10.0.19041.1023)
Time: Tue Jul 20 20:25:21 2021 India Standard Time elapsed time: 30 seconds (0d 0h 0m 30s)

---------------  T H R E A D  ---------------

Current thread (0x0000018e5daf7800):  VMThread "VM Thread" [stack: 0x00000081c3c00000,0x00000081c3d00000] [id=11708]

Stack: [0x00000081c3c00000,0x00000081c3d00000]
[error occurred during error reporting (printing stack bounds), id 0xc0000005, EXCEPTION_ACCESS_VIOLATION (0xc0000005) at pc=0x0000018e47290dad]

Native frames: (J=compiled Java code, j=interpreted, Vv=VM code, C=native code)
V  [jvm.dll+0x5de50a]
V  [jvm.dll+0x7122f5]
V  [jvm.dll+0x71384d]
V  [jvm.dll+0x713e65]
V  [jvm.dll+0x713e1b]
V  [jvm.dll+0x5dd958]
V  [jvm.dll+0x5de0f8]
C  [ntdll.dll+0xa217f]
C  [ntdll.dll+0x51454]
C  [ntdll.dll+0xa0cae]
C  0x0000018e47290dad

VM_Operation (0x00000081cebfccd0): G1CollectForAllocation, mode: safepoint, requested by thread 0x0000018e63cfc800


---------------  P R O C E S S  ---------------

Threads class SMR info:
_java_thread_list=0x0000018e64951770, length=173, elements={
0x0000018e438eb000, 0x0000018e5daff000, 0x0000018e5db08000, 0x0000018e5e4a2800,
0x0000018e5db15000, 0x0000018e5db17800, 0x0000018e5db23800, 0x0000018e5db28000,
0x0000018e5e602000, 0x0000018e5e612000, 0x0000018e5fa7b000, 0x0000018e60573000,
0x0000018e5fa16800, 0x0000018e604cc000, 0x0000018e5fe14800, 0x0000018e5f5ee800,
0x0000018e605cb800, 0x0000018e602f3800, 0x0000018e604e7000, 0x0000018e5ff39000,
0x0000018e5ff35000, 0x0000018e5ff3a000, 0x0000018e5ff38000, 0x0000018e5ff3a800,
0x0000018e5ff3b800, 0x0000018e5ff37800, 0x0000018e5ff36000, 0x0000018e5ff36800,
0x0000018e60d4e800, 0x0000018e60d4a000, 0x0000018e60d49000, 0x0000018e60d4f800,
0x0000018e60d50800, 0x0000018e60d4e000, 0x0000018e60d4a800, 0x0000018e60d52000,
0x0000018e60d4d000, 0x0000018e60d53000, 0x0000018e60d51000, 0x0000018e60d55000,
0x0000018e60d53800, 0x0000018e60d56000, 0x0000018e60d54800, 0x0000018e60d57000,
0x0000018e62953800, 0x0000018e62954000, 0x0000018e62957800, 0x0000018e62959000,
0x0000018e62958000, 0x0000018e6295a000, 0x0000018e62955800, 0x0000018e62956800,
0x0000018e6295a800, 0x0000018e62955000, 0x0000018e6295e000, 0x0000018e62960800,
0x0000018e6295e800, 0x0000018e6295f800, 0x0000018e6295b800, 0x0000018e62961000,
0x0000018e62962000, 0x0000018e6295c800, 0x0000018e6295d000, 0x0000018e5fd65000,
0x0000018e5fd62800, 0x0000018e5fd63000, 0x0000018e5fd67000, 0x0000018e5fd68000,
0x0000018e5fd69000, 0x0000018e5fd69800, 0x0000018e5fd64000, 0x0000018e5fd6a800,
0x0000018e5fd66800, 0x0000018e5fd6b800, 0x0000018e5fd65800, 0x0000018e5fd6d000,
0x0000018e5fd6e000, 0x0000018e5fd70000, 0x0000018e5fd6c000, 0x0000018e5fd6e800,
0x0000018e5fd6f800, 0x0000018e5fd71000, 0x0000018e5fe26000, 0x0000018e5fe2b000,
0x0000018e5fe27800, 0x0000018e5fe29800, 0x0000018e5fe28800, 0x0000018e5fe2a000,
0x0000018e5fe25000, 0x0000018e5fe2b800, 0x0000018e5fe2c800, 0x0000018e5fe27000,
0x0000018e5fe33000, 0x0000018e5fe30000, 0x0000018e5fe30800, 0x0000018e5fe31800,
0x0000018e5fe2f000, 0x0000018e5fe32800, 0x0000018e5fe2d800, 0x0000018e5fe34000,
0x0000018e5fe2e000, 0x0000018e64491000, 0x0000018e64495000, 0x0000018e64491800,
0x0000018e64494000, 0x0000018e64493000, 0x0000018e64492800, 0x0000018e6448f000,
0x0000018e64490000, 0x0000018e64495800, 0x0000018e64496800, 0x0000018e6449a000,
0x0000018e6449d000, 0x0000018e6449a800, 0x0000018e6449b800, 0x0000018e6449c000,
0x0000018e64499000, 0x0000018e64497800, 0x0000018e6449e000, 0x0000018e64498000,
0x0000018e64568800, 0x0000018e6456b000, 0x0000018e6456a800, 0x0000018e6456c000,
0x0000018e64569800, 0x0000018e6456c800, 0x0000018e64567000, 0x0000018e6456d800,
0x0000018e64568000, 0x0000018e64571000, 0x0000018e64571800, 0x0000018e64574000,
0x0000018e6456f000, 0x0000018e64570000, 0x0000018e6456e800, 0x0000018e64572800,
0x0000018e64573800, 0x0000018e64575000, 0x0000018e64575800, 0x0000018e62764000,
0x0000018e62765000, 0x0000018e62769000, 0x0000018e62766800, 0x0000018e62766000,
0x0000018e62767800, 0x0000018e62768800, 0x0000018e62763800, 0x0000018e6276f000,
0x0000018e6276e000, 0x0000018e6276c800, 0x0000018e6276a800, 0x0000018e6276f800,
0x0000018e6276d000, 0x0000018e6276b800, 0x0000018e6276a000, 0x0000018e62770800,
0x0000018e62771000, 0x0000018e62772000, 0x0000018e63cf4800, 0x0000018e63cf8800,
0x0000018e63cf7000, 0x0000018e63cf6000, 0x0000018e63cf5800, 0x0000018e63cf7800,
0x0000018e63cf3800, 0x0000018e63d00000, 0x0000018e63cfc000, 0x0000018e63cfc800,
0x0000018e63cfb000, 0x0000018e64fce800, 0x0000018e63cff000, 0x0000018e63cfa000,
0x0000018e63cfe000
}

Java Threads: ( => current thread )
  0x0000018e438eb000 JavaThread "main" [_thread_blocked, id=14780, stack(0x00000081c3600000,0x00000081c3700000)]
  0x0000018e5daff000 JavaThread "Reference Handler" daemon [_thread_blocked, id=3448, stack(0x00000081c3d00000,0x00000081c3e00000)]
  0x0000018e5db08000 JavaThread "Finalizer" daemon [_thread_blocked, id=2200, stack(0x00000081c3e00000,0x00000081c3f00000)]
  0x0000018e5e4a2800 JavaThread "Signal Dispatcher" daemon [_thread_blocked, id=17100, stack(0x00000081c3f00000,0x00000081c4000000)]
  0x0000018e5db15000 JavaThread "Attach Listener" daemon [_thread_blocked, id=16676, stack(0x00000081c4000000,0x00000081c4100000)]
  0x0000018e5db17800 JavaThread "C2 CompilerThread0" daemon [_thread_blocked, id=6032, stack(0x00000081c4100000,0x00000081c4200000)]
  0x0000018e5db23800 JavaThread "C1 CompilerThread0" daemon [_thread_blocked, id=16068, stack(0x00000081c4200000,0x00000081c4300000)]
  0x0000018e5db28000 JavaThread "Sweeper thread" daemon [_thread_blocked, id=12312, stack(0x00000081c4300000,0x00000081c4400000)]
  0x0000018e5e602000 JavaThread "Common-Cleaner" daemon [_thread_blocked, id=15760, stack(0x00000081c4400000,0x00000081c4500000)]
  0x0000018e5e612000 JavaThread "Service Thread" daemon [_thread_blocked, id=15404, stack(0x00000081c4500000,0x00000081c4600000)]
  0x0000018e5fa7b000 JavaThread "Daemon health stats" [_thread_blocked, id=10108, stack(0x00000081c4900000,0x00000081c4a00000)]
  0x0000018e60573000 JavaThread "Incoming local TCP Connector on port 57909" [_thread_in_native, id=15972, stack(0x00000081c4b00000,0x00000081c4c00000)]
  0x0000018e5fa16800 JavaThread "Daemon periodic checks" [_thread_blocked, id=15412, stack(0x00000081c4c00000,0x00000081c4d00000)]
  0x0000018e604cc000 JavaThread "Daemon" [_thread_blocked, id=10188, stack(0x00000081c4d00000,0x00000081c4e00000)]
  0x0000018e5fe14800 JavaThread "Handler for socket connection from /127.0.0.1:57909 to /127.0.0.1:57910" [_thread_in_native, id=17184, stack(0x00000081c4e00000,0x00000081c4f00000)]
  0x0000018e5f5ee800 JavaThread "Cancel handler" [_thread_blocked, id=11524, stack(0x00000081c4f00000,0x00000081c5000000)]
  0x0000018e605cb800 JavaThread "Daemon worker" [_thread_blocked, id=10352, stack(0x00000081c5000000,0x00000081c5100000)]
  0x0000018e602f3800 JavaThread "Asynchronous log dispatcher for DefaultDaemonConnection: socket connection from /127.0.0.1:57909 to /127.0.0.1:57910" [_thread_blocked, id=7104, stack(0x00000081c5100000,0x00000081c5200000)]
  0x0000018e604e7000 JavaThread "Stdin handler" [_thread_blocked, id=16796, stack(0x00000081c5200000,0x00000081c5300000)]
  0x0000018e5ff39000 JavaThread "Thread-8" [_thread_blocked, id=15024, stack(0x00000081c5300000,0x00000081c5400000)]
  0x0000018e5ff35000 JavaThread "Cache worker for file hash cache (C:\Users\user\.gradle\caches\6.7.1\fileHashes)" [_thread_blocked, id=16696, stack(0x00000081c5600000,0x00000081c5700000)]
  0x0000018e5ff3a000 JavaThread "File lock request listener" [_thread_in_native, id=15744, stack(0x00000081c5700000,0x00000081c5800000)]
  0x0000018e5ff38000 JavaThread "Cache worker for journal cache (C:\Users\user\.gradle\caches\journal-1)" [_thread_blocked, id=16544, stack(0x00000081c5800000,0x00000081c5900000)]
  0x0000018e5ff3a800 JavaThread "Cache worker for file hash cache (D:\gthrAndroid\.gradle\6.7.1\fileHashes)" [_thread_blocked, id=17192, stack(0x00000081c5a00000,0x00000081c5b00000)]
  0x0000018e5ff3b800 JavaThread "Cache worker for checksums cache (D:\gthrAndroid\.gradle\checksums)" [_thread_blocked, id=2484, stack(0x00000081c5b00000,0x00000081c5c00000)]
  0x0000018e5ff37800 JavaThread "Cache worker for cache directory md-supplier (C:\Users\user\.gradle\caches\6.7.1\md-supplier)" [_thread_blocked, id=12072, stack(0x00000081c5c00000,0x00000081c5d00000)]
  0x0000018e5ff36000 JavaThread "Cache worker for cache directory md-rule (C:\Users\user\.gradle\caches\6.7.1\md-rule)" [_thread_blocked, id=7156, stack(0x00000081c5d00000,0x00000081c5e00000)]
  0x0000018e5ff36800 JavaThread "Cache worker for execution history cache (C:\Users\user\.gradle\caches\6.7.1\executionHistory)" [_thread_blocked, id=16840, stack(0x00000081c5e00000,0x00000081c5f00000)]
  0x0000018e60d4e800 JavaThread "jar transforms" [_thread_blocked, id=16488, stack(0x00000081c5f00000,0x00000081c6000000)]
  0x0000018e60d4a000 JavaThread "Cache worker for file content cache (C:\Users\user\.gradle\caches\6.7.1\fileContent)" [_thread_blocked, id=16200, stack(0x00000081c6000000,0x00000081c6100000)]
  0x0000018e60d49000 JavaThread "Cache worker for Build Output Cleanup Cache (D:\gthrAndroid\.gradle\buildOutputCleanup)" [_thread_blocked, id=15832, stack(0x00000081c6100000,0x00000081c6200000)]
  0x0000018e60d4f800 JavaThread "Build operations" [_thread_blocked, id=14036, stack(0x00000081c5900000,0x00000081c5a00000)]
  0x0000018e60d50800 JavaThread "Build operations Thread 2" [_thread_blocked, id=4240, stack(0x00000081c6200000,0x00000081c6300000)]
  0x0000018e60d4e000 JavaThread "Build operations Thread 3" [_thread_blocked, id=16080, stack(0x00000081c6300000,0x00000081c6400000)]
  0x0000018e60d4a800 JavaThread "Build operations Thread 4" [_thread_blocked, id=17176, stack(0x00000081c6400000,0x00000081c6500000)]
  0x0000018e60d52000 JavaThread "jar transforms Thread 2" [_thread_blocked, id=12504, stack(0x00000081c6600000,0x00000081c6700000)]
  0x0000018e60d4d000 JavaThread "jar transforms Thread 3" [_thread_blocked, id=16972, stack(0x00000081c6700000,0x00000081c6800000)]
  0x0000018e60d53000 JavaThread "jar transforms Thread 4" [_thread_blocked, id=8516, stack(0x00000081c6800000,0x00000081c6900000)]
  0x0000018e60d51000 JavaThread "jar transforms Thread 5" [_thread_blocked, id=16632, stack(0x00000081c6900000,0x00000081c6a00000)]
  0x0000018e60d55000 JavaThread "jar transforms Thread 6" [_thread_blocked, id=16300, stack(0x00000081c6a00000,0x00000081c6b00000)]
  0x0000018e60d53800 JavaThread "jar transforms Thread 7" [_thread_blocked, id=1912, stack(0x00000081c6b00000,0x00000081c6c00000)]
  0x0000018e60d56000 JavaThread "jar transforms Thread 8" [_thread_blocked, id=15944, stack(0x00000081c6c00000,0x00000081c6d00000)]
  0x0000018e60d54800 JavaThread "jar transforms Thread 9" [_thread_blocked, id=16492, stack(0x00000081c6d00000,0x00000081c6e00000)]
  0x0000018e60d57000 JavaThread "jar transforms Thread 10" [_thread_blocked, id=17320, stack(0x00000081c6e00000,0x00000081c6f00000)]
  0x0000018e62953800 JavaThread "jar transforms Thread 11" [_thread_blocked, id=16220, stack(0x00000081c6f00000,0x00000081c7000000)]
  0x0000018e62954000 JavaThread "jar transforms Thread 12" [_thread_blocked, id=15932, stack(0x00000081c7000000,0x00000081c7100000)]
  0x0000018e62957800 JavaThread "jar transforms Thread 13" [_thread_blocked, id=15516, stack(0x00000081c7100000,0x00000081c7200000)]
  0x0000018e62959000 JavaThread "jar transforms Thread 14" [_thread_blocked, id=10376, stack(0x00000081c7200000,0x00000081c7300000)]
  0x0000018e62958000 JavaThread "jar transforms Thread 15" [_thread_blocked, id=5940, stack(0x00000081c7300000,0x00000081c7400000)]
  0x0000018e6295a000 JavaThread "jar transforms Thread 16" [_thread_blocked, id=10272, stack(0x00000081c7400000,0x00000081c7500000)]
  0x0000018e62955800 JavaThread "jar transforms Thread 17" [_thread_blocked, id=16784, stack(0x00000081c7500000,0x00000081c7600000)]
  0x0000018e62956800 JavaThread "jar transforms Thread 18" [_thread_blocked, id=4316, stack(0x00000081c7600000,0x00000081c7700000)]
  0x0000018e6295a800 JavaThread "jar transforms Thread 19" [_thread_blocked, id=11896, stack(0x00000081c7700000,0x00000081c7800000)]
  0x0000018e62955000 JavaThread "jar transforms Thread 20" [_thread_blocked, id=7472, stack(0x00000081c7800000,0x00000081c7900000)]
  0x0000018e6295e000 JavaThread "jar transforms Thread 21" [_thread_blocked, id=11380, stack(0x00000081c7900000,0x00000081c7a00000)]
  0x0000018e62960800 JavaThread "jar transforms Thread 22" [_thread_blocked, id=11516, stack(0x00000081c7a00000,0x00000081c7b00000)]
  0x0000018e6295e800 JavaThread "jar transforms Thread 23" [_thread_blocked, id=16912, stack(0x00000081c7b00000,0x00000081c7c00000)]
  0x0000018e6295f800 JavaThread "jar transforms Thread 24" [_thread_blocked, id=12924, stack(0x00000081c7c00000,0x00000081c7d00000)]
  0x0000018e6295b800 JavaThread "jar transforms Thread 25" [_thread_blocked, id=3052, stack(0x00000081c7d00000,0x00000081c7e00000)]
  0x0000018e62961000 JavaThread "jar transforms Thread 26" [_thread_blocked, id=5504, stack(0x00000081c7e00000,0x00000081c7f00000)]
  0x0000018e62962000 JavaThread "jar transforms Thread 27" [_thread_blocked, id=16720, stack(0x00000081c7f00000,0x00000081c8000000)]
  0x0000018e6295c800 JavaThread "jar transforms Thread 28" [_thread_blocked, id=16364, stack(0x00000081c8000000,0x00000081c8100000)]
  0x0000018e6295d000 JavaThread "jar transforms Thread 29" [_thread_blocked, id=16336, stack(0x00000081c8100000,0x00000081c8200000)]
  0x0000018e5fd65000 JavaThread "jar transforms Thread 30" [_thread_blocked, id=12440, stack(0x00000081c8200000,0x00000081c8300000)]
  0x0000018e5fd62800 JavaThread "jar transforms Thread 31" [_thread_blocked, id=10276, stack(0x00000081c8300000,0x00000081c8400000)]
  0x0000018e5fd63000 JavaThread "jar transforms Thread 32" [_thread_blocked, id=10416, stack(0x00000081c8400000,0x00000081c8500000)]
  0x0000018e5fd67000 JavaThread "jar transforms Thread 33" [_thread_blocked, id=16688, stack(0x00000081c8500000,0x00000081c8600000)]
  0x0000018e5fd68000 JavaThread "jar transforms Thread 34" [_thread_blocked, id=15416, stack(0x00000081c8600000,0x00000081c8700000)]
  0x0000018e5fd69000 JavaThread "jar transforms Thread 35" [_thread_blocked, id=7260, stack(0x00000081c8700000,0x00000081c8800000)]
  0x0000018e5fd69800 JavaThread "jar transforms Thread 36" [_thread_blocked, id=15952, stack(0x00000081c8800000,0x00000081c8900000)]
  0x0000018e5fd64000 JavaThread "jar transforms Thread 37" [_thread_blocked, id=10320, stack(0x00000081c8900000,0x00000081c8a00000)]
  0x0000018e5fd6a800 JavaThread "jar transforms Thread 38" [_thread_blocked, id=14820, stack(0x00000081c8a00000,0x00000081c8b00000)]
  0x0000018e5fd66800 JavaThread "jar transforms Thread 39" [_thread_blocked, id=9600, stack(0x00000081c8b00000,0x00000081c8c00000)]
  0x0000018e5fd6b800 JavaThread "jar transforms Thread 40" [_thread_blocked, id=6388, stack(0x00000081c8c00000,0x00000081c8d00000)]
  0x0000018e5fd65800 JavaThread "jar transforms Thread 41" [_thread_blocked, id=16388, stack(0x00000081c8d00000,0x00000081c8e00000)]
  0x0000018e5fd6d000 JavaThread "jar transforms Thread 42" [_thread_blocked, id=9424, stack(0x00000081c8e00000,0x00000081c8f00000)]
  0x0000018e5fd6e000 JavaThread "jar transforms Thread 43" [_thread_blocked, id=17072, stack(0x00000081c8f00000,0x00000081c9000000)]
  0x0000018e5fd70000 JavaThread "jar transforms Thread 44" [_thread_blocked, id=1488, stack(0x00000081c9000000,0x00000081c9100000)]
  0x0000018e5fd6c000 JavaThread "jar transforms Thread 45" [_thread_blocked, id=1184, stack(0x00000081c9100000,0x00000081c9200000)]
  0x0000018e5fd6e800 JavaThread "jar transforms Thread 46" [_thread_blocked, id=12172, stack(0x00000081c9200000,0x00000081c9300000)]
  0x0000018e5fd6f800 JavaThread "jar transforms Thread 47" [_thread_blocked, id=11324, stack(0x00000081c9300000,0x00000081c9400000)]
  0x0000018e5fd71000 JavaThread "jar transforms Thread 48" [_thread_blocked, id=17036, stack(0x00000081c9400000,0x00000081c9500000)]
  0x0000018e5fe26000 JavaThread "jar transforms Thread 49" [_thread_blocked, id=16884, stack(0x00000081c9500000,0x00000081c9600000)]
  0x0000018e5fe2b000 JavaThread "jar transforms Thread 50" [_thread_blocked, id=16876, stack(0x00000081c9600000,0x00000081c9700000)]
  0x0000018e5fe27800 JavaThread "jar transforms Thread 51" [_thread_blocked, id=15364, stack(0x00000081c9700000,0x00000081c9800000)]
  0x0000018e5fe29800 JavaThread "jar transforms Thread 52" [_thread_blocked, id=16896, stack(0x00000081c9800000,0x00000081c9900000)]
  0x0000018e5fe28800 JavaThread "jar transforms Thread 53" [_thread_blocked, id=1056, stack(0x00000081c9900000,0x00000081c9a00000)]
  0x0000018e5fe2a000 JavaThread "jar transforms Thread 54" [_thread_blocked, id=15620, stack(0x00000081c9a00000,0x00000081c9b00000)]
  0x0000018e5fe25000 JavaThread "jar transforms Thread 55" [_thread_blocked, id=13080, stack(0x00000081c9b00000,0x00000081c9c00000)]
  0x0000018e5fe2b800 JavaThread "jar transforms Thread 56" [_thread_blocked, id=9840, stack(0x00000081c9c00000,0x00000081c9d00000)]
  0x0000018e5fe2c800 JavaThread "jar transforms Thread 57" [_thread_blocked, id=10456, stack(0x00000081c9d00000,0x00000081c9e00000)]
  0x0000018e5fe27000 JavaThread "jar transforms Thread 58" [_thread_blocked, id=15444, stack(0x00000081c9e00000,0x00000081c9f00000)]
  0x0000018e5fe33000 JavaThread "jar transforms Thread 59" [_thread_blocked, id=16880, stack(0x00000081c9f00000,0x00000081ca000000)]
  0x0000018e5fe30000 JavaThread "jar transforms Thread 60" [_thread_blocked, id=15268, stack(0x00000081ca000000,0x00000081ca100000)]
  0x0000018e5fe30800 JavaThread "jar transforms Thread 61" [_thread_blocked, id=7648, stack(0x00000081ca100000,0x00000081ca200000)]
  0x0000018e5fe31800 JavaThread "jar transforms Thread 62" [_thread_blocked, id=16948, stack(0x00000081ca200000,0x00000081ca300000)]
  0x0000018e5fe2f000 JavaThread "jar transforms Thread 63" [_thread_blocked, id=16932, stack(0x00000081ca300000,0x00000081ca400000)]
  0x0000018e5fe32800 JavaThread "jar transforms Thread 64" [_thread_blocked, id=16476, stack(0x00000081ca400000,0x00000081ca500000)]
  0x0000018e5fe2d800 JavaThread "jar transforms Thread 65" [_thread_blocked, id=15288, stack(0x00000081ca500000,0x00000081ca600000)]
  0x0000018e5fe34000 JavaThread "jar transforms Thread 66" [_thread_blocked, id=10756, stack(0x00000081ca600000,0x00000081ca700000)]
  0x0000018e5fe2e000 JavaThread "jar transforms Thread 67" [_thread_blocked, id=6960, stack(0x00000081ca700000,0x00000081ca800000)]
  0x0000018e64491000 JavaThread "jar transforms Thread 68" [_thread_blocked, id=11592, stack(0x00000081ca800000,0x00000081ca900000)]
  0x0000018e64495000 JavaThread "jar transforms Thread 69" [_thread_blocked, id=13720, stack(0x00000081ca900000,0x00000081caa00000)]
  0x0000018e64491800 JavaThread "jar transforms Thread 70" [_thread_blocked, id=7844, stack(0x00000081caa00000,0x00000081cab00000)]
  0x0000018e64494000 JavaThread "jar transforms Thread 71" [_thread_blocked, id=16052, stack(0x00000081cab00000,0x00000081cac00000)]
  0x0000018e64493000 JavaThread "jar transforms Thread 72" [_thread_blocked, id=16208, stack(0x00000081cac00000,0x00000081cad00000)]
  0x0000018e64492800 JavaThread "jar transforms Thread 73" [_thread_blocked, id=3224, stack(0x00000081cad00000,0x00000081cae00000)]
  0x0000018e6448f000 JavaThread "jar transforms Thread 74" [_thread_blocked, id=11420, stack(0x00000081cae00000,0x00000081caf00000)]
  0x0000018e64490000 JavaThread "jar transforms Thread 75" [_thread_blocked, id=11448, stack(0x00000081caf00000,0x00000081cb000000)]
  0x0000018e64495800 JavaThread "jar transforms Thread 76" [_thread_blocked, id=8460, stack(0x00000081cb000000,0x00000081cb100000)]
  0x0000018e64496800 JavaThread "jar transforms Thread 77" [_thread_blocked, id=12052, stack(0x00000081cb100000,0x00000081cb200000)]
  0x0000018e6449a000 JavaThread "jar transforms Thread 78" [_thread_blocked, id=8216, stack(0x00000081cb200000,0x00000081cb300000)]
  0x0000018e6449d000 JavaThread "jar transforms Thread 79" [_thread_blocked, id=15600, stack(0x00000081cb300000,0x00000081cb400000)]
  0x0000018e6449a800 JavaThread "jar transforms Thread 80" [_thread_blocked, id=16368, stack(0x00000081cb400000,0x00000081cb500000)]
  0x0000018e6449b800 JavaThread "jar transforms Thread 81" [_thread_blocked, id=16760, stack(0x00000081cb500000,0x00000081cb600000)]
  0x0000018e6449c000 JavaThread "jar transforms Thread 82" [_thread_blocked, id=17024, stack(0x00000081cb600000,0x00000081cb700000)]
  0x0000018e64499000 JavaThread "jar transforms Thread 83" [_thread_blocked, id=17144, stack(0x00000081cb700000,0x00000081cb800000)]
  0x0000018e64497800 JavaThread "jar transforms Thread 84" [_thread_blocked, id=10508, stack(0x00000081cb800000,0x00000081cb900000)]
  0x0000018e6449e000 JavaThread "jar transforms Thread 85" [_thread_blocked, id=13072, stack(0x00000081cb900000,0x00000081cba00000)]
  0x0000018e64498000 JavaThread "jar transforms Thread 86" [_thread_blocked, id=15520, stack(0x00000081cba00000,0x00000081cbb00000)]
  0x0000018e64568800 JavaThread "jar transforms Thread 87" [_thread_blocked, id=6812, stack(0x00000081cbb00000,0x00000081cbc00000)]
  0x0000018e6456b000 JavaThread "jar transforms Thread 88" [_thread_blocked, id=2032, stack(0x00000081cbc00000,0x00000081cbd00000)]
  0x0000018e6456a800 JavaThread "jar transforms Thread 89" [_thread_blocked, id=11648, stack(0x00000081cbd00000,0x00000081cbe00000)]
  0x0000018e6456c000 JavaThread "jar transforms Thread 90" [_thread_blocked, id=7068, stack(0x00000081cbe00000,0x00000081cbf00000)]
  0x0000018e64569800 JavaThread "jar transforms Thread 91" [_thread_blocked, id=17088, stack(0x00000081cbf00000,0x00000081cc000000)]
  0x0000018e6456c800 JavaThread "jar transforms Thread 92" [_thread_blocked, id=6440, stack(0x00000081cc000000,0x00000081cc100000)]
  0x0000018e64567000 JavaThread "jar transforms Thread 93" [_thread_blocked, id=17064, stack(0x00000081cc100000,0x00000081cc200000)]
  0x0000018e6456d800 JavaThread "jar transforms Thread 94" [_thread_blocked, id=14280, stack(0x00000081cc200000,0x00000081cc300000)]
  0x0000018e64568000 JavaThread "jar transforms Thread 95" [_thread_blocked, id=11020, stack(0x00000081cc300000,0x00000081cc400000)]
  0x0000018e64571000 JavaThread "jar transforms Thread 96" [_thread_blocked, id=15408, stack(0x00000081cc400000,0x00000081cc500000)]
  0x0000018e64571800 JavaThread "jar transforms Thread 97" [_thread_blocked, id=8796, stack(0x00000081cc500000,0x00000081cc600000)]
  0x0000018e64574000 JavaThread "jar transforms Thread 98" [_thread_blocked, id=16716, stack(0x00000081cc600000,0x00000081cc700000)]
  0x0000018e6456f000 JavaThread "jar transforms Thread 99" [_thread_blocked, id=14592, stack(0x00000081cc700000,0x00000081cc800000)]
  0x0000018e64570000 JavaThread "jar transforms Thread 100" [_thread_blocked, id=15900, stack(0x00000081cc800000,0x00000081cc900000)]
  0x0000018e6456e800 JavaThread "jar transforms Thread 101" [_thread_blocked, id=17392, stack(0x00000081cc900000,0x00000081cca00000)]
  0x0000018e64572800 JavaThread "jar transforms Thread 102" [_thread_blocked, id=15736, stack(0x00000081cca00000,0x00000081ccb00000)]
  0x0000018e64573800 JavaThread "jar transforms Thread 103" [_thread_blocked, id=9692, stack(0x00000081ccb00000,0x00000081ccc00000)]
  0x0000018e64575000 JavaThread "jar transforms Thread 104" [_thread_blocked, id=2704, stack(0x00000081ccc00000,0x00000081ccd00000)]
  0x0000018e64575800 JavaThread "jar transforms Thread 105" [_thread_blocked, id=5884, stack(0x00000081ccd00000,0x00000081cce00000)]
  0x0000018e62764000 JavaThread "jar transforms Thread 106" [_thread_blocked, id=16684, stack(0x00000081cce00000,0x00000081ccf00000)]
  0x0000018e62765000 JavaThread "jar transforms Thread 107" [_thread_blocked, id=17356, stack(0x00000081ccf00000,0x00000081cd000000)]
  0x0000018e62769000 JavaThread "jar transforms Thread 108" [_thread_blocked, id=14596, stack(0x00000081cd000000,0x00000081cd100000)]
  0x0000018e62766800 JavaThread "jar transforms Thread 109" [_thread_blocked, id=10176, stack(0x00000081cd100000,0x00000081cd200000)]
  0x0000018e62766000 JavaThread "jar transforms Thread 110" [_thread_blocked, id=16580, stack(0x00000081cd200000,0x00000081cd300000)]
  0x0000018e62767800 JavaThread "jar transforms Thread 111" [_thread_blocked, id=6992, stack(0x00000081cd300000,0x00000081cd400000)]
  0x0000018e62768800 JavaThread "jar transforms Thread 112" [_thread_blocked, id=10096, stack(0x00000081cd400000,0x00000081cd500000)]
  0x0000018e62763800 JavaThread "jar transforms Thread 113" [_thread_blocked, id=16944, stack(0x00000081cd500000,0x00000081cd600000)]
  0x0000018e6276f000 JavaThread "jar transforms Thread 114" [_thread_blocked, id=7308, stack(0x00000081cd600000,0x00000081cd700000)]
  0x0000018e6276e000 JavaThread "jar transforms Thread 115" [_thread_blocked, id=1680, stack(0x00000081cd700000,0x00000081cd800000)]
  0x0000018e6276c800 JavaThread "jar transforms Thread 116" [_thread_blocked, id=4752, stack(0x00000081cd800000,0x00000081cd900000)]
  0x0000018e6276a800 JavaThread "jar transforms Thread 117" [_thread_blocked, id=2180, stack(0x00000081cd900000,0x00000081cda00000)]
  0x0000018e6276f800 JavaThread "jar transforms Thread 118" [_thread_blocked, id=3656, stack(0x00000081cda00000,0x00000081cdb00000)]
  0x0000018e6276d000 JavaThread "jar transforms Thread 119" [_thread_blocked, id=10236, stack(0x00000081cdb00000,0x00000081cdc00000)]
  0x0000018e6276b800 JavaThread "jar transforms Thread 120" [_thread_blocked, id=12092, stack(0x00000081cdc00000,0x00000081cdd00000)]
  0x0000018e6276a000 JavaThread "jar transforms Thread 121" [_thread_blocked, id=15696, stack(0x00000081cdd00000,0x00000081cde00000)]
  0x0000018e62770800 JavaThread "jar transforms Thread 122" [_thread_blocked, id=15784, stack(0x00000081cde00000,0x00000081cdf00000)]
  0x0000018e62771000 JavaThread "jar transforms Thread 123" [_thread_blocked, id=15812, stack(0x00000081cdf00000,0x00000081ce000000)]
  0x0000018e62772000 JavaThread "jar transforms Thread 124" [_thread_blocked, id=2156, stack(0x00000081ce000000,0x00000081ce100000)]
  0x0000018e63cf4800 JavaThread "Memory manager" [_thread_blocked, id=5944, stack(0x00000081ce100000,0x00000081ce200000)]
  0x0000018e63cf8800 JavaThread "build event listener" [_thread_blocked, id=6456, stack(0x00000081ce200000,0x00000081ce300000)]
  0x0000018e63cf7000 JavaThread "build event listener" [_thread_blocked, id=12644, stack(0x00000081ce300000,0x00000081ce400000)]
  0x0000018e63cf6000 JavaThread "Execution worker for ':'" [_thread_blocked, id=7056, stack(0x00000081ce400000,0x00000081ce500000)]
  0x0000018e63cf5800 JavaThread "Execution worker for ':' Thread 2" [_thread_blocked, id=8660, stack(0x00000081ce500000,0x00000081ce600000)]
  0x0000018e63cf7800 JavaThread "Execution worker for ':' Thread 3" [_thread_blocked, id=7928, stack(0x00000081ce600000,0x00000081ce700000)]
  0x0000018e63cf3800 JavaThread "Cache worker for execution history cache (D:\gthrAndroid\.gradle\6.7.1\executionHistory)" [_thread_blocked, id=16768, stack(0x00000081ce700000,0x00000081ce800000)]
  0x0000018e63d00000 JavaThread "WorkerExecutor Queue" [_thread_blocked, id=17040, stack(0x00000081ce800000,0x00000081ce900000)]
  0x0000018e63cfc000 JavaThread "WorkerExecutor Queue Thread 2" [_thread_blocked, id=17212, stack(0x00000081ce900000,0x00000081cea00000)]
  0x0000018e63cfc800 JavaThread "WorkerExecutor Queue Thread 4" [_thread_blocked, id=11428, stack(0x00000081ceb00000,0x00000081cec00000)]
  0x0000018e63cfb000 JavaThread "WorkerExecutor Queue Thread 5" [_thread_blocked, id=9164, stack(0x00000081cec00000,0x00000081ced00000)]
  0x0000018e64fce800 JavaThread "C2 CompilerThread1" daemon [_thread_in_native, id=10724, stack(0x00000081c6500000,0x00000081c6600000)]
  0x0000018e63cff000 JavaThread "pool-4-thread-1" [_thread_blocked, id=16104, stack(0x00000081cea00000,0x00000081ceb00000)]
  0x0000018e63cfa000 JavaThread "stderr" [_thread_in_native, id=16952, stack(0x00000081ced00000,0x00000081cee00000)]
  0x0000018e63cfe000 JavaThread "stdout" [_thread_in_native, id=4828, stack(0x00000081cee00000,0x00000081cef00000)]

Other Threads:
=>0x0000018e5daf7800 VMThread "VM Thread" [stack: 0x00000081c3c00000,0x00000081c3d00000] [id=11708]
  0x0000018e5e64e800 WatcherThread [stack: 0x00000081c4600000,0x00000081c4700000] [id=15460]
  0x0000018e43904000 GCTaskThread "GC Thread#0" [stack: 0x00000081c3700000,0x00000081c3800000] [id=14848]
  0x0000018e5eb5b800 GCTaskThread "GC Thread#1" [stack: 0x00000081c4800000,0x00000081c4900000] [id=17124]
  0x0000018e5fb57800 GCTaskThread "GC Thread#2" [stack: 0x00000081c5400000,0x00000081c5500000] [id=15708]
  0x0000018e5f69d000 GCTaskThread "GC Thread#3" [stack: 0x00000081c5500000,0x00000081c5600000] [id=9792]
  0x0000018e43934800 ConcurrentGCThread "G1 Main Marker" [stack: 0x00000081c3800000,0x00000081c3900000] [id=5572]
  0x0000018e43936800 ConcurrentGCThread "G1 Conc#0" [stack: 0x00000081c3900000,0x00000081c3a00000] [id=13428]
  0x0000018e439c6800 ConcurrentGCThread "G1 Refine#0" [stack: 0x00000081c3a00000,0x00000081c3b00000] [id=16904]
  0x0000018e439c7800 ConcurrentGCThread "G1 Young RemSet Sampling" [stack: 0x00000081c3b00000,0x00000081c3c00000] [id=6508]

Threads with active compile tasks:
C2 CompilerThread1  30327 11835       4       com.android.tools.r8.dex.n::m (2054 bytes)

VM state:at safepoint (normal execution)

VM Mutex/Monitor currently owned by a thread:  ([mutex/lock_event])
[0x0000018e438e8110] Threads_lock - owner thread: 0x0000018e5daf7800
[0x0000018e438e64f0] Heap_lock - owner thread: 0x0000018e63cfc800

Heap address: 0x0000000080000000, size: 2048 MB, Compressed Oops mode: 32-bit
Narrow klass base: 0x0000000000000000, Narrow klass shift: 3
Compressed class space size: 1073741824 Address: 0x0000000100000000

Heap:
 garbage-first heap   total 501760K, used 218112K [0x0000000080000000, 0x0000000100000000)
  region size 1024K, 2 young (2048K), 2 survivors (2048K)
 Metaspace       used 90457K, capacity 92559K, committed 92800K, reserved 1130496K
  class space    used 11579K, capacity 12313K, committed 12416K, reserved 1048576K
Heap Regions: E=young(eden), S=young(survivor), O=old, HS=humongous(starts), HC=humongous(continues), CS=collection set, F=free, A=archive, TAMS=top-at-mark-start (previous, next)
|   0|0x0000000080000000, 0x0000000080100000, 0x0000000080100000|100%| O|  |TAMS 0x0000000080100000, 0x0000000080100000| Untracked 
|   1|0x0000000080100000, 0x0000000080200000, 0x0000000080200000|100%| O|  |TAMS 0x0000000080200000, 0x0000000080200000| Untracked 
|   2|0x0000000080200000, 0x0000000080300000, 0x0000000080300000|100%| O|  |TAMS 0x0000000080300000, 0x0000000080300000| Untracked 
|   3|0x0000000080300000, 0x0000000080400000, 0x0000000080400000|100%|HS|  |TAMS 0x0000000080400000, 0x0000000080400000| Complete 
|   4|0x0000000080400000, 0x0000000080500000, 0x0000000080500000|100%|HC|  |TAMS 0x0000000080500000, 0x0000000080500000| Complete 
|   5|0x0000000080500000, 0x0000000080600000, 0x0000000080600000|100%|HC|  |TAMS 0x0000000080600000, 0x0000000080600000| Complete 
|   6|0x0000000080600000, 0x0000000080700000, 0x0000000080700000|100%| O|  |TAMS 0x0000000080700000, 0x0000000080700000| Untracked 
|   7|0x0000000080700000, 0x0000000080800000, 0x0000000080800000|100%| O|  |TAMS 0x0000000080800000, 0x0000000080800000| Untracked 
|   8|0x0000000080800000, 0x0000000080900000, 0x0000000080900000|100%| O|  |TAMS 0x0000000080900000, 0x0000000080900000| Untracked 
|   9|0x0000000080900000, 0x0000000080a00000, 0x0000000080a00000|100%| O|  |TAMS 0x0000000080a00000, 0x0000000080a00000| Untracked 
|  10|0x0000000080a00000, 0x0000000080b00000, 0x0000000080b00000|100%| O|  |TAMS 0x0000000080b00000, 0x0000000080b00000| Untracked 
|  11|0x0000000080b00000, 0x0000000080c00000, 0x0000000080c00000|100%| O|  |TAMS 0x0000000080c00000, 0x0000000080c00000| Untracked 
|  12|0x0000000080c00000, 0x0000000080d00000, 0x0000000080d00000|100%| O|  |TAMS 0x0000000080d00000, 0x0000000080d00000| Untracked 
|  13|0x0000000080d00000, 0x0000000080e00000, 0x0000000080e00000|100%| O|  |TAMS 0x0000000080e00000, 0x0000000080e00000| Untracked 
|  14|0x0000000080e00000, 0x0000000080f00000, 0x0000000080f00000|100%| O|  |TAMS 0x0000000080f00000, 0x0000000080f00000| Untracked 
|  15|0x0000000080f00000, 0x0000000081000000, 0x0000000081000000|100%| O|  |TAMS 0x0000000081000000, 0x0000000081000000| Untracked 
|  16|0x0000000081000000, 0x0000000081100000, 0x0000000081100000|100%|HS|  |TAMS 0x0000000081100000, 0x0000000081100000| Complete 
|  17|0x0000000081100000, 0x0000000081200000, 0x0000000081200000|100%|HS|  |TAMS 0x0000000081200000, 0x0000000081200000| Complete 
|  18|0x0000000081200000, 0x0000000081300000, 0x0000000081300000|100%|HC|  |TAMS 0x0000000081300000, 0x0000000081300000| Complete 
|  19|0x0000000081300000, 0x0000000081400000, 0x0000000081400000|100%|HC|  |TAMS 0x0000000081400000, 0x0000000081400000| Complete 
|  20|0x0000000081400000, 0x0000000081500000, 0x0000000081500000|100%|HS|  |TAMS 0x0000000081500000, 0x0000000081500000| Complete 
|  21|0x0000000081500000, 0x0000000081600000, 0x0000000081600000|100%|HC|  |TAMS 0x0000000081600000, 0x0000000081600000| Complete 
|  22|0x0000000081600000, 0x0000000081700000, 0x0000000081700000|100%| O|  |TAMS 0x0000000081700000, 0x0000000081700000| Untracked 
|  23|0x0000000081700000, 0x0000000081800000, 0x0000000081800000|100%| O|  |TAMS 0x0000000081800000, 0x0000000081800000| Untracked 
|  24|0x0000000081800000, 0x0000000081900000, 0x0000000081900000|100%| O|  |TAMS 0x0000000081900000, 0x0000000081900000| Untracked 
|  25|0x0000000081900000, 0x0000000081a00000, 0x0000000081a00000|100%| O|  |TAMS 0x0000000081a00000, 0x0000000081a00000| Untracked 
|  26|0x0000000081a00000, 0x0000000081b00000, 0x0000000081b00000|100%| O|  |TAMS 0x0000000081b00000, 0x0000000081b00000| Untracked 
|  27|0x0000000081b00000, 0x0000000081c00000, 0x0000000081c00000|100%| O|  |TAMS 0x0000000081c00000, 0x0000000081c00000| Untracked 
|  28|0x0000000081c00000, 0x0000000081d00000, 0x0000000081d00000|100%| O|  |TAMS 0x0000000081d00000, 0x0000000081d00000| Untracked 
|  29|0x0000000081d00000, 0x0000000081e00000, 0x0000000081e00000|100%| O|  |TAMS 0x0000000081e00000, 0x0000000081e00000| Untracked 
|  30|0x0000000081e00000, 0x0000000081f00000, 0x0000000081f00000|100%| O|  |TAMS 0x0000000081f00000, 0x0000000081f00000| Untracked 
|  31|0x0000000081f00000, 0x0000000082000000, 0x0000000082000000|100%| O|  |TAMS 0x0000000082000000, 0x0000000082000000| Untracked 
|  32|0x0000000082000000, 0x0000000082100000, 0x0000000082100000|100%| O|  |TAMS 0x0000000082100000, 0x0000000082100000| Untracked 
|  33|0x0000000082100000, 0x0000000082200000, 0x0000000082200000|100%| O|  |TAMS 0x0000000082200000, 0x0000000082200000| Untracked 
|  34|0x0000000082200000, 0x0000000082300000, 0x0000000082300000|100%| O|  |TAMS 0x0000000082300000, 0x0000000082300000| Untracked 
|  35|0x0000000082300000, 0x0000000082400000, 0x0000000082400000|100%| O|  |TAMS 0x0000000082400000, 0x0000000082400000| Untracked 
|  36|0x0000000082400000, 0x0000000082500000, 0x0000000082500000|100%| O|  |TAMS 0x0000000082500000, 0x0000000082500000| Untracked 
|  37|0x0000000082500000, 0x0000000082600000, 0x0000000082600000|100%| O|  |TAMS 0x0000000082600000, 0x0000000082600000| Untracked 
|  38|0x0000000082600000, 0x0000000082700000, 0x0000000082700000|100%| O|  |TAMS 0x0000000082700000, 0x0000000082700000| Untracked 
|  39|0x0000000082700000, 0x0000000082800000, 0x0000000082800000|100%| O|  |TAMS 0x0000000082800000, 0x0000000082800000| Untracked 
|  40|0x0000000082800000, 0x0000000082900000, 0x0000000082900000|100%| O|  |TAMS 0x0000000082900000, 0x0000000082900000| Untracked 
|  41|0x0000000082900000, 0x0000000082a00000, 0x0000000082a00000|100%| O|  |TAMS 0x0000000082a00000, 0x0000000082a00000| Untracked 
|  42|0x0000000082a00000, 0x0000000082b00000, 0x0000000082b00000|100%| O|  |TAMS 0x0000000082b00000, 0x0000000082b00000| Untracked 
|  43|0x0000000082b00000, 0x0000000082c00000, 0x0000000082c00000|100%| O|  |TAMS 0x0000000082c00000, 0x0000000082c00000| Untracked 
|  44|0x0000000082c00000, 0x0000000082d00000, 0x0000000082d00000|100%| O|  |TAMS 0x0000000082d00000, 0x0000000082d00000| Untracked 
|  45|0x0000000082d00000, 0x0000000082e00000, 0x0000000082e00000|100%| O|  |TAMS 0x0000000082e00000, 0x0000000082e00000| Untracked 
|  46|0x0000000082e00000, 0x0000000082f00000, 0x0000000082f00000|100%| O|  |TAMS 0x0000000082f00000, 0x0000000082f00000| Untracked 
|  47|0x0000000082f00000, 0x0000000083000000, 0x0000000083000000|100%| O|  |TAMS 0x0000000083000000, 0x0000000083000000| Untracked 
|  48|0x0000000083000000, 0x0000000083100000, 0x0000000083100000|100%| O|  |TAMS 0x0000000083000000, 0x0000000083100000| Untracked 
|  49|0x0000000083100000, 0x0000000083200000, 0x0000000083200000|100%| O|  |TAMS 0x0000000083200000, 0x0000000083200000| Untracked 
|  50|0x0000000083200000, 0x0000000083300000, 0x0000000083300000|100%| O|  |TAMS 0x0000000083300000, 0x0000000083300000| Untracked 
|  51|0x0000000083300000, 0x0000000083400000, 0x0000000083400000|100%| O|  |TAMS 0x0000000083400000, 0x0000000083400000| Untracked 
|  52|0x0000000083400000, 0x0000000083500000, 0x0000000083500000|100%| O|  |TAMS 0x0000000083500000, 0x0000000083500000| Untracked 
|  53|0x0000000083500000, 0x0000000083600000, 0x0000000083600000|100%| O|  |TAMS 0x0000000083600000, 0x0000000083600000| Untracked 
|  54|0x0000000083600000, 0x0000000083700000, 0x0000000083700000|100%| O|  |TAMS 0x0000000083700000, 0x0000000083700000| Untracked 
|  55|0x0000000083700000, 0x0000000083800000, 0x0000000083800000|100%| O|  |TAMS 0x0000000083800000, 0x0000000083800000| Untracked 
|  56|0x0000000083800000, 0x0000000083900000, 0x0000000083900000|100%| O|  |TAMS 0x0000000083900000, 0x0000000083900000| Untracked 
|  57|0x0000000083900000, 0x0000000083a00000, 0x0000000083a00000|100%| O|  |TAMS 0x0000000083a00000, 0x0000000083a00000| Untracked 
|  58|0x0000000083a00000, 0x0000000083b00000, 0x0000000083b00000|100%| O|  |TAMS 0x0000000083b00000, 0x0000000083b00000| Untracked 
|  59|0x0000000083b00000, 0x0000000083c00000, 0x0000000083c00000|100%| O|  |TAMS 0x0000000083c00000, 0x0000000083c00000| Untracked 
|  60|0x0000000083c00000, 0x0000000083d00000, 0x0000000083d00000|100%| O|  |TAMS 0x0000000083d00000, 0x0000000083d00000| Untracked 
|  61|0x0000000083d00000, 0x0000000083e00000, 0x0000000083e00000|100%| O|  |TAMS 0x0000000083e00000, 0x0000000083e00000| Untracked 
|  62|0x0000000083e00000, 0x0000000083f00000, 0x0000000083f00000|100%| O|  |TAMS 0x0000000083f00000, 0x0000000083f00000| Untracked 
|  63|0x0000000083f00000, 0x0000000084000000, 0x0000000084000000|100%| O|  |TAMS 0x0000000084000000, 0x0000000084000000| Untracked 
|  64|0x0000000084000000, 0x0000000084100000, 0x0000000084100000|100%| O|  |TAMS 0x0000000084100000, 0x0000000084100000| Untracked 
|  65|0x0000000084100000, 0x0000000084200000, 0x0000000084200000|100%| O|  |TAMS 0x0000000084200000, 0x0000000084200000| Untracked 
|  66|0x0000000084200000, 0x0000000084300000, 0x0000000084300000|100%| O|  |TAMS 0x0000000084300000, 0x0000000084300000| Untracked 
|  67|0x0000000084300000, 0x0000000084400000, 0x0000000084400000|100%| O|  |TAMS 0x0000000084400000, 0x0000000084400000| Untracked 
|  68|0x0000000084400000, 0x0000000084500000, 0x0000000084500000|100%| O|  |TAMS 0x0000000084500000, 0x0000000084500000| Untracked 
|  69|0x0000000084500000, 0x0000000084600000, 0x0000000084600000|100%| O|  |TAMS 0x0000000084600000, 0x0000000084600000| Untracked 
|  70|0x0000000084600000, 0x0000000084700000, 0x0000000084700000|100%| O|  |TAMS 0x0000000084700000, 0x0000000084700000| Untracked 
|  71|0x0000000084700000, 0x0000000084800000, 0x0000000084800000|100%| O|  |TAMS 0x0000000084800000, 0x0000000084800000| Untracked 
|  72|0x0000000084800000, 0x0000000084900000, 0x0000000084900000|100%| O|  |TAMS 0x0000000084900000, 0x0000000084900000| Untracked 
|  73|0x0000000084900000, 0x0000000084a00000, 0x0000000084a00000|100%| O|  |TAMS 0x0000000084a00000, 0x0000000084a00000| Untracked 
|  74|0x0000000084a00000, 0x0000000084b00000, 0x0000000084b00000|100%| O|  |TAMS 0x0000000084b00000, 0x0000000084b00000| Untracked 
|  75|0x0000000084b00000, 0x0000000084c00000, 0x0000000084c00000|100%| O|  |TAMS 0x0000000084b00000, 0x0000000084c00000| Untracked 
|  76|0x0000000084c00000, 0x0000000084d00000, 0x0000000084d00000|100%| O|  |TAMS 0x0000000084d00000, 0x0000000084d00000| Untracked 
|  77|0x0000000084d00000, 0x0000000084e00000, 0x0000000084e00000|100%| O|  |TAMS 0x0000000084e00000, 0x0000000084e00000| Untracked 
|  78|0x0000000084e00000, 0x0000000084f00000, 0x0000000084f00000|100%| O|  |TAMS 0x0000000084f00000, 0x0000000084f00000| Untracked 
|  79|0x0000000084f00000, 0x0000000085000000, 0x0000000085000000|100%| O|  |TAMS 0x0000000085000000, 0x0000000085000000| Untracked 
|  80|0x0000000085000000, 0x0000000085100000, 0x0000000085100000|100%| O|  |TAMS 0x0000000085100000, 0x0000000085100000| Untracked 
|  81|0x0000000085100000, 0x0000000085200000, 0x0000000085200000|100%| O|  |TAMS 0x0000000085200000, 0x0000000085200000| Untracked 
|  82|0x0000000085200000, 0x0000000085300000, 0x0000000085300000|100%| O|  |TAMS 0x0000000085300000, 0x0000000085300000| Untracked 
|  83|0x0000000085300000, 0x0000000085400000, 0x0000000085400000|100%| O|  |TAMS 0x0000000085400000, 0x0000000085400000| Untracked 
|  84|0x0000000085400000, 0x0000000085500000, 0x0000000085500000|100%| O|  |TAMS 0x0000000085500000, 0x0000000085500000| Untracked 
|  85|0x0000000085500000, 0x0000000085600000, 0x0000000085600000|100%| O|  |TAMS 0x0000000085600000, 0x0000000085600000| Untracked 
|  86|0x0000000085600000, 0x0000000085700000, 0x0000000085700000|100%| O|  |TAMS 0x0000000085700000, 0x0000000085700000| Untracked 
|  87|0x0000000085700000, 0x0000000085800000, 0x0000000085800000|100%| O|  |TAMS 0x0000000085800000, 0x0000000085800000| Untracked 
|  88|0x0000000085800000, 0x0000000085900000, 0x0000000085900000|100%| O|  |TAMS 0x0000000085900000, 0x0000000085900000| Untracked 
|  89|0x0000000085900000, 0x0000000085a00000, 0x0000000085a00000|100%|HS|  |TAMS 0x0000000085a00000, 0x0000000085a00000| Complete 
|  90|0x0000000085a00000, 0x0000000085b00000, 0x0000000085b00000|100%|HC|  |TAMS 0x0000000085b00000, 0x0000000085b00000| Complete 
|  91|0x0000000085b00000, 0x0000000085c00000, 0x0000000085c00000|100%|HS|  |TAMS 0x0000000085c00000, 0x0000000085c00000| Complete 
|  92|0x0000000085c00000, 0x0000000085d00000, 0x0000000085d00000|100%|HC|  |TAMS 0x0000000085d00000, 0x0000000085d00000| Complete 
|  93|0x0000000085d00000, 0x0000000085e00000, 0x0000000085e00000|100%|HC|  |TAMS 0x0000000085e00000, 0x0000000085e00000| Complete 
|  94|0x0000000085e00000, 0x0000000085f00000, 0x0000000085f00000|100%|HS|  |TAMS 0x0000000085f00000, 0x0000000085f00000| Complete 
|  95|0x0000000085f00000, 0x0000000086000000, 0x0000000086000000|100%|HC|  |TAMS 0x0000000086000000, 0x0000000086000000| Complete 
|  96|0x0000000086000000, 0x0000000086100000, 0x0000000086100000|100%|HC|  |TAMS 0x0000000086100000, 0x0000000086100000| Complete 
|  97|0x0000000086100000, 0x0000000086200000, 0x0000000086200000|100%|HS|  |TAMS 0x0000000086200000, 0x0000000086200000| Complete 
|  98|0x0000000086200000, 0x0000000086300000, 0x0000000086300000|100%|HS|  |TAMS 0x0000000086300000, 0x0000000086300000| Complete 
|  99|0x0000000086300000, 0x0000000086400000, 0x0000000086400000|100%|HC|  |TAMS 0x0000000086400000, 0x0000000086400000| Complete 
| 100|0x0000000086400000, 0x0000000086500000, 0x0000000086500000|100%|HS|  |TAMS 0x0000000086500000, 0x0000000086500000| Complete 
| 101|0x0000000086500000, 0x0000000086600000, 0x0000000086600000|100%|HC|  |TAMS 0x0000000086600000, 0x0000000086600000| Complete 
| 102|0x0000000086600000, 0x0000000086700000, 0x0000000086700000|100%|HS|  |TAMS 0x0000000086700000, 0x0000000086700000| Complete 
| 103|0x0000000086700000, 0x0000000086800000, 0x0000000086800000|100%|HC|  |TAMS 0x0000000086800000, 0x0000000086800000| Complete 
| 104|0x0000000086800000, 0x0000000086900000, 0x0000000086900000|100%|HC|  |TAMS 0x0000000086900000, 0x0000000086900000| Complete 
| 105|0x0000000086900000, 0x0000000086a00000, 0x0000000086a00000|100%|HS|  |TAMS 0x0000000086a00000, 0x0000000086a00000| Complete 
| 106|0x0000000086a00000, 0x0000000086b00000, 0x0000000086b00000|100%|HC|  |TAMS 0x0000000086b00000, 0x0000000086b00000| Complete 
| 107|0x0000000086b00000, 0x0000000086c00000, 0x0000000086c00000|100%|HS|  |TAMS 0x0000000086c00000, 0x0000000086c00000| Complete 
| 108|0x0000000086c00000, 0x0000000086d00000, 0x0000000086d00000|100%|HS|  |TAMS 0x0000000086d00000, 0x0000000086d00000| Complete 
| 109|0x0000000086d00000, 0x0000000086e00000, 0x0000000086e00000|100%|HS|  |TAMS 0x0000000086e00000, 0x0000000086e00000| Complete 
| 110|0x0000000086e00000, 0x0000000086f00000, 0x0000000086f00000|100%| O|  |TAMS 0x0000000086f00000, 0x0000000086f00000| Untracked 
| 111|0x0000000086f00000, 0x0000000087000000, 0x0000000087000000|100%| O|  |TAMS 0x0000000087000000, 0x0000000087000000| Untracked 
| 112|0x0000000087000000, 0x0000000087100000, 0x0000000087100000|100%| O|  |TAMS 0x0000000087100000, 0x0000000087100000| Untracked 
| 113|0x0000000087100000, 0x0000000087200000, 0x0000000087200000|100%| O|  |TAMS 0x0000000087200000, 0x0000000087200000| Untracked 
| 114|0x0000000087200000, 0x0000000087300000, 0x0000000087300000|100%| O|  |TAMS 0x0000000087300000, 0x0000000087300000| Untracked 
| 115|0x0000000087300000, 0x0000000087400000, 0x0000000087400000|100%| O|  |TAMS 0x0000000087400000, 0x0000000087400000| Untracked 
| 116|0x0000000087400000, 0x0000000087500000, 0x0000000087500000|100%| O|  |TAMS 0x0000000087500000, 0x0000000087500000| Untracked 
| 117|0x0000000087500000, 0x0000000087600000, 0x0000000087600000|100%| O|  |TAMS 0x0000000087600000, 0x0000000087600000| Untracked 
| 118|0x0000000087600000, 0x0000000087700000, 0x0000000087700000|100%|HS|  |TAMS 0x0000000087700000, 0x0000000087700000| Complete 
| 119|0x0000000087700000, 0x0000000087800000, 0x0000000087800000|100%|HS|  |TAMS 0x0000000087800000, 0x0000000087800000| Complete 
| 120|0x0000000087800000, 0x0000000087900000, 0x0000000087900000|100%|HS|  |TAMS 0x0000000087900000, 0x0000000087900000| Complete 
| 121|0x0000000087900000, 0x0000000087a00000, 0x0000000087a00000|100%|HS|  |TAMS 0x0000000087a00000, 0x0000000087a00000| Complete 
| 122|0x0000000087a00000, 0x0000000087b00000, 0x0000000087b00000|100%|HC|  |TAMS 0x0000000087b00000, 0x0000000087b00000| Complete 
| 123|0x0000000087b00000, 0x0000000087c00000, 0x0000000087c00000|100%|HC|  |TAMS 0x0000000087c00000, 0x0000000087c00000| Complete 
| 124|0x0000000087c00000, 0x0000000087d00000, 0x0000000087d00000|100%| O|  |TAMS 0x0000000087d00000, 0x0000000087d00000| Untracked 
| 125|0x0000000087d00000, 0x0000000087e00000, 0x0000000087e00000|100%| O|  |TAMS 0x0000000087e00000, 0x0000000087e00000| Untracked 
| 126|0x0000000087e00000, 0x0000000087f00000, 0x0000000087f00000|100%| O|  |TAMS 0x0000000087f00000, 0x0000000087f00000| Untracked 
| 127|0x0000000087f00000, 0x0000000088000000, 0x0000000088000000|100%| O|  |TAMS 0x0000000088000000, 0x0000000088000000| Untracked 
| 128|0x0000000088000000, 0x0000000088100000, 0x0000000088100000|100%| O|  |TAMS 0x0000000088100000, 0x0000000088100000| Untracked 
| 129|0x0000000088100000, 0x0000000088200000, 0x0000000088200000|100%| O|  |TAMS 0x0000000088200000, 0x0000000088200000| Untracked 
| 130|0x0000000088200000, 0x0000000088300000, 0x0000000088300000|100%| O|  |TAMS 0x0000000088300000, 0x0000000088300000| Untracked 
| 131|0x0000000088300000, 0x0000000088400000, 0x0000000088400000|100%| O|  |TAMS 0x0000000088400000, 0x0000000088400000| Untracked 
| 132|0x0000000088400000, 0x0000000088500000, 0x0000000088500000|100%| O|  |TAMS 0x0000000088500000, 0x0000000088500000| Untracked 
| 133|0x0000000088500000, 0x0000000088600000, 0x0000000088600000|100%| O|  |TAMS 0x0000000088600000, 0x0000000088600000| Untracked 
| 134|0x0000000088600000, 0x0000000088700000, 0x0000000088700000|100%| O|  |TAMS 0x0000000088700000, 0x0000000088700000| Untracked 
| 135|0x0000000088700000, 0x0000000088800000, 0x0000000088800000|100%| O|  |TAMS 0x0000000088800000, 0x0000000088800000| Untracked 
| 136|0x0000000088800000, 0x0000000088900000, 0x0000000088900000|100%| O|  |TAMS 0x0000000088900000, 0x0000000088900000| Untracked 
| 137|0x0000000088900000, 0x0000000088a00000, 0x0000000088a00000|100%| O|  |TAMS 0x0000000088a00000, 0x0000000088a00000| Untracked 
| 138|0x0000000088a00000, 0x0000000088b00000, 0x0000000088b00000|100%| O|  |TAMS 0x0000000088b00000, 0x0000000088b00000| Untracked 
| 139|0x0000000088b00000, 0x0000000088c00000, 0x0000000088c00000|100%| O|  |TAMS 0x0000000088b00000, 0x0000000088c00000| Untracked 
| 140|0x0000000088c00000, 0x0000000088d00000, 0x0000000088d00000|100%| O|  |TAMS 0x0000000088d00000, 0x0000000088d00000| Untracked 
| 141|0x0000000088d00000, 0x0000000088e00000, 0x0000000088e00000|100%|HS|  |TAMS 0x0000000088e00000, 0x0000000088e00000| Complete 
| 142|0x0000000088e00000, 0x0000000088f00000, 0x0000000088f00000|100%|HS|  |TAMS 0x0000000088f00000, 0x0000000088f00000| Complete 
| 143|0x0000000088f00000, 0x0000000089000000, 0x0000000089000000|100%|HC|  |TAMS 0x0000000089000000, 0x0000000089000000| Complete 
| 144|0x0000000089000000, 0x0000000089100000, 0x0000000089100000|100%| O|  |TAMS 0x0000000089100000, 0x0000000089100000| Untracked 
| 145|0x0000000089100000, 0x0000000089200000, 0x0000000089200000|100%|HS|  |TAMS 0x0000000089200000, 0x0000000089200000| Complete 
| 146|0x0000000089200000, 0x0000000089300000, 0x0000000089300000|100%| O|  |TAMS 0x0000000089300000, 0x0000000089300000| Untracked 
| 147|0x0000000089300000, 0x0000000089400000, 0x0000000089400000|100%|HS|  |TAMS 0x0000000089400000, 0x0000000089400000| Complete 
| 148|0x0000000089400000, 0x0000000089500000, 0x0000000089500000|100%|HC|  |TAMS 0x0000000089500000, 0x0000000089500000| Complete 
| 149|0x0000000089500000, 0x0000000089600000, 0x0000000089600000|100%|HC|  |TAMS 0x0000000089600000, 0x0000000089600000| Complete 
| 150|0x0000000089600000, 0x0000000089700000, 0x0000000089700000|100%|HS|  |TAMS 0x0000000089700000, 0x0000000089700000| Complete 
| 151|0x0000000089700000, 0x0000000089800000, 0x0000000089800000|100%| O|  |TAMS 0x0000000089800000, 0x0000000089800000| Untracked 
| 152|0x0000000089800000, 0x0000000089900000, 0x0000000089900000|100%| O|  |TAMS 0x0000000089900000, 0x0000000089900000| Untracked 
| 153|0x0000000089900000, 0x0000000089a00000, 0x0000000089a00000|100%|HS|  |TAMS 0x0000000089a00000, 0x0000000089a00000| Complete 
| 154|0x0000000089a00000, 0x0000000089b00000, 0x0000000089b00000|100%|HC|  |TAMS 0x0000000089b00000, 0x0000000089b00000| Complete 
| 155|0x0000000089b00000, 0x0000000089c00000, 0x0000000089c00000|100%|HC|  |TAMS 0x0000000089c00000, 0x0000000089c00000| Complete 
| 156|0x0000000089c00000, 0x0000000089d00000, 0x0000000089d00000|100%| O|  |TAMS 0x0000000089d00000, 0x0000000089d00000| Untracked 
| 157|0x0000000089d00000, 0x0000000089e00000, 0x0000000089e00000|100%|HS|  |TAMS 0x0000000089e00000, 0x0000000089e00000| Complete 
| 158|0x0000000089e00000, 0x0000000089f00000, 0x0000000089f00000|100%| O|  |TAMS 0x0000000089f00000, 0x0000000089f00000| Untracked 
| 159|0x0000000089f00000, 0x000000008a000000, 0x000000008a000000|100%| O|  |TAMS 0x000000008a000000, 0x000000008a000000| Untracked 
| 160|0x000000008a000000, 0x000000008a100000, 0x000000008a100000|100%|HS|  |TAMS 0x000000008a100000, 0x000000008a100000| Complete 
| 161|0x000000008a100000, 0x000000008a200000, 0x000000008a200000|100%|HC|  |TAMS 0x000000008a200000, 0x000000008a200000| Complete 
| 162|0x000000008a200000, 0x000000008a300000, 0x000000008a300000|100%| O|  |TAMS 0x000000008a300000, 0x000000008a300000| Untracked 
| 163|0x000000008a300000, 0x000000008a400000, 0x000000008a400000|100%| O|  |TAMS 0x000000008a400000, 0x000000008a400000| Untracked 
| 164|0x000000008a400000, 0x000000008a500000, 0x000000008a500000|100%|HS|  |TAMS 0x000000008a500000, 0x000000008a500000| Complete 
| 165|0x000000008a500000, 0x000000008a600000, 0x000000008a600000|100%|HC|  |TAMS 0x000000008a600000, 0x000000008a600000| Complete 
| 166|0x000000008a600000, 0x000000008a700000, 0x000000008a700000|100%| O|  |TAMS 0x000000008a700000, 0x000000008a700000| Untracked 
| 167|0x000000008a700000, 0x000000008a800000, 0x000000008a800000|100%| O|  |TAMS 0x000000008a74ec00, 0x000000008a800000| Untracked 
| 168|0x000000008a800000, 0x000000008a900000, 0x000000008a900000|100%| O|  |TAMS 0x000000008a800000, 0x000000008a900000| Untracked 
| 169|0x000000008a900000, 0x000000008aa00000, 0x000000008aa00000|100%|HS|  |TAMS 0x000000008aa00000, 0x000000008aa00000| Complete 
| 170|0x000000008aa00000, 0x000000008ab00000, 0x000000008ab00000|100%|HC|  |TAMS 0x000000008ab00000, 0x000000008ab00000| Complete 
| 171|0x000000008ab00000, 0x000000008ac00000, 0x000000008ac00000|100%|HC|  |TAMS 0x000000008ac00000, 0x000000008ac00000| Complete 
| 172|0x000000008ac00000, 0x000000008ad00000, 0x000000008ad00000|100%| O|  |TAMS 0x000000008ac00000, 0x000000008ad00000| Untracked 
| 173|0x000000008ad00000, 0x000000008ae00000, 0x000000008ae00000|100%| O|  |TAMS 0x000000008ad00000, 0x000000008ae00000| Untracked 
| 174|0x000000008ae00000, 0x000000008af00000, 0x000000008af00000|100%|HS|  |TAMS 0x000000008af00000, 0x000000008af00000| Complete 
| 175|0x000000008af00000, 0x000000008b000000, 0x000000008b000000|100%|HC|  |TAMS 0x000000008b000000, 0x000000008b000000| Complete 
| 176|0x000000008b000000, 0x000000008b100000, 0x000000008b100000|100%| O|  |TAMS 0x000000008b000000, 0x000000008b100000| Untracked 
| 177|0x000000008b100000, 0x000000008b200000, 0x000000008b200000|100%|HS|  |TAMS 0x000000008b200000, 0x000000008b200000| Complete 
| 178|0x000000008b200000, 0x000000008b300000, 0x000000008b300000|100%| O|  |TAMS 0x000000008b200000, 0x000000008b300000| Untracked 
| 179|0x000000008b300000, 0x000000008b400000, 0x000000008b400000|100%|HS|  |TAMS 0x000000008b400000, 0x000000008b400000| Complete 
| 180|0x000000008b400000, 0x000000008b500000, 0x000000008b500000|100%| O|  |TAMS 0x000000008b400000, 0x000000008b500000| Untracked 
| 181|0x000000008b500000, 0x000000008b600000, 0x000000008b600000|100%|HS|  |TAMS 0x000000008b600000, 0x000000008b600000| Complete 
| 182|0x000000008b600000, 0x000000008b700000, 0x000000008b700000|100%| O|  |TAMS 0x000000008b600000, 0x000000008b700000| Untracked 
| 183|0x000000008b700000, 0x000000008b800000, 0x000000008b800000|100%|HS|  |TAMS 0x000000008b700000, 0x000000008b800000| Complete 
| 184|0x000000008b800000, 0x000000008b900000, 0x000000008b900000|100%|HS|  |TAMS 0x000000008b800000, 0x000000008b900000| Complete 
| 185|0x000000008b900000, 0x000000008ba00000, 0x000000008ba00000|100%| O|  |TAMS 0x000000008b900000, 0x000000008ba00000| Untracked 
| 186|0x000000008ba00000, 0x000000008bb00000, 0x000000008bb00000|100%|HS|  |TAMS 0x000000008bb00000, 0x000000008bb00000| Complete 
| 187|0x000000008bb00000, 0x000000008bc00000, 0x000000008bc00000|100%|HC|  |TAMS 0x000000008bc00000, 0x000000008bc00000| Complete 
| 188|0x000000008bc00000, 0x000000008bd00000, 0x000000008bd00000|100%|HC|  |TAMS 0x000000008bd00000, 0x000000008bd00000| Complete 
| 189|0x000000008bd00000, 0x000000008be00000, 0x000000008be00000|100%| O|  |TAMS 0x000000008bd00000, 0x000000008be00000| Untracked 
| 190|0x000000008be00000, 0x000000008bf00000, 0x000000008bf00000|100%| O|  |TAMS 0x000000008be00000, 0x000000008bf00000| Untracked 
| 191|0x000000008bf00000, 0x000000008c000000, 0x000000008c000000|100%| O|  |TAMS 0x000000008bf00000, 0x000000008c000000| Untracked 
| 192|0x000000008c000000, 0x000000008c100000, 0x000000008c100000|100%| O|  |TAMS 0x000000008c000000, 0x000000008c100000| Untracked 
| 193|0x000000008c100000, 0x000000008c200000, 0x000000008c200000|100%| O|  |TAMS 0x000000008c100000, 0x000000008c200000| Untracked 
| 194|0x000000008c200000, 0x000000008c300000, 0x000000008c300000|100%| O|  |TAMS 0x000000008c200000, 0x000000008c300000| Untracked 
| 195|0x000000008c300000, 0x000000008c400000, 0x000000008c400000|100%| O|  |TAMS 0x000000008c300000, 0x000000008c400000| Untracked 
| 196|0x000000008c400000, 0x000000008c500000, 0x000000008c500000|100%| O|  |TAMS 0x000000008c400000, 0x000000008c500000| Untracked 
| 197|0x000000008c500000, 0x000000008c600000, 0x000000008c600000|100%| O|  |TAMS 0x000000008c500000, 0x000000008c600000| Untracked 
| 198|0x000000008c600000, 0x000000008c700000, 0x000000008c700000|100%| O|  |TAMS 0x000000008c600000, 0x000000008c700000| Untracked 
| 199|0x000000008c700000, 0x000000008c800000, 0x000000008c800000|100%| O|  |TAMS 0x000000008c700000, 0x000000008c800000| Untracked 
| 200|0x000000008c800000, 0x000000008c900000, 0x000000008c900000|100%| O|  |TAMS 0x000000008c800000, 0x000000008c900000| Untracked 
| 201|0x000000008c900000, 0x000000008ca00000, 0x000000008ca00000|100%| O|  |TAMS 0x000000008c900000, 0x000000008ca00000| Untracked 
| 202|0x000000008ca00000, 0x000000008cb00000, 0x000000008cb00000|100%| O|  |TAMS 0x000000008ca00000, 0x000000008cb00000| Untracked 
| 203|0x000000008cb00000, 0x000000008cb00000, 0x000000008cc00000|  0%| F|  |TAMS 0x000000008cb00000, 0x000000008cb00000| Untracked 
| 204|0x000000008cc00000, 0x000000008cc00000, 0x000000008cd00000|  0%| F|  |TAMS 0x000000008cc00000, 0x000000008cc00000| Untracked 
| 205|0x000000008cd00000, 0x000000008cd00000, 0x000000008ce00000|  0%| F|  |TAMS 0x000000008cd00000, 0x000000008cd00000| Untracked 
| 206|0x000000008ce00000, 0x000000008ce00000, 0x000000008cf00000|  0%| F|  |TAMS 0x000000008ce00000, 0x000000008ce00000| Untracked 
| 207|0x000000008cf00000, 0x000000008cf00000, 0x000000008d000000|  0%| F|  |TAMS 0x000000008cf00000, 0x000000008cf00000| Untracked 
| 208|0x000000008d000000, 0x000000008d000000, 0x000000008d100000|  0%| F|  |TAMS 0x000000008d000000, 0x000000008d000000| Untracked 
| 209|0x000000008d100000, 0x000000008d100000, 0x000000008d200000|  0%| F|  |TAMS 0x000000008d100000, 0x000000008d100000| Untracked 
| 210|0x000000008d200000, 0x000000008d200000, 0x000000008d300000|  0%| F|  |TAMS 0x000000008d200000, 0x000000008d200000| Untracked 
| 211|0x000000008d300000, 0x000000008d300000, 0x000000008d400000|  0%| F|  |TAMS 0x000000008d300000, 0x000000008d300000| Untracked 
| 212|0x000000008d400000, 0x000000008d400000, 0x000000008d500000|  0%| F|  |TAMS 0x000000008d400000, 0x000000008d400000| Untracked 
| 213|0x000000008d500000, 0x000000008d500000, 0x000000008d600000|  0%| F|  |TAMS 0x000000008d500000, 0x000000008d500000| Untracked 
| 214|0x000000008d600000, 0x000000008d600000, 0x000000008d700000|  0%| F|  |TAMS 0x000000008d600000, 0x000000008d600000| Untracked 
| 215|0x000000008d700000, 0x000000008d800000, 0x000000008d800000|100%| O|  |TAMS 0x000000008d800000, 0x000000008d800000| Untracked 
| 216|0x000000008d800000, 0x000000008d900000, 0x000000008d900000|100%| O|  |TAMS 0x000000008d900000, 0x000000008d900000| Untracked 
| 217|0x000000008d900000, 0x000000008da00000, 0x000000008da00000|100%| O|  |TAMS 0x000000008da00000, 0x000000008da00000| Untracked 
| 218|0x000000008da00000, 0x000000008db00000, 0x000000008db00000|100%| O|  |TAMS 0x000000008db00000, 0x000000008db00000| Untracked 
| 219|0x000000008db00000, 0x000000008dc00000, 0x000000008dc00000|100%| O|  |TAMS 0x000000008dc00000, 0x000000008dc00000| Untracked 
| 220|0x000000008dc00000, 0x000000008dd00000, 0x000000008dd00000|100%| O|  |TAMS 0x000000008dd00000, 0x000000008dd00000| Untracked 
| 221|0x000000008dd00000, 0x000000008de00000, 0x000000008de00000|100%| O|  |TAMS 0x000000008de00000, 0x000000008de00000| Untracked 
| 222|0x000000008de00000, 0x000000008df00000, 0x000000008df00000|100%| O|  |TAMS 0x000000008df00000, 0x000000008df00000| Untracked 
| 223|0x000000008df00000, 0x000000008df00000, 0x000000008e000000|  0%| F|  |TAMS 0x000000008df00000, 0x000000008df00000| Untracked 
| 224|0x000000008e000000, 0x000000008e000000, 0x000000008e100000|  0%| F|  |TAMS 0x000000008e000000, 0x000000008e000000| Untracked 
| 225|0x000000008e100000, 0x000000008e100000, 0x000000008e200000|  0%| F|  |TAMS 0x000000008e100000, 0x000000008e100000| Untracked 
| 226|0x000000008e200000, 0x000000008e200000, 0x000000008e300000|  0%| F|  |TAMS 0x000000008e200000, 0x000000008e200000| Untracked 
| 227|0x000000008e300000, 0x000000008e300000, 0x000000008e400000|  0%| F|  |TAMS 0x000000008e300000, 0x000000008e300000| Untracked 
| 228|0x000000008e400000, 0x000000008e400000, 0x000000008e500000|  0%| F|  |TAMS 0x000000008e400000, 0x000000008e400000| Untracked 
| 229|0x000000008e500000, 0x000000008e500000, 0x000000008e600000|  0%| F|  |TAMS 0x000000008e500000, 0x000000008e500000| Untracked 
| 230|0x000000008e600000, 0x000000008e600000, 0x000000008e700000|  0%| F|  |TAMS 0x000000008e600000, 0x000000008e600000| Untracked 
| 231|0x000000008e700000, 0x000000008e700000, 0x000000008e800000|  0%| F|  |TAMS 0x000000008e700000, 0x000000008e700000| Untracked 
| 232|0x000000008e800000, 0x000000008e800000, 0x000000008e900000|  0%| F|  |TAMS 0x000000008e800000, 0x000000008e800000| Untracked 
| 233|0x000000008e900000, 0x000000008e900000, 0x000000008ea00000|  0%| F|  |TAMS 0x000000008e900000, 0x000000008e900000| Untracked 
| 234|0x000000008ea00000, 0x000000008ea00000, 0x000000008eb00000|  0%| F|  |TAMS 0x000000008ea00000, 0x000000008ea00000| Untracked 
| 235|0x000000008eb00000, 0x000000008eb00000, 0x000000008ec00000|  0%| F|  |TAMS 0x000000008eb00000, 0x000000008eb00000| Untracked 
| 236|0x000000008ec00000, 0x000000008ec00000, 0x000000008ed00000|  0%| F|  |TAMS 0x000000008ec00000, 0x000000008ec00000| Untracked 
| 237|0x000000008ed00000, 0x000000008ed00000, 0x000000008ee00000|  0%| F|  |TAMS 0x000000008ed00000, 0x000000008ed00000| Untracked 
| 238|0x000000008ee00000, 0x000000008ee00000, 0x000000008ef00000|  0%| F|  |TAMS 0x000000008ee00000, 0x000000008ee00000| Untracked 
| 239|0x000000008ef00000, 0x000000008ef00000, 0x000000008f000000|  0%| F|  |TAMS 0x000000008ef00000, 0x000000008ef00000| Untracked 
| 240|0x000000008f000000, 0x000000008f000000, 0x000000008f100000|  0%| F|  |TAMS 0x000000008f000000, 0x000000008f000000| Untracked 
| 241|0x000000008f100000, 0x000000008f100000, 0x000000008f200000|  0%| F|  |TAMS 0x000000008f100000, 0x000000008f100000| Untracked 
| 242|0x000000008f200000, 0x000000008f200000, 0x000000008f300000|  0%| F|  |TAMS 0x000000008f200000, 0x000000008f200000| Untracked 
| 243|0x000000008f300000, 0x000000008f300000, 0x000000008f400000|  0%| F|  |TAMS 0x000000008f300000, 0x000000008f300000| Untracked 
| 244|0x000000008f400000, 0x000000008f400000, 0x000000008f500000|  0%| F|  |TAMS 0x000000008f400000, 0x000000008f400000| Untracked 
| 245|0x000000008f500000, 0x000000008f500000, 0x000000008f600000|  0%| F|  |TAMS 0x000000008f500000, 0x000000008f500000| Untracked 
| 246|0x000000008f600000, 0x000000008f600000, 0x000000008f700000|  0%| F|  |TAMS 0x000000008f600000, 0x000000008f600000| Untracked 
| 247|0x000000008f700000, 0x000000008f700000, 0x000000008f800000|  0%| F|  |TAMS 0x000000008f700000, 0x000000008f700000| Untracked 
| 248|0x000000008f800000, 0x000000008f800000, 0x000000008f900000|  0%| F|  |TAMS 0x000000008f800000, 0x000000008f800000| Untracked 
| 249|0x000000008f900000, 0x000000008f900000, 0x000000008fa00000|  0%| F|  |TAMS 0x000000008f900000, 0x000000008f900000| Untracked 
| 250|0x000000008fa00000, 0x000000008fa00000, 0x000000008fb00000|  0%| F|  |TAMS 0x000000008fa00000, 0x000000008fa00000| Untracked 
| 251|0x000000008fb00000, 0x000000008fb00000, 0x000000008fc00000|  0%| F|  |TAMS 0x000000008fb00000, 0x000000008fb00000| Untracked 
| 252|0x000000008fc00000, 0x000000008fc00000, 0x000000008fd00000|  0%| F|  |TAMS 0x000000008fc00000, 0x000000008fc00000| Untracked 
| 253|0x000000008fd00000, 0x000000008fd00000, 0x000000008fe00000|  0%| F|  |TAMS 0x000000008fd00000, 0x000000008fd00000| Untracked 
| 254|0x000000008fe00000, 0x000000008fe00000, 0x000000008ff00000|  0%| F|  |TAMS 0x000000008fe00000, 0x000000008fe00000| Untracked 
| 255|0x000000008ff00000, 0x000000008ff00000, 0x0000000090000000|  0%| F|  |TAMS 0x000000008ff00000, 0x000000008ff00000| Untracked 
| 256|0x0000000090000000, 0x0000000090000000, 0x0000000090100000|  0%| F|  |TAMS 0x0000000090000000, 0x0000000090000000| Untracked 
| 257|0x0000000090100000, 0x0000000090100000, 0x0000000090200000|  0%| F|  |TAMS 0x0000000090100000, 0x0000000090100000| Untracked 
| 258|0x0000000090200000, 0x0000000090200000, 0x0000000090300000|  0%| F|  |TAMS 0x0000000090200000, 0x0000000090200000| Untracked 
| 259|0x0000000090300000, 0x0000000090300000, 0x0000000090400000|  0%| F|  |TAMS 0x0000000090300000, 0x0000000090300000| Untracked 
| 260|0x0000000090400000, 0x0000000090500000, 0x0000000090500000|100%| S|CS|TAMS 0x0000000090400000, 0x0000000090400000| Complete 
| 261|0x0000000090500000, 0x0000000090600000, 0x0000000090600000|100%| S|CS|TAMS 0x0000000090500000, 0x0000000090500000| Complete 
| 262|0x0000000090600000, 0x0000000090600000, 0x0000000090700000|  0%| F|  |TAMS 0x0000000090600000, 0x0000000090600000| Untracked 
| 263|0x0000000090700000, 0x0000000090700000, 0x0000000090800000|  0%| F|  |TAMS 0x0000000090700000, 0x0000000090700000| Untracked 
| 264|0x0000000090800000, 0x0000000090800000, 0x0000000090900000|  0%| F|  |TAMS 0x0000000090800000, 0x0000000090800000| Untracked 
| 265|0x0000000090900000, 0x0000000090900000, 0x0000000090a00000|  0%| F|  |TAMS 0x0000000090900000, 0x0000000090900000| Untracked 
| 266|0x0000000090a00000, 0x0000000090a00000, 0x0000000090b00000|  0%| F|  |TAMS 0x0000000090a00000, 0x0000000090a00000| Untracked 
| 267|0x0000000090b00000, 0x0000000090b00000, 0x0000000090c00000|  0%| F|  |TAMS 0x0000000090b00000, 0x0000000090b00000| Untracked 

Card table byte_map: [0x0000018e56cc0000,0x0000018e570c0000] _byte_map_base: 0x0000018e568c0000

Marking Bits (Prev, Next): (CMBitMap*) 0x0000018e4392b798, (CMBitMap*) 0x0000018e4392b7d0
 Prev Bits: [0x0000018e574c0000, 0x0000018e594c0000)
 Next Bits: [0x0000018e594c0000, 0x0000018e5b4c0000)

Polling page: 0x0000018e439d0000

Metaspace:

Usage:
  Non-class:     78.37 MB capacity,    77.03 MB ( 98%) used,     1.12 MB (  1%) free+waste,   225.69 KB ( <1%) overhead. 
      Class:     12.02 MB capacity,    11.31 MB ( 94%) used,   633.34 KB (  5%) free+waste,   100.38 KB ( <1%) overhead. 
       Both:     90.39 MB capacity,    88.34 MB ( 98%) used,     1.73 MB (  2%) free+waste,   326.06 KB ( <1%) overhead. 

Virtual space:
  Non-class space:       80.00 MB reserved,      78.50 MB ( 98%) committed 
      Class space:        1.00 GB reserved,      12.13 MB (  1%) committed 
             Both:        1.08 GB reserved,      90.63 MB (  8%) committed 

Chunk freelists:
   Non-Class:  10.00 KB
       Class:  7.00 KB
        Both:  17.00 KB

MaxMetaspaceSize: 17179869184.00 GB
CompressedClassSpaceSize: 1.00 GB

CodeHeap 'non-profiled nmethods': size=120064Kb used=7422Kb max_used=7422Kb free=112641Kb
 bounds [0x0000018e4ed50000, 0x0000018e4f490000, 0x0000018e56290000]
CodeHeap 'profiled nmethods': size=120000Kb used=24620Kb max_used=24620Kb free=95379Kb
 bounds [0x0000018e47820000, 0x0000018e49030000, 0x0000018e4ed50000]
CodeHeap 'non-nmethods': size=5696Kb used=2276Kb max_used=2324Kb free=3419Kb
 bounds [0x0000018e47290000, 0x0000018e47500000, 0x0000018e47820000]
 total_blobs=12364 nmethods=11493 adapters=781
 compilation: enabled
              stopped_count=0, restarted_count=0
 full_count=0

Compilation events (20 events):
Event: 30.207 Thread 0x0000018e5db17800 11840       4       com.android.tools.r8.graph.D1::f (33 bytes)
Event: 30.208 Thread 0x0000018e5db17800 nmethod 11840 0x0000018e4f48cd90 code [0x0000018e4f48cf20, 0x0000018e4f48cfb8]
Event: 30.209 Thread 0x0000018e5db23800 11841   !   3       sun.management.Util::newObjectName (15 bytes)
Event: 30.209 Thread 0x0000018e5db23800 nmethod 11841 0x0000018e49027290 code [0x0000018e49027480, 0x0000018e490277f8]
Event: 30.210 Thread 0x0000018e5db23800 11842       3       sun.management.Util::newObjectName (11 bytes)
Event: 30.213 Thread 0x0000018e5db23800 nmethod 11842 0x0000018e49027990 code [0x0000018e49027ec0, 0x0000018e4902aea8]
Event: 30.249 Thread 0x0000018e5db23800 11843   !   3       com.android.tools.r8.dex.d::a (104 bytes)
Event: 30.249 Thread 0x0000018e5db23800 nmethod 11843 0x0000018e4902c110 code [0x0000018e4902c300, 0x0000018e4902c858]
Event: 30.250 Thread 0x0000018e5db23800 11844   !   3       com.android.tools.r8.dex.d::b (79 bytes)
Event: 30.251 Thread 0x0000018e5db23800 nmethod 11844 0x0000018e4902ca10 code [0x0000018e4902cd00, 0x0000018e4902dd08]
Event: 30.252 Thread 0x0000018e5db17800 11845       4       com.android.tools.r8.graph.D1::a (34 bytes)
Event: 30.254 Thread 0x0000018e5db17800 nmethod 11845 0x0000018e4f48d090 code [0x0000018e4f48d220, 0x0000018e4f48d398]
Event: 30.254 Thread 0x0000018e5db17800 11847       4       com.android.tools.r8.dex.c::f (34 bytes)
Event: 30.256 Thread 0x0000018e5db17800 nmethod 11847 0x0000018e4f48d490 code [0x0000018e4f48d620, 0x0000018e4f48d738]
Event: 30.256 Thread 0x0000018e5db17800 11846       4       com.android.tools.r8.graph.D1::e (33 bytes)
Event: 30.257 Thread 0x0000018e5db17800 nmethod 11846 0x0000018e4f48d910 code [0x0000018e4f48daa0, 0x0000018e4f48db38]
Event: 30.259 Thread 0x0000018e5db17800 11849       4       com.android.tools.r8.dex.d$$Lambda$819/0x0000000100be7840::accept (12 bytes)
Event: 30.267 Thread 0x0000018e5db17800 nmethod 11849 0x0000018e4f48dc10 code [0x0000018e4f48de20, 0x0000018e4f48e3a8]
Event: 30.267 Thread 0x0000018e5db17800 11848       4       com.android.tools.r8.dex.d::a (42 bytes)
Event: 30.276 Thread 0x0000018e5db17800 nmethod 11848 0x0000018e4f48eb10 code [0x0000018e4f48ed20, 0x0000018e4f48f2a8]

GC Heap History (20 events):
Event: 28.733 GC heap after
{Heap after GC invocations=34 (full 0):
 garbage-first heap   total 220160K, used 143360K [0x0000000080000000, 0x0000000100000000)
  region size 1024K, 6 young (6144K), 6 survivors (6144K)
 Metaspace       used 89341K, capacity 91399K, committed 91648K, reserved 1128448K
  class space    used 11439K, capacity 12166K, committed 12288K, reserved 1048576K
}
Event: 28.762 GC heap before
{Heap before GC invocations=34 (full 0):
 garbage-first heap   total 220160K, used 148480K [0x0000000080000000, 0x0000000100000000)
  region size 1024K, 13 young (13312K), 6 survivors (6144K)
 Metaspace       used 89544K, capacity 91623K, committed 91904K, reserved 1128448K
  class space    used 11469K, capacity 12198K, committed 12288K, reserved 1048576K
}
Event: 28.770 GC heap after
{Heap after GC invocations=35 (full 0):
 garbage-first heap   total 220160K, used 145167K [0x0000000080000000, 0x0000000100000000)
  region size 1024K, 3 young (3072K), 3 survivors (3072K)
 Metaspace       used 89544K, capacity 91623K, committed 91904K, reserved 1128448K
  class space    used 11469K, capacity 12198K, committed 12288K, reserved 1048576K
}
Event: 28.942 GC heap before
{Heap before GC invocations=35 (full 0):
 garbage-first heap   total 220160K, used 213775K [0x0000000080000000, 0x0000000100000000)
  region size 1024K, 29 young (29696K), 3 survivors (3072K)
 Metaspace       used 89553K, capacity 91624K, committed 91904K, reserved 1128448K
  class space    used 11469K, capacity 12198K, committed 12288K, reserved 1048576K
}
Event: 28.948 GC heap after
{Heap after GC invocations=36 (full 0):
 garbage-first heap   total 228352K, used 176941K [0x0000000080000000, 0x0000000100000000)
  region size 1024K, 4 young (4096K), 4 survivors (4096K)
 Metaspace       used 89553K, capacity 91624K, committed 91904K, reserved 1128448K
  class space    used 11469K, capacity 12198K, committed 12288K, reserved 1048576K
}
Event: 29.103 GC heap before
{Heap before GC invocations=36 (full 0):
 garbage-first heap   total 228352K, used 203565K [0x0000000080000000, 0x0000000100000000)
  region size 1024K, 19 young (19456K), 4 survivors (4096K)
 Metaspace       used 89664K, capacity 91688K, committed 91904K, reserved 1128448K
  class space    used 11484K, capacity 12198K, committed 12288K, reserved 1048576K
}
Event: 29.109 GC heap after
{Heap after GC invocations=37 (full 0):
 garbage-first heap   total 228352K, used 187560K [0x0000000080000000, 0x0000000100000000)
  region size 1024K, 3 young (3072K), 3 survivors (3072K)
 Metaspace       used 89664K, capacity 91688K, committed 91904K, reserved 1128448K
  class space    used 11484K, capacity 12198K, committed 12288K, reserved 1048576K
}
Event: 29.311 GC heap before
{Heap before GC invocations=38 (full 0):
 garbage-first heap   total 228352K, used 195752K [0x0000000080000000, 0x0000000100000000)
  region size 1024K, 12 young (12288K), 3 survivors (3072K)
 Metaspace       used 89911K, capacity 91983K, committed 92160K, reserved 1128448K
  class space    used 11518K, capacity 12232K, committed 12288K, reserved 1048576K
}
Event: 29.317 GC heap after
{Heap after GC invocations=39 (full 0):
 garbage-first heap   total 228352K, used 189018K [0x0000000080000000, 0x0000000100000000)
  region size 1024K, 2 young (2048K), 2 survivors (2048K)
 Metaspace       used 89911K, capacity 91983K, committed 92160K, reserved 1128448K
  class space    used 11518K, capacity 12232K, committed 12288K, reserved 1048576K
}
Event: 29.376 GC heap before
{Heap before GC invocations=39 (full 0):
 garbage-first heap   total 228352K, used 197210K [0x0000000080000000, 0x0000000100000000)
  region size 1024K, 11 young (11264K), 2 survivors (2048K)
 Metaspace       used 89924K, capacity 91984K, committed 92160K, reserved 1128448K
  class space    used 11518K, capacity 12232K, committed 12288K, reserved 1048576K
}
Event: 29.384 GC heap after
{Heap after GC invocations=40 (full 0):
 garbage-first heap   total 228352K, used 189973K [0x0000000080000000, 0x0000000100000000)
  region size 1024K, 2 young (2048K), 2 survivors (2048K)
 Metaspace       used 89924K, capacity 91984K, committed 92160K, reserved 1128448K
  class space    used 11518K, capacity 12232K, committed 12288K, reserved 1048576K
}
Event: 29.436 GC heap before
{Heap before GC invocations=40 (full 0):
 garbage-first heap   total 228352K, used 198165K [0x0000000080000000, 0x0000000100000000)
  region size 1024K, 11 young (11264K), 2 survivors (2048K)
 Metaspace       used 90026K, capacity 92078K, committed 92160K, reserved 1128448K
  class space    used 11526K, capacity 12237K, committed 12288K, reserved 1048576K
}
Event: 29.452 GC heap after
{Heap after GC invocations=41 (full 0):
 garbage-first heap   total 274432K, used 192827K [0x0000000080000000, 0x0000000100000000)
  region size 1024K, 2 young (2048K), 2 survivors (2048K)
 Metaspace       used 90026K, capacity 92078K, committed 92160K, reserved 1128448K
  class space    used 11526K, capacity 12237K, committed 12288K, reserved 1048576K
}
Event: 29.770 GC heap before
{Heap before GC invocations=41 (full 0):
 garbage-first heap   total 274432K, used 215355K [0x0000000080000000, 0x0000000100000000)
  region size 1024K, 25 young (25600K), 2 survivors (2048K)
 Metaspace       used 90422K, capacity 92490K, committed 92800K, reserved 1130496K
  class space    used 11576K, capacity 12313K, committed 12416K, reserved 1048576K
}
Event: 29.796 GC heap after
{Heap after GC invocations=42 (full 0):
 garbage-first heap   total 274432K, used 202274K [0x0000000080000000, 0x0000000100000000)
  region size 1024K, 4 young (4096K), 4 survivors (4096K)
 Metaspace       used 90422K, capacity 92490K, committed 92800K, reserved 1130496K
  class space    used 11576K, capacity 12313K, committed 12416K, reserved 1048576K
}
Event: 30.133 GC heap before
{Heap before GC invocations=43 (full 0):
 garbage-first heap   total 274432K, used 224802K [0x0000000080000000, 0x0000000100000000)
  region size 1024K, 24 young (24576K), 4 survivors (4096K)
 Metaspace       used 90423K, capacity 92490K, committed 92800K, reserved 1130496K
  class space    used 11576K, capacity 12313K, committed 12416K, reserved 1048576K
}
Event: 30.162 GC heap after
{Heap after GC invocations=44 (full 0):
 garbage-first heap   total 274432K, used 211497K [0x0000000080000000, 0x0000000100000000)
  region size 1024K, 3 young (3072K), 3 survivors (3072K)
 Metaspace       used 90423K, capacity 92490K, committed 92800K, reserved 1130496K
  class space    used 11576K, capacity 12313K, committed 12416K, reserved 1048576K
}
Event: 30.215 GC heap before
{Heap before GC invocations=44 (full 0):
 garbage-first heap   total 274432K, used 221737K [0x0000000080000000, 0x0000000100000000)
  region size 1024K, 13 young (13312K), 3 survivors (3072K)
 Metaspace       used 90427K, capacity 92494K, committed 92800K, reserved 1130496K
  class space    used 11576K, capacity 12313K, committed 12416K, reserved 1048576K
}
Event: 30.241 GC heap after
{Heap after GC invocations=45 (full 0):
 garbage-first heap   total 274432K, used 215040K [0x0000000080000000, 0x0000000100000000)
  region size 1024K, 2 young (2048K), 2 survivors (2048K)
 Metaspace       used 90427K, capacity 92494K, committed 92800K, reserved 1130496K
  class space    used 11576K, capacity 12313K, committed 12416K, reserved 1048576K
}
Event: 30.276 GC heap before
{Heap before GC invocations=45 (full 0):
 garbage-first heap   total 274432K, used 220160K [0x0000000080000000, 0x0000000100000000)
  region size 1024K, 8 young (8192K), 2 survivors (2048K)
 Metaspace       used 90457K, capacity 92559K, committed 92800K, reserved 1130496K
  class space    used 11579K, capacity 12313K, committed 12416K, reserved 1048576K
}

Deoptimization events (20 events):
Event: 30.181 Thread 0x0000018e63cfc800 DEOPT PACKING pc=0x0000018e48feb146 sp=0x00000081cebfd1e0
Event: 30.181 Thread 0x0000018e63cfc800 DEOPT UNPACKING pc=0x0000018e472b72ce sp=0x00000081cebfc890 mode 0
Event: 30.182 Thread 0x0000018e63cfc800 DEOPT PACKING pc=0x0000018e48feb146 sp=0x00000081cebfd1e0
Event: 30.182 Thread 0x0000018e63cfc800 DEOPT UNPACKING pc=0x0000018e472b72ce sp=0x00000081cebfc890 mode 0
Event: 30.184 Thread 0x0000018e63cfc800 DEOPT PACKING pc=0x0000018e48feb146 sp=0x00000081cebfd1e0
Event: 30.184 Thread 0x0000018e63cfc800 DEOPT UNPACKING pc=0x0000018e472b72ce sp=0x00000081cebfc890 mode 0
Event: 30.213 Thread 0x0000018e63cfc800 DEOPT PACKING pc=0x0000018e48feb146 sp=0x00000081cebfd1e0
Event: 30.213 Thread 0x0000018e63cfc800 DEOPT UNPACKING pc=0x0000018e472b72ce sp=0x00000081cebfc890 mode 0
Event: 30.214 Thread 0x0000018e63cfe000 Uncommon trap: trap_request=0xffffffc6 fr.pc=0x0000018e4f2f9528 relative=0x0000000000002948
Event: 30.214 Thread 0x0000018e63cfe000 Uncommon trap: reason=bimorphic_or_optimized_type_check action=maybe_recompile pc=0x0000018e4f2f9528 method=sun.nio.cs.StreamDecoder.readBytes()I @ 135 c2
Event: 30.214 Thread 0x0000018e63cfe000 DEOPT PACKING pc=0x0000018e4f2f9528 sp=0x00000081ceeff320
Event: 30.214 Thread 0x0000018e63cfe000 DEOPT UNPACKING pc=0x0000018e472b74af sp=0x00000081ceeff068 mode 2
Event: 30.247 Thread 0x0000018e63cfc800 DEOPT PACKING pc=0x0000018e48feb146 sp=0x00000081cebfd1e0
Event: 30.247 Thread 0x0000018e63cfc800 DEOPT UNPACKING pc=0x0000018e472b72ce sp=0x00000081cebfc890 mode 0
Event: 30.252 Thread 0x0000018e63cfc800 DEOPT PACKING pc=0x0000018e48feb146 sp=0x00000081cebfd1e0
Event: 30.252 Thread 0x0000018e63cfc800 DEOPT UNPACKING pc=0x0000018e472b72ce sp=0x00000081cebfc890 mode 0
Event: 30.253 Thread 0x0000018e63cfc800 DEOPT PACKING pc=0x0000018e48feb146 sp=0x00000081cebfd1e0
Event: 30.253 Thread 0x0000018e63cfc800 DEOPT UNPACKING pc=0x0000018e472b72ce sp=0x00000081cebfc890 mode 0
Event: 30.271 Thread 0x0000018e63cfc800 DEOPT PACKING pc=0x0000018e48feb146 sp=0x00000081cebfd1e0
Event: 30.271 Thread 0x0000018e63cfc800 DEOPT UNPACKING pc=0x0000018e472b72ce sp=0x00000081cebfc890 mode 0

Classes redefined (0 events):
No events

Internal exceptions (20 events):
Event: 28.387 Thread 0x0000018e63cf7800 Exception <a 'java/lang/NoSuchMethodError'{0x000000008d0fc608}: <clinit>> (0x000000008d0fc608) thrown at [./src/hotspot/share/prims/jni.cpp, line 1362]
Event: 28.390 Thread 0x0000018e63cf7800 Exception <a 'java/lang/NoSuchMethodError'{0x000000008cf13658}: <clinit>> (0x000000008cf13658) thrown at [./src/hotspot/share/prims/jni.cpp, line 1362]
Event: 28.390 Thread 0x0000018e63cf7800 Exception <a 'java/lang/NoSuchMethodError'{0x000000008cf14890}: <clinit>> (0x000000008cf14890) thrown at [./src/hotspot/share/prims/jni.cpp, line 1362]
Event: 28.477 Thread 0x0000018e63cfc800 Exception <a 'sun/nio/fs/WindowsException'{0x000000008cd40678}> (0x000000008cd40678) thrown at [./src/hotspot/share/prims/jni.cpp, line 615]
Event: 28.610 Thread 0x0000018e63cfc800 Exception <a 'java/lang/NoSuchMethodError'{0x000000008ba3f9d0}: 'int java.lang.invoke.DirectMethodHandle$Holder.invokeVirtual(java.lang.Object, java.lang.Object, java.lang.Object)'> (0x000000008ba3f9d0) thrown at [./src/hotspot/share/interpreter/linkResolver.cpp, line 773]
Event: 28.714 Thread 0x0000018e63cfc800 Exception <a 'java/lang/NoSuchMethodError'{0x0000000089e4c368}: 'java.lang.Object java.lang.invoke.DirectMethodHandle$Holder.invokeStatic(java.lang.Object, java.lang.Object, java.lang.Object, java.lang.Object, java.lang.Object, java.lang.Object, java.lang.Object, java.lang.Object, java.lang.Object, java.lang.Object, java.lang.Object, java.lang.Object, java.lang.Object, java.lang.Object, java.lang.Object, java.lang.Object, java.lang.Object, int, java.lang.Object)'> (0x0000000089e4c368) thrown at [./src/hots
Event: 28.715 Thread 0x0000018e63cfc800 Exception <a 'java/lang/NoSuchMethodError'{0x0000000089e519b8}: 'java.lang.Object java.lang.invoke.DirectMethodHandle$Holder.invokeStaticInit(java.lang.Object, java.lang.Object, java.lang.Object, java.lang.Object, java.lang.Object, java.lang.Object, java.lang.Object, java.lang.Object, java.lang.Object, java.lang.Object, java.lang.Object, java.lang.Object, java.lang.Object, java.lang.Object, java.lang.Object, java.lang.Object, java.lang.Object, int, java.lang.Object)'> (0x0000000089e519b8) thrown at [./src/
Event: 29.400 Thread 0x0000018e63cf7800 Exception <a 'sun/nio/fs/WindowsException'{0x000000008d34ecd8}> (0x000000008d34ecd8) thrown at [./src/hotspot/share/prims/jni.cpp, line 615]
Event: 29.400 Thread 0x0000018e63cf7800 Exception <a 'sun/nio/fs/WindowsException'{0x000000008d365c28}> (0x000000008d365c28) thrown at [./src/hotspot/share/prims/jni.cpp, line 615]
Event: 29.401 Thread 0x0000018e63cf7800 Exception <a 'sun/nio/fs/WindowsException'{0x000000008d366388}> (0x000000008d366388) thrown at [./src/hotspot/share/prims/jni.cpp, line 615]
Event: 29.401 Thread 0x0000018e63cf7800 Exception <a 'sun/nio/fs/WindowsException'{0x000000008d366f58}> (0x000000008d366f58) thrown at [./src/hotspot/share/prims/jni.cpp, line 615]
Event: 29.401 Thread 0x0000018e63cf7800 Exception <a 'sun/nio/fs/WindowsException'{0x000000008d3671c0}> (0x000000008d3671c0) thrown at [./src/hotspot/share/prims/jni.cpp, line 615]
Event: 29.401 Thread 0x0000018e63cf7800 Exception <a 'sun/nio/fs/WindowsException'{0x000000008d367d60}> (0x000000008d367d60) thrown at [./src/hotspot/share/prims/jni.cpp, line 615]
Event: 29.425 Thread 0x0000018e63cf7800 Exception <a 'java/lang/NoSuchMethodError'{0x000000008cf42ad8}: <clinit>> (0x000000008cf42ad8) thrown at [./src/hotspot/share/prims/jni.cpp, line 1362]
Event: 29.427 Thread 0x0000018e63cf7800 Exception <a 'java/lang/NoSuchMethodError'{0x000000008cf752a0}: <clinit>> (0x000000008cf752a0) thrown at [./src/hotspot/share/prims/jni.cpp, line 1362]
Event: 29.707 Thread 0x0000018e63cfb000 Exception <a 'java/lang/NoSuchMethodError'{0x000000008f90dc38}: 'void java.lang.invoke.DirectMethodHandle$Holder.invokeStatic(java.lang.Object, long)'> (0x000000008f90dc38) thrown at [./src/hotspot/share/interpreter/linkResolver.cpp, line 773]
Event: 29.708 Thread 0x0000018e63cfb000 Exception <a 'java/lang/NoSuchMethodError'{0x000000008f9fe6d8}: 'java.lang.Object java.lang.invoke.DirectMethodHandle$Holder.invokeStatic(java.lang.Object, long)'> (0x000000008f9fe6d8) thrown at [./src/hotspot/share/interpreter/linkResolver.cpp, line 773]
Event: 29.711 Thread 0x0000018e63cfb000 Exception <a 'java/lang/NoSuchMethodError'{0x000000008f80d5e8}: 'java.lang.Object java.lang.invoke.DirectMethodHandle$Holder.invokeStaticInit(java.lang.Object, java.lang.Object, long, java.lang.Object)'> (0x000000008f80d5e8) thrown at [./src/hotspot/share/interpreter/linkResolver.cpp, line 773]
Event: 29.711 Thread 0x0000018e63cfb000 Exception <a 'java/lang/NoSuchMethodError'{0x000000008f8139c8}: 'java.lang.Object java.lang.invoke.DirectMethodHandle$Holder.invokeStatic(java.lang.Object, java.lang.Object, long)'> (0x000000008f8139c8) thrown at [./src/hotspot/share/interpreter/linkResolver.cpp, line 773]
Event: 29.712 Thread 0x0000018e63cfb000 Exception <a 'java/lang/NoSuchMethodError'{0x000000008f81a3f0}: 'java.lang.Object java.lang.invoke.Invokers$Holder.linkToTargetMethod(java.lang.Object, long, java.lang.Object)'> (0x000000008f81a3f0) thrown at [./src/hotspot/share/interpreter/linkResolver.cpp, line 773]

Events (20 events):
Event: 30.063 Executing VM operation: CGC_Operation done
Event: 30.133 Executing VM operation: G1CollectForAllocation
Event: 30.162 Executing VM operation: G1CollectForAllocation done
Event: 30.214 loading class com/android/builder/internal/aapt/v2/Aapt2DaemonImpl$WaitForTaskCompletion
Event: 30.214 loading class com/android/builder/internal/aapt/v2/Aapt2DaemonImpl$WaitForTaskCompletion done
Event: 30.214 Executing VM operation: G1CollectForAllocation
Event: 30.241 Executing VM operation: G1CollectForAllocation done
Event: 30.243 loading class com/android/builder/internal/aapt/v2/Aapt2DaemonUtil
Event: 30.243 loading class com/android/builder/internal/aapt/v2/Aapt2DaemonUtil done
Event: 30.243 loading class com/android/builder/internal/aapt/AaptException
Event: 30.243 loading class com/android/builder/internal/aapt/AaptException done
Event: 30.243 loading class com/android/builder/internal/aapt/v2/AaptV2CommandBuilder
Event: 30.243 loading class com/android/builder/internal/aapt/v2/AaptV2CommandBuilder done
Event: 30.246 loading class com/android/builder/internal/aapt/v2/AaptV2CommandBuilder$makeLinkCommand$$inlined$sortedBy$1
Event: 30.246 loading class com/android/builder/internal/aapt/v2/AaptV2CommandBuilder$makeLinkCommand$$inlined$sortedBy$1 done
Event: 30.258 loading class kotlin/comparisons/ComparisonsKt
Event: 30.258 loading class kotlin/comparisons/ComparisonsKt done
Event: 30.258 loading class kotlin/comparisons/ComparisonsKt
Event: 30.258 loading class kotlin/comparisons/ComparisonsKt done
Event: 30.276 Executing VM operation: G1CollectForAllocation


Dynamic libraries:
0x00007ff692160000 - 0x00007ff69216a000 	C:\Program Files\Android\Android Studio\jre\bin\java.exe
0x00007ffa92350000 - 0x00007ffa92545000 	C:\Windows\SYSTEM32\ntdll.dll
0x00007ffa921e0000 - 0x00007ffa9229d000 	C:\Windows\System32\KERNEL32.DLL
0x00007ffa8fe80000 - 0x00007ffa90149000 	C:\Windows\System32\KERNELBASE.dll
0x00007ffa90290000 - 0x00007ffa90390000 	C:\Windows\System32\ucrtbase.dll
0x00007ffa88d70000 - 0x00007ffa88d87000 	C:\Program Files\Android\Android Studio\jre\bin\VCRUNTIME140.dll
0x00007ffa7b7c0000 - 0x00007ffa7b7d9000 	C:\Program Files\Android\Android Studio\jre\bin\jli.dll
0x00007ffa91cd0000 - 0x00007ffa91e70000 	C:\Windows\System32\USER32.dll
0x00007ffa88e90000 - 0x00007ffa8912a000 	C:\Windows\WinSxS\amd64_microsoft.windows.common-controls_6595b64144ccf1df_6.0.19041.1083_none_60bbe31371f34e71\COMCTL32.dll
0x00007ffa90260000 - 0x00007ffa90282000 	C:\Windows\System32\win32u.dll
0x00007ffa91940000 - 0x00007ffa919de000 	C:\Windows\System32\msvcrt.dll
0x00007ffa90bf0000 - 0x00007ffa90c1a000 	C:\Windows\System32\GDI32.dll
0x00007ffa90150000 - 0x00007ffa9025b000 	C:\Windows\System32\gdi32full.dll
0x00007ffa8fa90000 - 0x00007ffa8fb2d000 	C:\Windows\System32\msvcp_win.dll
0x00007ffa92020000 - 0x00007ffa92050000 	C:\Windows\System32\IMM32.DLL
0x00007ffa70030000 - 0x00007ffa700cd000 	C:\Program Files\Android\Android Studio\jre\bin\msvcp140.dll
0x00007ffa589e0000 - 0x00007ffa5949c000 	C:\Program Files\Android\Android Studio\jre\bin\server\jvm.dll
0x00007ffa92130000 - 0x00007ffa921dc000 	C:\Windows\System32\ADVAPI32.dll
0x00007ffa90f10000 - 0x00007ffa90fab000 	C:\Windows\System32\sechost.dll
0x00007ffa916f0000 - 0x00007ffa9181a000 	C:\Windows\System32\RPCRT4.dll
0x00007ffa92300000 - 0x00007ffa92308000 	C:\Windows\System32\PSAPI.DLL
0x00007ffa83620000 - 0x00007ffa8362a000 	C:\Windows\SYSTEM32\VERSION.dll
0x00007ffa8add0000 - 0x00007ffa8adf7000 	C:\Windows\SYSTEM32\WINMM.dll
0x00007ffa8b610000 - 0x00007ffa8b619000 	C:\Windows\SYSTEM32\WSOCK32.dll
0x00007ffa90ea0000 - 0x00007ffa90f0b000 	C:\Windows\System32\WS2_32.dll
0x00007ffa8d9c0000 - 0x00007ffa8d9d2000 	C:\Windows\SYSTEM32\kernel.appcore.dll
0x00007ffa802e0000 - 0x00007ffa802f1000 	C:\Program Files\Android\Android Studio\jre\bin\verify.dll
0x00007ffa82750000 - 0x00007ffa82934000 	C:\Windows\SYSTEM32\DBGHELP.DLL
0x00007ffa82720000 - 0x00007ffa8274c000 	C:\Windows\SYSTEM32\dbgcore.DLL
0x00007ffa8fb30000 - 0x00007ffa8fbb3000 	C:\Windows\System32\bcryptPrimitives.dll
0x00007ffa7fbf0000 - 0x00007ffa7fc19000 	C:\Program Files\Android\Android Studio\jre\bin\java.dll
0x00007ffa81440000 - 0x00007ffa8144b000 	C:\Program Files\Android\Android Studio\jre\bin\jimage.dll
0x00007ffa7fd10000 - 0x00007ffa7fd28000 	C:\Program Files\Android\Android Studio\jre\bin\zip.dll
0x00007ffa90fb0000 - 0x00007ffa916ef000 	C:\Windows\System32\SHELL32.dll
0x00007ffa8dbc0000 - 0x00007ffa8e351000 	C:\Windows\SYSTEM32\windows.storage.dll
0x00007ffa903c0000 - 0x00007ffa90715000 	C:\Windows\System32\combase.dll
0x00007ffa8f430000 - 0x00007ffa8f45c000 	C:\Windows\SYSTEM32\Wldp.dll
0x00007ffa90c50000 - 0x00007ffa90cfe000 	C:\Windows\System32\SHCORE.dll
0x00007ffa920d0000 - 0x00007ffa92125000 	C:\Windows\System32\shlwapi.dll
0x00007ffa8f9d0000 - 0x00007ffa8f9ef000 	C:\Windows\SYSTEM32\profapi.dll
0x00007ffa7fbc0000 - 0x00007ffa7fbda000 	C:\Program Files\Android\Android Studio\jre\bin\net.dll
0x00007ffa89340000 - 0x00007ffa8944a000 	C:\Windows\SYSTEM32\WINHTTP.dll
0x00007ffa8f190000 - 0x00007ffa8f1fa000 	C:\Windows\system32\mswsock.dll
0x00007ffa7fa40000 - 0x00007ffa7fa54000 	C:\Program Files\Android\Android Studio\jre\bin\nio.dll
0x00007ffa7b580000 - 0x00007ffa7b5a7000 	C:\Users\user\.gradle\native\fdc75f09e3144964f2cf3f50f0aa648679c211496f362492102eb8c894070792\windows-amd64\native-platform.dll
0x00007ffa5b3f0000 - 0x00007ffa5b586000 	C:\Users\user\.gradle\native\12488b8bf47d2d4c9fbf2f6322a914ad602e24e48041cd04a747c6da556b65c4\windows-amd64\native-platform-file-events.dll
0x00007ffa812f0000 - 0x00007ffa812fa000 	C:\Program Files\Android\Android Studio\jre\bin\management.dll
0x00007ffa80ee0000 - 0x00007ffa80eec000 	C:\Program Files\Android\Android Studio\jre\bin\management_ext.dll
0x00007ffa8f370000 - 0x00007ffa8f388000 	C:\Windows\SYSTEM32\CRYPTSP.dll
0x00007ffa8eb30000 - 0x00007ffa8eb64000 	C:\Windows\system32\rsaenh.dll
0x00007ffa90390000 - 0x00007ffa903b7000 	C:\Windows\System32\bcrypt.dll
0x00007ffa8f950000 - 0x00007ffa8f97e000 	C:\Windows\SYSTEM32\USERENV.dll
0x00007ffa8f390000 - 0x00007ffa8f39c000 	C:\Windows\SYSTEM32\CRYPTBASE.dll
0x00007ffa8ee80000 - 0x00007ffa8eebb000 	C:\Windows\SYSTEM32\IPHLPAPI.DLL
0x00007ffa91cc0000 - 0x00007ffa91cc8000 	C:\Windows\System32\NSI.dll
0x00007ffa85a20000 - 0x00007ffa85a37000 	C:\Windows\SYSTEM32\dhcpcsvc6.DLL
0x00007ffa85dd0000 - 0x00007ffa85ded000 	C:\Windows\SYSTEM32\dhcpcsvc.DLL
0x00007ffa8eec0000 - 0x00007ffa8ef8c000 	C:\Windows\SYSTEM32\DNSAPI.dll
0x00007ffa88790000 - 0x00007ffa8879b000 	C:\Windows\SYSTEM32\WINNSI.DLL

dbghelp: loaded successfully - version: 4.0.5 - missing functions: none
symbol engine: initialized successfully - sym options: 0x614 - pdb path: .;C:\Program Files\Android\Android Studio\jre\bin;C:\Windows\SYSTEM32;C:\Windows\WinSxS\amd64_microsoft.windows.common-controls_6595b64144ccf1df_6.0.19041.1083_none_60bbe31371f34e71;C:\Program Files\Android\Android Studio\jre\bin\server;C:\Users\user\.gradle\native\fdc75f09e3144964f2cf3f50f0aa648679c211496f362492102eb8c894070792\windows-amd64;C:\Users\user\.gradle\native\12488b8bf47d2d4c9fbf2f6322a914ad602e24e48041cd04a747c6da556b65c4\windows-amd64

VM Arguments:
jvm_args: --add-opens=java.base/java.util=ALL-UNNAMED --add-opens=java.base/java.lang=ALL-UNNAMED --add-opens=java.base/java.lang.invoke=ALL-UNNAMED --add-opens=java.prefs/java.util.prefs=ALL-UNNAMED -Xmx2048m -Dfile.encoding=UTF-8 -Duser.country=US -Duser.language=en -Duser.variant 
java_command: org.gradle.launcher.daemon.bootstrap.GradleDaemon 6.7.1
java_class_path (initial): C:\Users\user\.gradle\wrapper\dists\gradle-6.7.1-bin\bwlcbys1h7rz3272sye1xwiv6\gradle-6.7.1\lib\gradle-launcher-6.7.1.jar
Launcher Type: SUN_STANDARD

[Global flags]
     intx CICompilerCount                          = 3                                         {product} {ergonomic}
     uint ConcGCThreads                            = 1                                         {product} {ergonomic}
     uint G1ConcRefinementThreads                  = 4                                         {product} {ergonomic}
   size_t G1HeapRegionSize                         = 1048576                                   {product} {ergonomic}
    uintx GCDrainStackTargetSize                   = 64                                        {product} {ergonomic}
   size_t InitialHeapSize                          = 130023424                                 {product} {ergonomic}
   size_t MarkStackSize                            = 4194304                                   {product} {ergonomic}
   size_t MaxHeapSize                              = 2147483648                                {product} {command line}
   size_t MaxNewSize                               = 1287651328                                {product} {ergonomic}
   size_t MinHeapDeltaBytes                        = 1048576                                   {product} {ergonomic}
    uintx NonNMethodCodeHeapSize                   = 5830732                                {pd product} {ergonomic}
    uintx NonProfiledCodeHeapSize                  = 122913754                              {pd product} {ergonomic}
    uintx ProfiledCodeHeapSize                     = 122913754                              {pd product} {ergonomic}
    uintx ReservedCodeCacheSize                    = 251658240                              {pd product} {ergonomic}
     bool SegmentedCodeCache                       = true                                      {product} {ergonomic}
     bool UseCompressedClassPointers               = true                                 {lp64_product} {ergonomic}
     bool UseCompressedOops                        = true                                 {lp64_product} {ergonomic}
     bool UseG1GC                                  = true                                      {product} {ergonomic}
     bool UseLargePagesIndividualAllocation        = false                                  {pd product} {ergonomic}

Logging:
Log output configuration:
 #0: stdout all=warning uptime,level,tags
 #1: stderr all=off uptime,level,tags

Environment Variables:
PATH=C:\Windows\system32;C:\Windows;C:\Windows\System32\Wbem;C:\Windows\System32\WindowsPowerShell\v1.0\;C:\Windows\System32\OpenSSH\;C:\Program Files\Git\cmd;C:\Users\user\AppData\Local\Microsoft\WindowsApps;
USERNAME=user
OS=Windows_NT
PROCESSOR_IDENTIFIER=Intel64 Family 6 Model 61 Stepping 4, GenuineIntel



---------------  S Y S T E M  ---------------

OS: Windows 10 , 64 bit Build 19041 (10.0.19041.1023)
OS uptime: 5 days 0:37 hours

CPU:total 4 (initial active 4) (2 cores per cpu, 2 threads per core) family 6 model 61 stepping 4, cmov, cx8, fxsr, mmx, sse, sse2, sse3, ssse3, sse4.1, sse4.2, popcnt, avx, avx2, aes, clmul, erms, rtm, 3dnowpref, lzcnt, ht, tsc, tscinvbit, bmi1, bmi2, adx, fma

Memory: 4k page, system-wide physical 7888M (405M free)
TotalPageFile size 22819M (AvailPageFile size 43M)
current process WorkingSet (physical memory assigned to process): 505M, peak: 507M
current process commit charge ("private bytes"): 564M, peak: 786M

vm_info: OpenJDK 64-Bit Server VM (11.0.8+10-b944.6842174) for windows-amd64 JRE (11.0.8+10-b944.6842174), built on Sep 19 2020 01:11:42 by "builder" with MS VC++ 14.0 (VS2015)

END.
