#
# There is insufficient memory for the Java Runtime Environment to continue.
# Native memory allocation (mmap) failed to map 224395264 bytes for Failed to commit area from 0x0000000090200000 to 0x000000009d800000 of length 224395264.
# Possible reasons:
#   The system is out of physical RAM or swap space
#   The process is running with CompressedOops enabled, and the Java Heap may be blocking the growth of the native heap
# Possible solutions:
#   Reduce memory load on the system
#   Increase physical memory or swap space
#   Check if swap backing store is full
#   Decrease Java heap size (-Xmx/-Xms)
#   Decrease number of Java threads
#   Decrease Java thread stack sizes (-Xss)
#   Set larger code cache with -XX:ReservedCodeCacheSize=
#   JVM is running with Unscaled Compressed Oops mode in which the Java heap is
#     placed in the first 4GB address space. The Java Heap base address is the
#     maximum limit for the native heap growth. Please use -XX:HeapBaseMinAddress
#     to set the Java Heap base and to place the Java Heap above 4GB virtual address.
# This output file may be truncated or incomplete.
#
#  Out of Memory Error (./src/hotspot/os/windows/os_windows.cpp:3303), pid=14316, tid=14920
#
# JRE version: OpenJDK Runtime Environment (11.0.8+10) (build 11.0.8+10-b944.6842174)
# Java VM: OpenJDK 64-Bit Server VM (11.0.8+10-b944.6842174, mixed mode, tiered, compressed oops, g1 gc, windows-amd64)
# No core dump will be written. Minidumps are not enabled by default on client versions of Windows
#

---------------  S U M M A R Y ------------

Command Line: --add-opens=java.base/java.util=ALL-UNNAMED --add-opens=java.base/java.lang=ALL-UNNAMED --add-opens=java.base/java.lang.invoke=ALL-UNNAMED --add-opens=java.prefs/java.util.prefs=ALL-UNNAMED -Xmx2048m -Dfile.encoding=UTF-8 -Duser.country=US -Duser.language=en -Duser.variant org.gradle.launcher.daemon.bootstrap.GradleDaemon 6.7.1

Host: Intel(R) Core(TM) i7-5600U CPU @ 2.60GHz, 4 cores, 7G,  Windows 10 , 64 bit Build 19041 (10.0.19041.1023)
Time: Tue Jul 20 20:30:18 2021 India Standard Time elapsed time: 111 seconds (0d 0h 1m 51s)

---------------  T H R E A D  ---------------

Current thread (0x00000216dede4000):  VMThread "VM Thread" [stack: 0x00000037ff700000,0x00000037ff800000] [id=14920]

Stack: [0x00000037ff700000,0x00000037ff800000]
[error occurred during error reporting (printing stack bounds), id 0xc0000005, EXCEPTION_ACCESS_VIOLATION (0xc0000005) at pc=0x00000216c8d00dad]

Native frames: (J=compiled Java code, j=interpreted, Vv=VM code, C=native code)
V  [jvm.dll+0x5de50a]
V  [jvm.dll+0x7122f5]
V  [jvm.dll+0x71384d]
V  [jvm.dll+0x713e65]
V  [jvm.dll+0x713e1b]
V  [jvm.dll+0x5dd958]
V  [jvm.dll+0x5de0f8]
C  [ntdll.dll+0xa217f]
C  [ntdll.dll+0x51454]
C  [ntdll.dll+0xa0cae]
C  0x00000216c8d00dad

VM_Operation (0x0000003781efc4f0): G1CollectForAllocation, mode: safepoint, requested by thread 0x00000216e384a000


---------------  P R O C E S S  ---------------

Threads class SMR info:
_java_thread_list=0x00000216e7331330, length=173, elements={
0x00000216c537e000, 0x00000216dedea800, 0x00000216dedf6000, 0x00000216df782800,
0x00000216dee01800, 0x00000216dee05800, 0x00000216dee09800, 0x00000216dee11000,
0x00000216df8cb000, 0x00000216df8f9000, 0x00000216e1af2800, 0x00000216e03e1800,
0x00000216e2414000, 0x00000216e04aa000, 0x00000216e04a9000, 0x00000216e04aa800,
0x00000216e3411800, 0x00000216e340e000, 0x00000216e383f800, 0x00000216e383d000,
0x00000216e383e800, 0x00000216e3840000, 0x00000216e3842000, 0x00000216e3841000,
0x00000216e383d800, 0x00000216e383c000, 0x00000216e3842800, 0x00000216e3847800,
0x00000216e3846000, 0x00000216e3848800, 0x00000216e3846800, 0x00000216e3849000,
0x00000216e3843800, 0x00000216e384a000, 0x00000216e3844000, 0x00000216e384a800,
0x00000216e3845000, 0x00000216e340f000, 0x00000216e3412000, 0x00000216e340f800,
0x00000216e3413000, 0x00000216e340d800, 0x00000216e3414800, 0x00000216e3419800,
0x00000216e3415800, 0x00000216e3416000, 0x00000216e3417000, 0x00000216e3418000,
0x00000216e3418800, 0x00000216e3414000, 0x00000216e341a800, 0x00000216e341b000,
0x00000216e341c000, 0x00000216e04a8800, 0x00000216e3b39800, 0x00000216e3b3a800,
0x00000216e3b3d000, 0x00000216e3b3b000, 0x00000216e3b37000, 0x00000216e3b3d800,
0x00000216e3b38800, 0x00000216e3b3c000, 0x00000216e3b38000, 0x00000216e3b41800,
0x00000216e3b42800, 0x00000216e3b3e800, 0x00000216e3b3f800, 0x00000216e3b40000,
0x00000216e3b46000, 0x00000216e3b45000, 0x00000216e3b41000, 0x00000216e3b43800,
0x00000216e3b44000, 0x00000216e3805000, 0x00000216e3807800, 0x00000216e3804000,
0x00000216e380a800, 0x00000216e3806800, 0x00000216e3809000, 0x00000216e3808000,
0x00000216e3809800, 0x00000216e380b800, 0x00000216e3805800, 0x00000216e380c000,
0x00000216e380d000, 0x00000216e380f800, 0x00000216e3810000, 0x00000216e3811000,
0x00000216e380e000, 0x00000216e3812000, 0x00000216e3812800, 0x00000216e380e800,
0x00000216e113a000, 0x00000216e113b000, 0x00000216e1139800, 0x00000216e1138000,
0x00000216e113c000, 0x00000216e113c800, 0x00000216e1137000, 0x00000216e113d800,
0x00000216e113e800, 0x00000216e1138800, 0x00000216e1145000, 0x00000216e113f000,
0x00000216e1143000, 0x00000216e1141800, 0x00000216e1140000, 0x00000216e1142800,
0x00000216e1144000, 0x00000216e1145800, 0x00000216e1140800, 0x00000216e61e6800,
0x00000216e61e5000, 0x00000216e61e5800, 0x00000216e61e7800, 0x00000216e61e8000,
0x00000216e61e9000, 0x00000216e61e3000, 0x00000216e61ea000, 0x00000216e61e4000,
0x00000216e61ed000, 0x00000216e61eb800, 0x00000216e61ec000, 0x00000216e61ee000,
0x00000216e61ee800, 0x00000216e61ef800, 0x00000216e61f0800, 0x00000216e61ea800,
0x00000216e61f2000, 0x00000216e61f1000, 0x00000216e3a92800, 0x00000216e3a94000,
0x00000216e3a95000, 0x00000216e3a91000, 0x00000216e3a90000, 0x00000216e3a91800,
0x00000216e3a93800, 0x00000216e3a8f000, 0x00000216e3a9a800, 0x00000216e3a9a000,
0x00000216e3a9b800, 0x00000216e3a95800, 0x00000216e3a98000, 0x00000216e3a9c800,
0x00000216e3a96800, 0x00000216e3a9d000, 0x00000216e3a97800, 0x00000216e3a9e000,
0x00000216e3a99000, 0x00000216e3abb800, 0x00000216e3ab9800, 0x00000216e3ab9000,
0x00000216e3ab8000, 0x00000216e3aba800, 0x00000216e3abc000, 0x00000216e3abd000,
0x00000216e3ab7000, 0x00000216e3abd800, 0x00000216e5baa800, 0x00000216e5bb1000,
0x00000216e5bad800, 0x00000216e5bae800, 0x00000216e5bb0000, 0x00000216e5bab000,
0x00000216e5bac000, 0x00000216e5bac800, 0x00000216e5baf000, 0x00000216e7b04000,
0x00000216e7b0a000, 0x00000216e7b06800, 0x00000216e7b08000, 0x00000216e7b0a800,
0x00000216e7b0b800
}

Java Threads: ( => current thread )
  0x00000216c537e000 JavaThread "main" [_thread_blocked, id=14440, stack(0x00000037ff100000,0x00000037ff200000)]
  0x00000216dedea800 JavaThread "Reference Handler" daemon [_thread_blocked, id=17188, stack(0x00000037ff800000,0x00000037ff900000)]
  0x00000216dedf6000 JavaThread "Finalizer" daemon [_thread_blocked, id=12516, stack(0x00000037ff900000,0x00000037ffa00000)]
  0x00000216df782800 JavaThread "Signal Dispatcher" daemon [_thread_blocked, id=12732, stack(0x00000037ffb00000,0x00000037ffc00000)]
  0x00000216dee01800 JavaThread "Attach Listener" daemon [_thread_blocked, id=13596, stack(0x00000037ffc00000,0x00000037ffd00000)]
  0x00000216dee05800 JavaThread "C2 CompilerThread0" daemon [_thread_in_native, id=12316, stack(0x00000037ffd00000,0x00000037ffe00000)]
  0x00000216dee09800 JavaThread "C1 CompilerThread0" daemon [_thread_blocked, id=7708, stack(0x00000037ffe00000,0x00000037fff00000)]
  0x00000216dee11000 JavaThread "Sweeper thread" daemon [_thread_blocked, id=14684, stack(0x00000037fff00000,0x0000003800000000)]
  0x00000216df8cb000 JavaThread "Common-Cleaner" daemon [_thread_blocked, id=3028, stack(0x0000003780000000,0x0000003780100000)]
  0x00000216df8f9000 JavaThread "Service Thread" daemon [_thread_blocked, id=4932, stack(0x0000003780100000,0x0000003780200000)]
  0x00000216e1af2800 JavaThread "Daemon health stats" [_thread_blocked, id=16576, stack(0x0000003780500000,0x0000003780600000)]
  0x00000216e03e1800 JavaThread "Incoming local TCP Connector on port 55027" [_thread_in_native, id=16500, stack(0x0000003780700000,0x0000003780800000)]
  0x00000216e2414000 JavaThread "Daemon periodic checks" [_thread_blocked, id=12728, stack(0x0000003780800000,0x0000003780900000)]
  0x00000216e04aa000 JavaThread "Cache worker for file hash cache (C:\Users\user\.gradle\caches\6.7.1\fileHashes)" [_thread_blocked, id=16356, stack(0x0000003781200000,0x0000003781300000)]
  0x00000216e04a9000 JavaThread "File lock request listener" [_thread_in_native, id=6520, stack(0x0000003781300000,0x0000003781400000)]
  0x00000216e04aa800 JavaThread "Cache worker for journal cache (C:\Users\user\.gradle\caches\journal-1)" [_thread_blocked, id=6904, stack(0x0000003781400000,0x0000003781500000)]
  0x00000216e3411800 JavaThread "Cache worker for execution history cache (C:\Users\user\.gradle\caches\6.7.1\executionHistory)" [_thread_blocked, id=9396, stack(0x0000003781900000,0x0000003781a00000)]
  0x00000216e340e000 JavaThread "Cache worker for file content cache (C:\Users\user\.gradle\caches\6.7.1\fileContent)" [_thread_blocked, id=12388, stack(0x0000003781b00000,0x0000003781c00000)]
  0x00000216e383f800 JavaThread "Memory manager" [_thread_blocked, id=3396, stack(0x0000003789c00000,0x0000003789d00000)]
  0x00000216e383d000 JavaThread "Daemon Thread 2" [_thread_blocked, id=7156, stack(0x0000003780900000,0x0000003780a00000)]
  0x00000216e383e800 JavaThread "Handler for socket connection from /127.0.0.1:55027 to /127.0.0.1:57349" [_thread_in_native, id=7300, stack(0x0000003780a00000,0x0000003780b00000)]
  0x00000216e3840000 JavaThread "Cancel handler" [_thread_blocked, id=15720, stack(0x0000003780b00000,0x0000003780c00000)]
  0x00000216e3842000 JavaThread "Daemon worker Thread 2" [_thread_blocked, id=7568, stack(0x0000003780c00000,0x0000003780d00000)]
  0x00000216e3841000 JavaThread "Asynchronous log dispatcher for DefaultDaemonConnection: socket connection from /127.0.0.1:55027 to /127.0.0.1:57349" [_thread_blocked, id=4240, stack(0x0000003780d00000,0x0000003780e00000)]
  0x00000216e383d800 JavaThread "Stdin handler" [_thread_blocked, id=13524, stack(0x0000003780e00000,0x0000003780f00000)]
  0x00000216e383c000 JavaThread "Thread-159" [_thread_blocked, id=12996, stack(0x0000003780f00000,0x0000003781000000)]
  0x00000216e3842800 JavaThread "Cache worker for file hash cache (D:\gthrAndroid\.gradle\6.7.1\fileHashes)" [_thread_blocked, id=10368, stack(0x0000003781500000,0x0000003781600000)]
  0x00000216e3847800 JavaThread "Cache worker for checksums cache (D:\gthrAndroid\.gradle\checksums)" [_thread_blocked, id=12596, stack(0x0000003781600000,0x0000003781700000)]
  0x00000216e3846000 JavaThread "Cache worker for cache directory md-supplier (C:\Users\user\.gradle\caches\6.7.1\md-supplier)" [_thread_blocked, id=10276, stack(0x0000003781700000,0x0000003781800000)]
  0x00000216e3848800 JavaThread "Cache worker for cache directory md-rule (C:\Users\user\.gradle\caches\6.7.1\md-rule)" [_thread_blocked, id=14824, stack(0x0000003781800000,0x0000003781900000)]
  0x00000216e3846800 JavaThread "Cache worker for Build Output Cleanup Cache (D:\gthrAndroid\.gradle\buildOutputCleanup)" [_thread_blocked, id=16012, stack(0x0000003781a00000,0x0000003781b00000)]
  0x00000216e3849000 JavaThread "Build operations" [_thread_blocked, id=744, stack(0x0000003781c00000,0x0000003781d00000)]
  0x00000216e3843800 JavaThread "Build operations Thread 2" [_thread_blocked, id=15520, stack(0x0000003781d00000,0x0000003781e00000)]
  0x00000216e384a000 JavaThread "Build operations Thread 3" [_thread_blocked, id=5812, stack(0x0000003781e00000,0x0000003781f00000)]
  0x00000216e3844000 JavaThread "Build operations Thread 4" [_thread_blocked, id=13072, stack(0x0000003781f00000,0x0000003782000000)]
  0x00000216e384a800 JavaThread "jar transforms Thread 125" [_thread_blocked, id=7268, stack(0x0000003782000000,0x0000003782100000)]
  0x00000216e3845000 JavaThread "jar transforms Thread 126" [_thread_blocked, id=15676, stack(0x0000003782100000,0x0000003782200000)]
  0x00000216e340f000 JavaThread "jar transforms Thread 127" [_thread_blocked, id=6996, stack(0x0000003782200000,0x0000003782300000)]
  0x00000216e3412000 JavaThread "jar transforms Thread 128" [_thread_blocked, id=16896, stack(0x0000003782300000,0x0000003782400000)]
  0x00000216e340f800 JavaThread "jar transforms Thread 129" [_thread_blocked, id=13376, stack(0x0000003782400000,0x0000003782500000)]
  0x00000216e3413000 JavaThread "jar transforms Thread 130" [_thread_blocked, id=16876, stack(0x0000003782500000,0x0000003782600000)]
  0x00000216e340d800 JavaThread "jar transforms Thread 131" [_thread_blocked, id=9504, stack(0x0000003782600000,0x0000003782700000)]
  0x00000216e3414800 JavaThread "jar transforms Thread 132" [_thread_blocked, id=16680, stack(0x0000003782700000,0x0000003782800000)]
  0x00000216e3419800 JavaThread "jar transforms Thread 133" [_thread_blocked, id=8400, stack(0x0000003782800000,0x0000003782900000)]
  0x00000216e3415800 JavaThread "jar transforms Thread 134" [_thread_blocked, id=16208, stack(0x0000003782900000,0x0000003782a00000)]
  0x00000216e3416000 JavaThread "jar transforms Thread 135" [_thread_blocked, id=1040, stack(0x0000003782a00000,0x0000003782b00000)]
  0x00000216e3417000 JavaThread "jar transforms Thread 136" [_thread_blocked, id=11424, stack(0x0000003782b00000,0x0000003782c00000)]
  0x00000216e3418000 JavaThread "jar transforms Thread 137" [_thread_blocked, id=3712, stack(0x0000003782c00000,0x0000003782d00000)]
  0x00000216e3418800 JavaThread "jar transforms Thread 138" [_thread_blocked, id=17020, stack(0x0000003782d00000,0x0000003782e00000)]
  0x00000216e3414000 JavaThread "jar transforms Thread 139" [_thread_blocked, id=17140, stack(0x0000003782e00000,0x0000003782f00000)]
  0x00000216e341a800 JavaThread "jar transforms Thread 140" [_thread_blocked, id=17384, stack(0x0000003782f00000,0x0000003783000000)]
  0x00000216e341b000 JavaThread "jar transforms Thread 141" [_thread_blocked, id=16560, stack(0x0000003783000000,0x0000003783100000)]
  0x00000216e341c000 JavaThread "jar transforms Thread 142" [_thread_blocked, id=17348, stack(0x0000003783100000,0x0000003783200000)]
  0x00000216e04a8800 JavaThread "jar transforms Thread 143" [_thread_blocked, id=17124, stack(0x0000003783200000,0x0000003783300000)]
  0x00000216e3b39800 JavaThread "jar transforms Thread 144" [_thread_blocked, id=11504, stack(0x0000003783300000,0x0000003783400000)]
  0x00000216e3b3a800 JavaThread "jar transforms Thread 145" [_thread_blocked, id=14288, stack(0x0000003783400000,0x0000003783500000)]
  0x00000216e3b3d000 JavaThread "jar transforms Thread 146" [_thread_blocked, id=5396, stack(0x0000003783500000,0x0000003783600000)]
  0x00000216e3b3b000 JavaThread "jar transforms Thread 147" [_thread_blocked, id=16020, stack(0x0000003783600000,0x0000003783700000)]
  0x00000216e3b37000 JavaThread "jar transforms Thread 148" [_thread_blocked, id=14460, stack(0x0000003783700000,0x0000003783800000)]
  0x00000216e3b3d800 JavaThread "jar transforms Thread 149" [_thread_blocked, id=5808, stack(0x0000003783800000,0x0000003783900000)]
  0x00000216e3b38800 JavaThread "jar transforms Thread 150" [_thread_blocked, id=16788, stack(0x0000003783900000,0x0000003783a00000)]
  0x00000216e3b3c000 JavaThread "jar transforms Thread 151" [_thread_blocked, id=12644, stack(0x0000003783a00000,0x0000003783b00000)]
  0x00000216e3b38000 JavaThread "jar transforms Thread 152" [_thread_blocked, id=11444, stack(0x0000003783b00000,0x0000003783c00000)]
  0x00000216e3b41800 JavaThread "jar transforms Thread 153" [_thread_blocked, id=17392, stack(0x0000003783c00000,0x0000003783d00000)]
  0x00000216e3b42800 JavaThread "jar transforms Thread 154" [_thread_blocked, id=8660, stack(0x0000003783d00000,0x0000003783e00000)]
  0x00000216e3b3e800 JavaThread "jar transforms Thread 155" [_thread_blocked, id=16380, stack(0x0000003783e00000,0x0000003783f00000)]
  0x00000216e3b3f800 JavaThread "jar transforms Thread 156" [_thread_blocked, id=15456, stack(0x0000003783f00000,0x0000003784000000)]
  0x00000216e3b40000 JavaThread "jar transforms Thread 157" [_thread_blocked, id=15880, stack(0x0000003784000000,0x0000003784100000)]
  0x00000216e3b46000 JavaThread "jar transforms Thread 158" [_thread_blocked, id=9384, stack(0x0000003784100000,0x0000003784200000)]
  0x00000216e3b45000 JavaThread "jar transforms Thread 159" [_thread_blocked, id=2348, stack(0x0000003784200000,0x0000003784300000)]
  0x00000216e3b41000 JavaThread "jar transforms Thread 160" [_thread_blocked, id=17168, stack(0x0000003784300000,0x0000003784400000)]
  0x00000216e3b43800 JavaThread "jar transforms Thread 161" [_thread_blocked, id=16568, stack(0x0000003784400000,0x0000003784500000)]
  0x00000216e3b44000 JavaThread "jar transforms Thread 162" [_thread_blocked, id=13712, stack(0x0000003784500000,0x0000003784600000)]
  0x00000216e3805000 JavaThread "jar transforms Thread 163" [_thread_blocked, id=10792, stack(0x0000003784600000,0x0000003784700000)]
  0x00000216e3807800 JavaThread "jar transforms Thread 164" [_thread_blocked, id=11516, stack(0x0000003784700000,0x0000003784800000)]
  0x00000216e3804000 JavaThread "jar transforms Thread 165" [_thread_blocked, id=11096, stack(0x0000003784800000,0x0000003784900000)]
  0x00000216e380a800 JavaThread "jar transforms Thread 166" [_thread_blocked, id=6512, stack(0x0000003784900000,0x0000003784a00000)]
  0x00000216e3806800 JavaThread "jar transforms Thread 167" [_thread_blocked, id=12180, stack(0x0000003784a00000,0x0000003784b00000)]
  0x00000216e3809000 JavaThread "jar transforms Thread 168" [_thread_blocked, id=9748, stack(0x0000003784b00000,0x0000003784c00000)]
  0x00000216e3808000 JavaThread "jar transforms Thread 169" [_thread_blocked, id=16184, stack(0x0000003784c00000,0x0000003784d00000)]
  0x00000216e3809800 JavaThread "jar transforms Thread 170" [_thread_blocked, id=4828, stack(0x0000003784d00000,0x0000003784e00000)]
  0x00000216e380b800 JavaThread "jar transforms Thread 171" [_thread_blocked, id=10320, stack(0x0000003784e00000,0x0000003784f00000)]
  0x00000216e3805800 JavaThread "jar transforms Thread 172" [_thread_blocked, id=13888, stack(0x0000003784f00000,0x0000003785000000)]
  0x00000216e380c000 JavaThread "jar transforms Thread 173" [_thread_blocked, id=16804, stack(0x0000003785000000,0x0000003785100000)]
  0x00000216e380d000 JavaThread "jar transforms Thread 174" [_thread_blocked, id=16756, stack(0x0000003785100000,0x0000003785200000)]
  0x00000216e380f800 JavaThread "jar transforms Thread 175" [_thread_blocked, id=10308, stack(0x0000003785200000,0x0000003785300000)]
  0x00000216e3810000 JavaThread "jar transforms Thread 176" [_thread_blocked, id=15976, stack(0x0000003785300000,0x0000003785400000)]
  0x00000216e3811000 JavaThread "jar transforms Thread 177" [_thread_blocked, id=13960, stack(0x0000003785400000,0x0000003785500000)]
  0x00000216e380e000 JavaThread "jar transforms Thread 178" [_thread_blocked, id=17372, stack(0x0000003785500000,0x0000003785600000)]
  0x00000216e3812000 JavaThread "jar transforms Thread 179" [_thread_blocked, id=4604, stack(0x0000003785600000,0x0000003785700000)]
  0x00000216e3812800 JavaThread "jar transforms Thread 180" [_thread_blocked, id=14552, stack(0x0000003785700000,0x0000003785800000)]
  0x00000216e380e800 JavaThread "jar transforms Thread 181" [_thread_blocked, id=8736, stack(0x0000003785800000,0x0000003785900000)]
  0x00000216e113a000 JavaThread "jar transforms Thread 182" [_thread_blocked, id=5492, stack(0x0000003785900000,0x0000003785a00000)]
  0x00000216e113b000 JavaThread "jar transforms Thread 183" [_thread_blocked, id=13576, stack(0x0000003785a00000,0x0000003785b00000)]
  0x00000216e1139800 JavaThread "jar transforms Thread 184" [_thread_blocked, id=2520, stack(0x0000003785b00000,0x0000003785c00000)]
  0x00000216e1138000 JavaThread "jar transforms Thread 185" [_thread_blocked, id=15748, stack(0x0000003785c00000,0x0000003785d00000)]
  0x00000216e113c000 JavaThread "jar transforms Thread 186" [_thread_blocked, id=1512, stack(0x0000003785d00000,0x0000003785e00000)]
  0x00000216e113c800 JavaThread "jar transforms Thread 187" [_thread_blocked, id=15500, stack(0x0000003785e00000,0x0000003785f00000)]
  0x00000216e1137000 JavaThread "jar transforms Thread 188" [_thread_blocked, id=16340, stack(0x0000003785f00000,0x0000003786000000)]
  0x00000216e113d800 JavaThread "jar transforms Thread 189" [_thread_blocked, id=12816, stack(0x0000003786000000,0x0000003786100000)]
  0x00000216e113e800 JavaThread "jar transforms Thread 190" [_thread_blocked, id=8572, stack(0x0000003786100000,0x0000003786200000)]
  0x00000216e1138800 JavaThread "jar transforms Thread 191" [_thread_blocked, id=16908, stack(0x0000003786200000,0x0000003786300000)]
  0x00000216e1145000 JavaThread "jar transforms Thread 192" [_thread_blocked, id=15924, stack(0x0000003786300000,0x0000003786400000)]
  0x00000216e113f000 JavaThread "jar transforms Thread 193" [_thread_blocked, id=10856, stack(0x0000003786400000,0x0000003786500000)]
  0x00000216e1143000 JavaThread "jar transforms Thread 194" [_thread_blocked, id=15708, stack(0x0000003786500000,0x0000003786600000)]
  0x00000216e1141800 JavaThread "jar transforms Thread 195" [_thread_blocked, id=13756, stack(0x0000003786600000,0x0000003786700000)]
  0x00000216e1140000 JavaThread "jar transforms Thread 196" [_thread_blocked, id=13428, stack(0x0000003786700000,0x0000003786800000)]
  0x00000216e1142800 JavaThread "jar transforms Thread 197" [_thread_blocked, id=15700, stack(0x0000003786800000,0x0000003786900000)]
  0x00000216e1144000 JavaThread "jar transforms Thread 198" [_thread_blocked, id=15420, stack(0x0000003786900000,0x0000003786a00000)]
  0x00000216e1145800 JavaThread "jar transforms Thread 199" [_thread_blocked, id=16344, stack(0x0000003786a00000,0x0000003786b00000)]
  0x00000216e1140800 JavaThread "jar transforms Thread 200" [_thread_blocked, id=1500, stack(0x0000003786b00000,0x0000003786c00000)]
  0x00000216e61e6800 JavaThread "jar transforms Thread 201" [_thread_blocked, id=16944, stack(0x0000003786c00000,0x0000003786d00000)]
  0x00000216e61e5000 JavaThread "jar transforms Thread 202" [_thread_blocked, id=16000, stack(0x0000003786d00000,0x0000003786e00000)]
  0x00000216e61e5800 JavaThread "jar transforms Thread 203" [_thread_blocked, id=6016, stack(0x0000003786e00000,0x0000003786f00000)]
  0x00000216e61e7800 JavaThread "jar transforms Thread 204" [_thread_blocked, id=2328, stack(0x0000003786f00000,0x0000003787000000)]
  0x00000216e61e8000 JavaThread "jar transforms Thread 205" [_thread_blocked, id=16044, stack(0x0000003787000000,0x0000003787100000)]
  0x00000216e61e9000 JavaThread "jar transforms Thread 206" [_thread_blocked, id=16272, stack(0x0000003787100000,0x0000003787200000)]
  0x00000216e61e3000 JavaThread "jar transforms Thread 207" [_thread_blocked, id=1812, stack(0x0000003787200000,0x0000003787300000)]
  0x00000216e61ea000 JavaThread "jar transforms Thread 208" [_thread_blocked, id=16528, stack(0x0000003787300000,0x0000003787400000)]
  0x00000216e61e4000 JavaThread "jar transforms Thread 209" [_thread_blocked, id=4716, stack(0x0000003787400000,0x0000003787500000)]
  0x00000216e61ed000 JavaThread "jar transforms Thread 210" [_thread_blocked, id=16264, stack(0x0000003787500000,0x0000003787600000)]
  0x00000216e61eb800 JavaThread "jar transforms Thread 211" [_thread_blocked, id=10204, stack(0x0000003787600000,0x0000003787700000)]
  0x00000216e61ec000 JavaThread "jar transforms Thread 212" [_thread_blocked, id=14796, stack(0x0000003787700000,0x0000003787800000)]
  0x00000216e61ee000 JavaThread "jar transforms Thread 213" [_thread_blocked, id=16156, stack(0x0000003787800000,0x0000003787900000)]
  0x00000216e61ee800 JavaThread "jar transforms Thread 214" [_thread_blocked, id=13420, stack(0x0000003787900000,0x0000003787a00000)]
  0x00000216e61ef800 JavaThread "jar transforms Thread 215" [_thread_blocked, id=8416, stack(0x0000003787a00000,0x0000003787b00000)]
  0x00000216e61f0800 JavaThread "jar transforms Thread 216" [_thread_blocked, id=15712, stack(0x0000003787b00000,0x0000003787c00000)]
  0x00000216e61ea800 JavaThread "jar transforms Thread 217" [_thread_blocked, id=8052, stack(0x0000003787c00000,0x0000003787d00000)]
  0x00000216e61f2000 JavaThread "jar transforms Thread 218" [_thread_blocked, id=16988, stack(0x0000003787d00000,0x0000003787e00000)]
  0x00000216e61f1000 JavaThread "jar transforms Thread 219" [_thread_blocked, id=6784, stack(0x0000003787e00000,0x0000003787f00000)]
  0x00000216e3a92800 JavaThread "jar transforms Thread 220" [_thread_blocked, id=12856, stack(0x0000003787f00000,0x0000003788000000)]
  0x00000216e3a94000 JavaThread "jar transforms Thread 221" [_thread_blocked, id=14420, stack(0x0000003788000000,0x0000003788100000)]
  0x00000216e3a95000 JavaThread "jar transforms Thread 222" [_thread_blocked, id=7936, stack(0x0000003788100000,0x0000003788200000)]
  0x00000216e3a91000 JavaThread "jar transforms Thread 223" [_thread_blocked, id=15528, stack(0x0000003788200000,0x0000003788300000)]
  0x00000216e3a90000 JavaThread "jar transforms Thread 224" [_thread_blocked, id=15544, stack(0x0000003788300000,0x0000003788400000)]
  0x00000216e3a91800 JavaThread "jar transforms Thread 225" [_thread_blocked, id=15532, stack(0x0000003788400000,0x0000003788500000)]
  0x00000216e3a93800 JavaThread "jar transforms Thread 226" [_thread_blocked, id=15540, stack(0x0000003788500000,0x0000003788600000)]
  0x00000216e3a8f000 JavaThread "jar transforms Thread 227" [_thread_blocked, id=15548, stack(0x0000003788600000,0x0000003788700000)]
  0x00000216e3a9a800 JavaThread "jar transforms Thread 228" [_thread_blocked, id=15552, stack(0x0000003788700000,0x0000003788800000)]
  0x00000216e3a9a000 JavaThread "jar transforms Thread 229" [_thread_blocked, id=15508, stack(0x0000003788800000,0x0000003788900000)]
  0x00000216e3a9b800 JavaThread "jar transforms Thread 230" [_thread_blocked, id=15560, stack(0x0000003788900000,0x0000003788a00000)]
  0x00000216e3a95800 JavaThread "jar transforms Thread 231" [_thread_blocked, id=15564, stack(0x0000003788a00000,0x0000003788b00000)]
  0x00000216e3a98000 JavaThread "jar transforms Thread 232" [_thread_blocked, id=15568, stack(0x0000003788b00000,0x0000003788c00000)]
  0x00000216e3a9c800 JavaThread "jar transforms Thread 233" [_thread_blocked, id=15572, stack(0x0000003788c00000,0x0000003788d00000)]
  0x00000216e3a96800 JavaThread "jar transforms Thread 234" [_thread_blocked, id=15576, stack(0x0000003788d00000,0x0000003788e00000)]
  0x00000216e3a9d000 JavaThread "jar transforms Thread 235" [_thread_blocked, id=15580, stack(0x0000003788e00000,0x0000003788f00000)]
  0x00000216e3a97800 JavaThread "jar transforms Thread 236" [_thread_blocked, id=15588, stack(0x0000003788f00000,0x0000003789000000)]
  0x00000216e3a9e000 JavaThread "jar transforms Thread 237" [_thread_blocked, id=15536, stack(0x0000003789000000,0x0000003789100000)]
  0x00000216e3a99000 JavaThread "jar transforms Thread 238" [_thread_blocked, id=11280, stack(0x0000003789100000,0x0000003789200000)]
  0x00000216e3abb800 JavaThread "jar transforms Thread 239" [_thread_blocked, id=11964, stack(0x0000003789200000,0x0000003789300000)]
  0x00000216e3ab9800 JavaThread "jar transforms Thread 240" [_thread_blocked, id=4808, stack(0x0000003789300000,0x0000003789400000)]
  0x00000216e3ab9000 JavaThread "jar transforms Thread 241" [_thread_blocked, id=12436, stack(0x0000003789400000,0x0000003789500000)]
  0x00000216e3ab8000 JavaThread "jar transforms Thread 242" [_thread_blocked, id=11704, stack(0x0000003789500000,0x0000003789600000)]
  0x00000216e3aba800 JavaThread "jar transforms Thread 243" [_thread_blocked, id=16676, stack(0x0000003789600000,0x0000003789700000)]
  0x00000216e3abc000 JavaThread "jar transforms Thread 244" [_thread_blocked, id=12368, stack(0x0000003789700000,0x0000003789800000)]
  0x00000216e3abd000 JavaThread "jar transforms Thread 245" [_thread_blocked, id=16312, stack(0x0000003789800000,0x0000003789900000)]
  0x00000216e3ab7000 JavaThread "jar transforms Thread 246" [_thread_blocked, id=15400, stack(0x0000003789900000,0x0000003789a00000)]
  0x00000216e3abd800 JavaThread "jar transforms Thread 247" [_thread_blocked, id=16776, stack(0x0000003789a00000,0x0000003789b00000)]
  0x00000216e5baa800 JavaThread "jar transforms Thread 248" [_thread_blocked, id=16232, stack(0x0000003789b00000,0x0000003789c00000)]
  0x00000216e5bb1000 JavaThread "build event listener" [_thread_blocked, id=12300, stack(0x0000003789d00000,0x0000003789e00000)]
  0x00000216e5bad800 JavaThread "build event listener" [_thread_blocked, id=16672, stack(0x0000003789e00000,0x0000003789f00000)]
  0x00000216e5bae800 JavaThread "Execution worker for ':'" [_thread_blocked, id=16540, stack(0x0000003789f00000,0x000000378a000000)]
  0x00000216e5bb0000 JavaThread "Execution worker for ':' Thread 2" [_thread_blocked, id=16496, stack(0x000000378a000000,0x000000378a100000)]
  0x00000216e5bab000 JavaThread "Execution worker for ':' Thread 3" [_thread_blocked, id=6516, stack(0x000000378a100000,0x000000378a200000)]
  0x00000216e5bac000 JavaThread "Cache worker for execution history cache (D:\gthrAndroid\.gradle\6.7.1\executionHistory)" [_thread_blocked, id=11740, stack(0x000000378a200000,0x000000378a300000)]
  0x00000216e5bac800 JavaThread "WorkerExecutor Queue" [_thread_blocked, id=9388, stack(0x000000378a300000,0x000000378a400000)]
  0x00000216e5baf000 JavaThread "WorkerExecutor Queue Thread 2" [_thread_blocked, id=17128, stack(0x000000378a500000,0x000000378a600000)]
  0x00000216e7b04000 JavaThread "Java2D Disposer" daemon [_thread_blocked, id=7884, stack(0x000000378a900000,0x000000378aa00000)]
  0x00000216e7b0a000 JavaThread "WorkerExecutor Queue Thread 5" [_thread_blocked, id=16584, stack(0x000000378a600000,0x000000378a700000)]
  0x00000216e7b06800 JavaThread "WorkerExecutor Queue Thread 6" [_thread_blocked, id=2704, stack(0x000000378ab00000,0x000000378ac00000)]
  0x00000216e7b08000 JavaThread "pool-7-thread-1" [_thread_blocked, id=15432, stack(0x000000378ac00000,0x000000378ad00000)]
  0x00000216e7b0a800 JavaThread "stderr" [_thread_in_native, id=13188, stack(0x000000378ad00000,0x000000378ae00000)]
  0x00000216e7b0b800 JavaThread "stdout" [_thread_in_native, id=16936, stack(0x000000378ae00000,0x000000378af00000)]

Other Threads:
=>0x00000216dede4000 VMThread "VM Thread" [stack: 0x00000037ff700000,0x00000037ff800000] [id=14920]
  0x00000216df8fa800 WatcherThread [stack: 0x0000003780200000,0x0000003780300000] [id=3316]
  0x00000216c5391800 GCTaskThread "GC Thread#0" [stack: 0x00000037ff200000,0x00000037ff300000] [id=5964]
  0x00000216dfcfa800 GCTaskThread "GC Thread#1" [stack: 0x0000003780400000,0x0000003780500000] [id=3964]
  0x00000216e12d4800 GCTaskThread "GC Thread#2" [stack: 0x0000003781000000,0x0000003781100000] [id=17032]
  0x00000216e16a8000 GCTaskThread "GC Thread#3" [stack: 0x0000003781100000,0x0000003781200000] [id=13924]
  0x00000216c53c2800 ConcurrentGCThread "G1 Main Marker" [stack: 0x00000037ff300000,0x00000037ff400000] [id=17148]
  0x00000216c53c5000 ConcurrentGCThread "G1 Conc#0" [stack: 0x00000037ff400000,0x00000037ff500000] [id=4172]
  0x00000216c5450000 ConcurrentGCThread "G1 Refine#0" [stack: 0x00000037ff500000,0x00000037ff600000] [id=7948]
  0x00000216e74c2800 ConcurrentGCThread "G1 Refine#1" [stack: 0x000000378aa00000,0x000000378ab00000] [id=6372]
  0x00000216c5451000 ConcurrentGCThread "G1 Young RemSet Sampling" [stack: 0x00000037ff600000,0x00000037ff700000] [id=5384]

Threads with active compile tasks:
C2 CompilerThread0 111681 16169       4       org.gradle.internal.logging.sink.OutputEventRenderer$LazyListener::onOutput (95 bytes)

VM state:at safepoint (normal execution)

VM Mutex/Monitor currently owned by a thread:  ([mutex/lock_event])
[0x00000216c537a150] Threads_lock - owner thread: 0x00000216dede4000
[0x00000216c5379a00] Heap_lock - owner thread: 0x00000216e384a000

Heap address: 0x0000000080000000, size: 2048 MB, Compressed Oops mode: 32-bit
Narrow klass base: 0x0000000000000000, Narrow klass shift: 3
Compressed class space size: 1073741824 Address: 0x0000000100000000

Heap:
 garbage-first heap   total 483328K, used 129939K [0x0000000080000000, 0x0000000100000000)
  region size 1024K, 8 young (8192K), 8 survivors (8192K)
 Metaspace       used 106873K, capacity 109188K, committed 109440K, reserved 1144832K
  class space    used 12878K, capacity 13661K, committed 13696K, reserved 1048576K
Heap Regions: E=young(eden), S=young(survivor), O=old, HS=humongous(starts), HC=humongous(continues), CS=collection set, F=free, A=archive, TAMS=top-at-mark-start (previous, next)
|   0|0x0000000080000000, 0x0000000080100000, 0x0000000080100000|100%| O|  |TAMS 0x0000000080100000, 0x0000000080000000| Untracked 
|   1|0x0000000080100000, 0x0000000080200000, 0x0000000080200000|100%| O|  |TAMS 0x0000000080200000, 0x0000000080100000| Untracked 
|   2|0x0000000080200000, 0x0000000080300000, 0x0000000080300000|100%| O|  |TAMS 0x0000000080300000, 0x0000000080200000| Untracked 
|   3|0x0000000080300000, 0x0000000080400000, 0x0000000080400000|100%|HS|  |TAMS 0x0000000080400000, 0x0000000080300000| Complete 
|   4|0x0000000080400000, 0x0000000080500000, 0x0000000080500000|100%|HC|  |TAMS 0x0000000080500000, 0x0000000080400000| Complete 
|   5|0x0000000080500000, 0x0000000080600000, 0x0000000080600000|100%|HC|  |TAMS 0x0000000080600000, 0x0000000080500000| Complete 
|   6|0x0000000080600000, 0x0000000080700000, 0x0000000080700000|100%| O|  |TAMS 0x0000000080700000, 0x0000000080600000| Untracked 
|   7|0x0000000080700000, 0x0000000080800000, 0x0000000080800000|100%| O|  |TAMS 0x0000000080800000, 0x0000000080700000| Untracked 
|   8|0x0000000080800000, 0x0000000080900000, 0x0000000080900000|100%| O|  |TAMS 0x0000000080900000, 0x0000000080800000| Untracked 
|   9|0x0000000080900000, 0x0000000080a00000, 0x0000000080a00000|100%| O|  |TAMS 0x0000000080a00000, 0x0000000080900000| Untracked 
|  10|0x0000000080a00000, 0x0000000080b00000, 0x0000000080b00000|100%| O|  |TAMS 0x0000000080b00000, 0x0000000080a00000| Untracked 
|  11|0x0000000080b00000, 0x0000000080c00000, 0x0000000080c00000|100%| O|  |TAMS 0x0000000080c00000, 0x0000000080b00000| Untracked 
|  12|0x0000000080c00000, 0x0000000080d00000, 0x0000000080d00000|100%| O|  |TAMS 0x0000000080d00000, 0x0000000080c00000| Untracked 
|  13|0x0000000080d00000, 0x0000000080e00000, 0x0000000080e00000|100%| O|  |TAMS 0x0000000080e00000, 0x0000000080d00000| Untracked 
|  14|0x0000000080e00000, 0x0000000080f00000, 0x0000000080f00000|100%| O|  |TAMS 0x0000000080f00000, 0x0000000080e00000| Untracked 
|  15|0x0000000080f00000, 0x0000000081000000, 0x0000000081000000|100%| O|  |TAMS 0x0000000081000000, 0x0000000080f00000| Untracked 
|  16|0x0000000081000000, 0x0000000081100000, 0x0000000081100000|100%| O|  |TAMS 0x0000000081100000, 0x0000000081000000| Untracked 
|  17|0x0000000081100000, 0x0000000081200000, 0x0000000081200000|100%| O|  |TAMS 0x0000000081200000, 0x0000000081100000| Untracked 
|  18|0x0000000081200000, 0x0000000081300000, 0x0000000081300000|100%| O|  |TAMS 0x0000000081300000, 0x0000000081200000| Untracked 
|  19|0x0000000081300000, 0x0000000081400000, 0x0000000081400000|100%|HS|  |TAMS 0x0000000081400000, 0x0000000081300000| Complete 
|  20|0x0000000081400000, 0x0000000081500000, 0x0000000081500000|100%| O|  |TAMS 0x0000000081500000, 0x0000000081400000| Untracked 
|  21|0x0000000081500000, 0x0000000081600000, 0x0000000081600000|100%| O|  |TAMS 0x0000000081600000, 0x0000000081500000| Untracked 
|  22|0x0000000081600000, 0x0000000081700000, 0x0000000081700000|100%|HS|  |TAMS 0x0000000081700000, 0x0000000081600000| Complete 
|  23|0x0000000081700000, 0x0000000081800000, 0x0000000081800000|100%|HC|  |TAMS 0x0000000081800000, 0x0000000081700000| Complete 
|  24|0x0000000081800000, 0x0000000081900000, 0x0000000081900000|100%|HC|  |TAMS 0x0000000081900000, 0x0000000081800000| Complete 
|  25|0x0000000081900000, 0x0000000081a00000, 0x0000000081a00000|100%|HS|  |TAMS 0x0000000081a00000, 0x0000000081900000| Complete 
|  26|0x0000000081a00000, 0x0000000081b00000, 0x0000000081b00000|100%|HC|  |TAMS 0x0000000081b00000, 0x0000000081a00000| Complete 
|  27|0x0000000081b00000, 0x0000000081c00000, 0x0000000081c00000|100%| O|  |TAMS 0x0000000081c00000, 0x0000000081b00000| Untracked 
|  28|0x0000000081c00000, 0x0000000081d00000, 0x0000000081d00000|100%| O|  |TAMS 0x0000000081d00000, 0x0000000081c00000| Untracked 
|  29|0x0000000081d00000, 0x0000000081e00000, 0x0000000081e00000|100%| O|  |TAMS 0x0000000081e00000, 0x0000000081d00000| Untracked 
|  30|0x0000000081e00000, 0x0000000081f00000, 0x0000000081f00000|100%| O|  |TAMS 0x0000000081e00000, 0x0000000081e00000| Untracked 
|  31|0x0000000081f00000, 0x0000000082000000, 0x0000000082000000|100%| O|  |TAMS 0x0000000082000000, 0x0000000081f00000| Untracked 
|  32|0x0000000082000000, 0x0000000082100000, 0x0000000082100000|100%| O|  |TAMS 0x0000000082100000, 0x0000000082000000| Untracked 
|  33|0x0000000082100000, 0x0000000082200000, 0x0000000082200000|100%| O|  |TAMS 0x0000000082200000, 0x0000000082100000| Untracked 
|  34|0x0000000082200000, 0x0000000082300000, 0x0000000082300000|100%| O|  |TAMS 0x0000000082300000, 0x0000000082200000| Untracked 
|  35|0x0000000082300000, 0x0000000082400000, 0x0000000082400000|100%| O|  |TAMS 0x0000000082400000, 0x0000000082300000| Untracked 
|  36|0x0000000082400000, 0x0000000082500000, 0x0000000082500000|100%| O|  |TAMS 0x0000000082500000, 0x0000000082400000| Untracked 
|  37|0x0000000082500000, 0x0000000082600000, 0x0000000082600000|100%| O|  |TAMS 0x0000000082600000, 0x0000000082500000| Untracked 
|  38|0x0000000082600000, 0x0000000082700000, 0x0000000082700000|100%| O|  |TAMS 0x0000000082700000, 0x0000000082600000| Untracked 
|  39|0x0000000082700000, 0x0000000082800000, 0x0000000082800000|100%| O|  |TAMS 0x0000000082800000, 0x0000000082700000| Untracked 
|  40|0x0000000082800000, 0x0000000082900000, 0x0000000082900000|100%| O|  |TAMS 0x0000000082900000, 0x0000000082800000| Untracked 
|  41|0x0000000082900000, 0x0000000082a00000, 0x0000000082a00000|100%| O|  |TAMS 0x0000000082a00000, 0x0000000082900000| Untracked 
|  42|0x0000000082a00000, 0x0000000082b00000, 0x0000000082b00000|100%| O|  |TAMS 0x0000000082b00000, 0x0000000082a00000| Untracked 
|  43|0x0000000082b00000, 0x0000000082c00000, 0x0000000082c00000|100%| O|  |TAMS 0x0000000082c00000, 0x0000000082b00000| Untracked 
|  44|0x0000000082c00000, 0x0000000082d00000, 0x0000000082d00000|100%| O|  |TAMS 0x0000000082d00000, 0x0000000082c00000| Untracked 
|  45|0x0000000082d00000, 0x0000000082e00000, 0x0000000082e00000|100%| O|  |TAMS 0x0000000082d00000, 0x0000000082d00000| Untracked 
|  46|0x0000000082e00000, 0x0000000082f00000, 0x0000000082f00000|100%| O|  |TAMS 0x0000000082f00000, 0x0000000082e00000| Untracked 
|  47|0x0000000082f00000, 0x0000000083000000, 0x0000000083000000|100%| O|  |TAMS 0x0000000083000000, 0x0000000082f00000| Untracked 
|  48|0x0000000083000000, 0x0000000083100000, 0x0000000083100000|100%| O|  |TAMS 0x0000000083100000, 0x0000000083000000| Untracked 
|  49|0x0000000083100000, 0x0000000083200000, 0x0000000083200000|100%| O|  |TAMS 0x0000000083200000, 0x0000000083100000| Untracked 
|  50|0x0000000083200000, 0x0000000083300000, 0x0000000083300000|100%| O|  |TAMS 0x0000000083300000, 0x0000000083200000| Untracked 
|  51|0x0000000083300000, 0x0000000083400000, 0x0000000083400000|100%| O|  |TAMS 0x0000000083400000, 0x0000000083300000| Untracked 
|  52|0x0000000083400000, 0x0000000083500000, 0x0000000083500000|100%| O|  |TAMS 0x0000000083500000, 0x0000000083400000| Untracked 
|  53|0x0000000083500000, 0x0000000083600000, 0x0000000083600000|100%| O|  |TAMS 0x0000000083600000, 0x0000000083500000| Untracked 
|  54|0x0000000083600000, 0x0000000083700000, 0x0000000083700000|100%| O|  |TAMS 0x0000000083700000, 0x0000000083600000| Untracked 
|  55|0x0000000083700000, 0x0000000083800000, 0x0000000083800000|100%| O|  |TAMS 0x0000000083800000, 0x0000000083700000| Untracked 
|  56|0x0000000083800000, 0x0000000083900000, 0x0000000083900000|100%| O|  |TAMS 0x0000000083900000, 0x0000000083800000| Untracked 
|  57|0x0000000083900000, 0x0000000083a00000, 0x0000000083a00000|100%| O|  |TAMS 0x0000000083a00000, 0x0000000083900000| Untracked 
|  58|0x0000000083a00000, 0x0000000083b00000, 0x0000000083b00000|100%| O|  |TAMS 0x0000000083b00000, 0x0000000083a00000| Untracked 
|  59|0x0000000083b00000, 0x0000000083c00000, 0x0000000083c00000|100%| O|  |TAMS 0x0000000083c00000, 0x0000000083b00000| Untracked 
|  60|0x0000000083c00000, 0x0000000083d00000, 0x0000000083d00000|100%| O|  |TAMS 0x0000000083d00000, 0x0000000083c00000| Untracked 
|  61|0x0000000083d00000, 0x0000000083e00000, 0x0000000083e00000|100%| O|  |TAMS 0x0000000083e00000, 0x0000000083d00000| Untracked 
|  62|0x0000000083e00000, 0x0000000083f00000, 0x0000000083f00000|100%| O|  |TAMS 0x0000000083f00000, 0x0000000083e00000| Untracked 
|  63|0x0000000083f00000, 0x0000000084000000, 0x0000000084000000|100%| O|  |TAMS 0x0000000084000000, 0x0000000083f00000| Untracked 
|  64|0x0000000084000000, 0x0000000084100000, 0x0000000084100000|100%| O|  |TAMS 0x0000000084100000, 0x0000000084000000| Untracked 
|  65|0x0000000084100000, 0x0000000084200000, 0x0000000084200000|100%| O|  |TAMS 0x0000000084200000, 0x0000000084100000| Untracked 
|  66|0x0000000084200000, 0x0000000084300000, 0x0000000084300000|100%| O|  |TAMS 0x0000000084300000, 0x0000000084200000| Untracked 
|  67|0x0000000084300000, 0x0000000084400000, 0x0000000084400000|100%| O|  |TAMS 0x0000000084400000, 0x0000000084300000| Untracked 
|  68|0x0000000084400000, 0x0000000084500000, 0x0000000084500000|100%| O|  |TAMS 0x0000000084500000, 0x0000000084400000| Untracked 
|  69|0x0000000084500000, 0x0000000084600000, 0x0000000084600000|100%| O|  |TAMS 0x0000000084600000, 0x0000000084500000| Untracked 
|  70|0x0000000084600000, 0x0000000084700000, 0x0000000084700000|100%| O|  |TAMS 0x0000000084700000, 0x0000000084600000| Untracked 
|  71|0x0000000084700000, 0x0000000084800000, 0x0000000084800000|100%| O|  |TAMS 0x0000000084800000, 0x0000000084700000| Untracked 
|  72|0x0000000084800000, 0x0000000084900000, 0x0000000084900000|100%| O|  |TAMS 0x0000000084900000, 0x0000000084800000| Untracked 
|  73|0x0000000084900000, 0x0000000084a00000, 0x0000000084a00000|100%| O|  |TAMS 0x0000000084a00000, 0x0000000084900000| Untracked 
|  74|0x0000000084a00000, 0x0000000084b00000, 0x0000000084b00000|100%| O|  |TAMS 0x0000000084b00000, 0x0000000084a00000| Untracked 
|  75|0x0000000084b00000, 0x0000000084c00000, 0x0000000084c00000|100%| O|  |TAMS 0x0000000084c00000, 0x0000000084b00000| Untracked 
|  76|0x0000000084c00000, 0x0000000084d00000, 0x0000000084d00000|100%| O|  |TAMS 0x0000000084c00000, 0x0000000084c00000| Untracked 
|  77|0x0000000084d00000, 0x0000000084e00000, 0x0000000084e00000|100%| O|  |TAMS 0x0000000084e00000, 0x0000000084d00000| Untracked 
|  78|0x0000000084e00000, 0x0000000084f00000, 0x0000000084f00000|100%| O|  |TAMS 0x0000000084e00000, 0x0000000084e00000| Untracked 
|  79|0x0000000084f00000, 0x0000000085000000, 0x0000000085000000|100%| O|  |TAMS 0x0000000085000000, 0x0000000084f00000| Untracked 
|  80|0x0000000085000000, 0x0000000085100000, 0x0000000085100000|100%| O|  |TAMS 0x0000000085100000, 0x0000000085000000| Untracked 
|  81|0x0000000085100000, 0x0000000085200000, 0x0000000085200000|100%| O|  |TAMS 0x0000000085200000, 0x0000000085100000| Untracked 
|  82|0x0000000085200000, 0x0000000085300000, 0x0000000085300000|100%| O|  |TAMS 0x0000000085300000, 0x0000000085200000| Untracked 
|  83|0x0000000085300000, 0x0000000085400000, 0x0000000085400000|100%| O|  |TAMS 0x0000000085400000, 0x0000000085300000| Untracked 
|  84|0x0000000085400000, 0x0000000085500000, 0x0000000085500000|100%| O|  |TAMS 0x0000000085400000, 0x0000000085400000| Untracked 
|  85|0x0000000085500000, 0x0000000085600000, 0x0000000085600000|100%| O|  |TAMS 0x0000000085600000, 0x0000000085500000| Untracked 
|  86|0x0000000085600000, 0x0000000085700000, 0x0000000085700000|100%| O|  |TAMS 0x0000000085600000, 0x0000000085600000| Untracked 
|  87|0x0000000085700000, 0x0000000085800000, 0x0000000085800000|100%| O|  |TAMS 0x0000000085800000, 0x0000000085700000| Untracked 
|  88|0x0000000085800000, 0x0000000085900000, 0x0000000085900000|100%| O|  |TAMS 0x0000000085800000, 0x0000000085800000| Untracked 
|  89|0x0000000085900000, 0x0000000085a00000, 0x0000000085a00000|100%| O|  |TAMS 0x00000000859bec00, 0x0000000085900000| Untracked 
|  90|0x0000000085a00000, 0x0000000085b00000, 0x0000000085b00000|100%| O|  |TAMS 0x0000000085a00000, 0x0000000085a00000| Untracked 
|  91|0x0000000085b00000, 0x0000000085c00000, 0x0000000085c00000|100%| O|  |TAMS 0x0000000085b00000, 0x0000000085b00000| Untracked 
|  92|0x0000000085c00000, 0x0000000085d00000, 0x0000000085d00000|100%| O|  |TAMS 0x0000000085c00000, 0x0000000085c00000| Untracked 
|  93|0x0000000085d00000, 0x0000000085e00000, 0x0000000085e00000|100%| O|  |TAMS 0x0000000085d00000, 0x0000000085d00000| Untracked 
|  94|0x0000000085e00000, 0x0000000085f00000, 0x0000000085f00000|100%| O|  |TAMS 0x0000000085f00000, 0x0000000085e00000| Untracked 
|  95|0x0000000085f00000, 0x0000000086000000, 0x0000000086000000|100%| O|  |TAMS 0x0000000086000000, 0x0000000085f00000| Untracked 
|  96|0x0000000086000000, 0x0000000086100000, 0x0000000086100000|100%| O|  |TAMS 0x0000000086000000, 0x0000000086000000| Untracked 
|  97|0x0000000086100000, 0x0000000086200000, 0x0000000086200000|100%| O|  |TAMS 0x0000000086100000, 0x0000000086100000| Untracked 
|  98|0x0000000086200000, 0x0000000086300000, 0x0000000086300000|100%| O|  |TAMS 0x0000000086200000, 0x0000000086200000| Untracked 
|  99|0x0000000086300000, 0x0000000086400000, 0x0000000086400000|100%| O|  |TAMS 0x0000000086300000, 0x0000000086300000| Untracked 
| 100|0x0000000086400000, 0x0000000086500000, 0x0000000086500000|100%| O|  |TAMS 0x0000000086400000, 0x0000000086400000| Untracked 
| 101|0x0000000086500000, 0x0000000086600000, 0x0000000086600000|100%| O|  |TAMS 0x0000000086500000, 0x0000000086500000| Untracked 
| 102|0x0000000086600000, 0x0000000086700000, 0x0000000086700000|100%| O|  |TAMS 0x0000000086600000, 0x0000000086600000| Untracked 
| 103|0x0000000086700000, 0x0000000086800000, 0x0000000086800000|100%| O|  |TAMS 0x0000000086700000, 0x0000000086700000| Untracked 
| 104|0x0000000086800000, 0x0000000086900000, 0x0000000086900000|100%| O|  |TAMS 0x0000000086800000, 0x0000000086800000| Untracked 
| 105|0x0000000086900000, 0x0000000086a00000, 0x0000000086a00000|100%| O|  |TAMS 0x0000000086900000, 0x0000000086900000| Untracked 
| 106|0x0000000086a00000, 0x0000000086b00000, 0x0000000086b00000|100%| O|  |TAMS 0x0000000086b00000, 0x0000000086a00000| Untracked 
| 107|0x0000000086b00000, 0x0000000086c00000, 0x0000000086c00000|100%| O|  |TAMS 0x0000000086b00000, 0x0000000086b00000| Untracked 
| 108|0x0000000086c00000, 0x0000000086d00000, 0x0000000086d00000|100%| O|  |TAMS 0x0000000086c00000, 0x0000000086c00000| Untracked 
| 109|0x0000000086d00000, 0x0000000086e00000, 0x0000000086e00000|100%| O|  |TAMS 0x0000000086d00000, 0x0000000086d00000| Untracked 
| 110|0x0000000086e00000, 0x0000000086f00000, 0x0000000086f00000|100%| O|  |TAMS 0x0000000086e00000, 0x0000000086e00000| Untracked 
| 111|0x0000000086f00000, 0x0000000087000000, 0x0000000087000000|100%| O|  |TAMS 0x0000000087000000, 0x0000000086f00000| Untracked 
| 112|0x0000000087000000, 0x0000000087100000, 0x0000000087100000|100%| O|  |TAMS 0x0000000087100000, 0x0000000087000000| Untracked 
| 113|0x0000000087100000, 0x0000000087200000, 0x0000000087200000|100%| O|  |TAMS 0x0000000087200000, 0x0000000087100000| Untracked 
| 114|0x0000000087200000, 0x0000000087300000, 0x0000000087300000|100%| O|  |TAMS 0x0000000087200000, 0x0000000087200000| Untracked 
| 115|0x0000000087300000, 0x0000000087400000, 0x0000000087400000|100%| O|  |TAMS 0x0000000087300000, 0x0000000087300000| Untracked 
| 116|0x0000000087400000, 0x0000000087500000, 0x0000000087500000|100%| O|  |TAMS 0x0000000087400000, 0x0000000087400000| Untracked 
| 117|0x0000000087500000, 0x0000000087600000, 0x0000000087600000|100%| O|  |TAMS 0x0000000087500000, 0x0000000087500000| Untracked 
| 118|0x0000000087600000, 0x00000000876fd800, 0x0000000087700000| 99%| O|  |TAMS 0x0000000087600000, 0x0000000087600000| Untracked 
| 119|0x0000000087700000, 0x0000000087700000, 0x0000000087800000|  0%| F|  |TAMS 0x0000000087700000, 0x0000000087700000| Untracked 
| 120|0x0000000087800000, 0x0000000087800000, 0x0000000087900000|  0%| F|  |TAMS 0x0000000087800000, 0x0000000087800000| Untracked 
| 121|0x0000000087900000, 0x0000000087900000, 0x0000000087a00000|  0%| F|  |TAMS 0x0000000087900000, 0x0000000087900000| Untracked 
| 122|0x0000000087a00000, 0x0000000087a00000, 0x0000000087b00000|  0%| F|  |TAMS 0x0000000087a00000, 0x0000000087a00000| Untracked 
| 123|0x0000000087b00000, 0x0000000087b00000, 0x0000000087c00000|  0%| F|  |TAMS 0x0000000087b00000, 0x0000000087b00000| Untracked 
| 124|0x0000000087c00000, 0x0000000087c00000, 0x0000000087d00000|  0%| F|  |TAMS 0x0000000087c00000, 0x0000000087c00000| Untracked 
| 125|0x0000000087d00000, 0x0000000087d00000, 0x0000000087e00000|  0%| F|  |TAMS 0x0000000087d00000, 0x0000000087d00000| Untracked 
| 126|0x0000000087e00000, 0x0000000087e00000, 0x0000000087f00000|  0%| F|  |TAMS 0x0000000087e00000, 0x0000000087e00000| Untracked 
| 127|0x0000000087f00000, 0x0000000087f00000, 0x0000000088000000|  0%| F|  |TAMS 0x0000000087f00000, 0x0000000087f00000| Untracked 
| 128|0x0000000088000000, 0x0000000088000000, 0x0000000088100000|  0%| F|  |TAMS 0x0000000088000000, 0x0000000088000000| Untracked 
| 129|0x0000000088100000, 0x0000000088100000, 0x0000000088200000|  0%| F|  |TAMS 0x0000000088100000, 0x0000000088100000| Untracked 
| 130|0x0000000088200000, 0x0000000088200000, 0x0000000088300000|  0%| F|  |TAMS 0x0000000088200000, 0x0000000088200000| Untracked 
| 131|0x0000000088300000, 0x0000000088300000, 0x0000000088400000|  0%| F|  |TAMS 0x0000000088300000, 0x0000000088300000| Untracked 
| 132|0x0000000088400000, 0x0000000088400000, 0x0000000088500000|  0%| F|  |TAMS 0x0000000088400000, 0x0000000088400000| Untracked 
| 133|0x0000000088500000, 0x0000000088500000, 0x0000000088600000|  0%| F|  |TAMS 0x0000000088500000, 0x0000000088500000| Untracked 
| 134|0x0000000088600000, 0x0000000088600000, 0x0000000088700000|  0%| F|  |TAMS 0x0000000088600000, 0x0000000088600000| Untracked 
| 135|0x0000000088700000, 0x0000000088700000, 0x0000000088800000|  0%| F|  |TAMS 0x0000000088700000, 0x0000000088700000| Untracked 
| 136|0x0000000088800000, 0x0000000088800000, 0x0000000088900000|  0%| F|  |TAMS 0x0000000088800000, 0x0000000088800000| Untracked 
| 137|0x0000000088900000, 0x0000000088900000, 0x0000000088a00000|  0%| F|  |TAMS 0x0000000088900000, 0x0000000088900000| Untracked 
| 138|0x0000000088a00000, 0x0000000088a00000, 0x0000000088b00000|  0%| F|  |TAMS 0x0000000088a00000, 0x0000000088a00000| Untracked 
| 139|0x0000000088b00000, 0x0000000088b00000, 0x0000000088c00000|  0%| F|  |TAMS 0x0000000088b00000, 0x0000000088b00000| Untracked 
| 140|0x0000000088c00000, 0x0000000088c00000, 0x0000000088d00000|  0%| F|  |TAMS 0x0000000088c00000, 0x0000000088c00000| Untracked 
| 141|0x0000000088d00000, 0x0000000088d00000, 0x0000000088e00000|  0%| F|  |TAMS 0x0000000088d00000, 0x0000000088d00000| Untracked 
| 142|0x0000000088e00000, 0x0000000088e00000, 0x0000000088f00000|  0%| F|  |TAMS 0x0000000088e00000, 0x0000000088e00000| Untracked 
| 143|0x0000000088f00000, 0x0000000088f00000, 0x0000000089000000|  0%| F|  |TAMS 0x0000000088f00000, 0x0000000088f00000| Untracked 
| 144|0x0000000089000000, 0x0000000089000000, 0x0000000089100000|  0%| F|  |TAMS 0x0000000089000000, 0x0000000089000000| Untracked 
| 145|0x0000000089100000, 0x0000000089100000, 0x0000000089200000|  0%| F|  |TAMS 0x0000000089100000, 0x0000000089100000| Untracked 
| 146|0x0000000089200000, 0x0000000089200000, 0x0000000089300000|  0%| F|  |TAMS 0x0000000089200000, 0x0000000089200000| Untracked 
| 147|0x0000000089300000, 0x0000000089300000, 0x0000000089400000|  0%| F|  |TAMS 0x0000000089300000, 0x0000000089300000| Untracked 
| 148|0x0000000089400000, 0x0000000089400000, 0x0000000089500000|  0%| F|  |TAMS 0x0000000089400000, 0x0000000089400000| Untracked 
| 149|0x0000000089500000, 0x0000000089500000, 0x0000000089600000|  0%| F|  |TAMS 0x0000000089500000, 0x0000000089500000| Untracked 
| 150|0x0000000089600000, 0x0000000089600000, 0x0000000089700000|  0%| F|  |TAMS 0x0000000089600000, 0x0000000089600000| Untracked 
| 151|0x0000000089700000, 0x0000000089700000, 0x0000000089800000|  0%| F|  |TAMS 0x0000000089700000, 0x0000000089700000| Untracked 
| 152|0x0000000089800000, 0x0000000089800000, 0x0000000089900000|  0%| F|  |TAMS 0x0000000089800000, 0x0000000089800000| Untracked 
| 153|0x0000000089900000, 0x0000000089900000, 0x0000000089a00000|  0%| F|  |TAMS 0x0000000089900000, 0x0000000089900000| Untracked 
| 154|0x0000000089a00000, 0x0000000089a00000, 0x0000000089b00000|  0%| F|  |TAMS 0x0000000089a00000, 0x0000000089a00000| Untracked 
| 155|0x0000000089b00000, 0x0000000089b00000, 0x0000000089c00000|  0%| F|  |TAMS 0x0000000089b00000, 0x0000000089b00000| Untracked 
| 156|0x0000000089c00000, 0x0000000089c00000, 0x0000000089d00000|  0%| F|  |TAMS 0x0000000089c00000, 0x0000000089c00000| Untracked 
| 157|0x0000000089d00000, 0x0000000089d00000, 0x0000000089e00000|  0%| F|  |TAMS 0x0000000089d00000, 0x0000000089d00000| Untracked 
| 158|0x0000000089e00000, 0x0000000089e00000, 0x0000000089f00000|  0%| F|  |TAMS 0x0000000089e00000, 0x0000000089e00000| Untracked 
| 159|0x0000000089f00000, 0x0000000089f00000, 0x000000008a000000|  0%| F|  |TAMS 0x0000000089f00000, 0x0000000089f00000| Untracked 
| 160|0x000000008a000000, 0x000000008a000000, 0x000000008a100000|  0%| F|  |TAMS 0x000000008a000000, 0x000000008a000000| Untracked 
| 161|0x000000008a100000, 0x000000008a100000, 0x000000008a200000|  0%| F|  |TAMS 0x000000008a100000, 0x000000008a100000| Untracked 
| 162|0x000000008a200000, 0x000000008a200000, 0x000000008a300000|  0%| F|  |TAMS 0x000000008a200000, 0x000000008a200000| Untracked 
| 163|0x000000008a300000, 0x000000008a300000, 0x000000008a400000|  0%| F|  |TAMS 0x000000008a300000, 0x000000008a300000| Untracked 
| 164|0x000000008a400000, 0x000000008a400000, 0x000000008a500000|  0%| F|  |TAMS 0x000000008a400000, 0x000000008a400000| Untracked 
| 165|0x000000008a500000, 0x000000008a500000, 0x000000008a600000|  0%| F|  |TAMS 0x000000008a500000, 0x000000008a500000| Untracked 
| 166|0x000000008a600000, 0x000000008a600000, 0x000000008a700000|  0%| F|  |TAMS 0x000000008a600000, 0x000000008a600000| Untracked 
| 167|0x000000008a700000, 0x000000008a700000, 0x000000008a800000|  0%| F|  |TAMS 0x000000008a700000, 0x000000008a700000| Untracked 
| 168|0x000000008a800000, 0x000000008a8e7520, 0x000000008a900000| 90%| S|CS|TAMS 0x000000008a800000, 0x000000008a800000| Complete 
| 169|0x000000008a900000, 0x000000008aa00000, 0x000000008aa00000|100%| S|CS|TAMS 0x000000008a900000, 0x000000008a900000| Complete 
| 170|0x000000008aa00000, 0x000000008ab00000, 0x000000008ab00000|100%| S|CS|TAMS 0x000000008aa00000, 0x000000008aa00000| Complete 
| 171|0x000000008ab00000, 0x000000008ac00000, 0x000000008ac00000|100%| S|CS|TAMS 0x000000008ab00000, 0x000000008ab00000| Complete 
| 172|0x000000008ac00000, 0x000000008ad00000, 0x000000008ad00000|100%| S|CS|TAMS 0x000000008ac00000, 0x000000008ac00000| Complete 
| 173|0x000000008ad00000, 0x000000008ae00000, 0x000000008ae00000|100%| S|CS|TAMS 0x000000008ad00000, 0x000000008ad00000| Complete 
| 174|0x000000008ae00000, 0x000000008af00000, 0x000000008af00000|100%| S|CS|TAMS 0x000000008ae00000, 0x000000008ae00000| Complete 
| 175|0x000000008af00000, 0x000000008af00000, 0x000000008b000000|  0%| F|  |TAMS 0x000000008af00000, 0x000000008af00000| Untracked 
| 176|0x000000008b000000, 0x000000008b000000, 0x000000008b100000|  0%| F|  |TAMS 0x000000008b000000, 0x000000008b000000| Untracked 
| 177|0x000000008b100000, 0x000000008b100000, 0x000000008b200000|  0%| F|  |TAMS 0x000000008b100000, 0x000000008b100000| Untracked 
| 178|0x000000008b200000, 0x000000008b300000, 0x000000008b300000|100%| S|CS|TAMS 0x000000008b200000, 0x000000008b200000| Complete 
| 179|0x000000008b300000, 0x000000008b300000, 0x000000008b400000|  0%| F|  |TAMS 0x000000008b300000, 0x000000008b300000| Untracked 
| 180|0x000000008b400000, 0x000000008b400000, 0x000000008b500000|  0%| F|  |TAMS 0x000000008b400000, 0x000000008b400000| Untracked 
| 181|0x000000008b500000, 0x000000008b500000, 0x000000008b600000|  0%| F|  |TAMS 0x000000008b500000, 0x000000008b500000| Untracked 
| 182|0x000000008b600000, 0x000000008b600000, 0x000000008b700000|  0%| F|  |TAMS 0x000000008b600000, 0x000000008b600000| Untracked 
| 183|0x000000008b700000, 0x000000008b700000, 0x000000008b800000|  0%| F|  |TAMS 0x000000008b700000, 0x000000008b700000| Untracked 
| 184|0x000000008b800000, 0x000000008b800000, 0x000000008b900000|  0%| F|  |TAMS 0x000000008b800000, 0x000000008b800000| Untracked 
| 185|0x000000008b900000, 0x000000008b900000, 0x000000008ba00000|  0%| F|  |TAMS 0x000000008b900000, 0x000000008b900000| Untracked 
| 186|0x000000008ba00000, 0x000000008ba00000, 0x000000008bb00000|  0%| F|  |TAMS 0x000000008ba00000, 0x000000008ba00000| Untracked 
| 187|0x000000008bb00000, 0x000000008bb00000, 0x000000008bc00000|  0%| F|  |TAMS 0x000000008bb00000, 0x000000008bb00000| Untracked 
| 188|0x000000008bc00000, 0x000000008bc00000, 0x000000008bd00000|  0%| F|  |TAMS 0x000000008bc00000, 0x000000008bc00000| Untracked 
| 189|0x000000008bd00000, 0x000000008bd00000, 0x000000008be00000|  0%| F|  |TAMS 0x000000008bd00000, 0x000000008bd00000| Untracked 
| 190|0x000000008be00000, 0x000000008be00000, 0x000000008bf00000|  0%| F|  |TAMS 0x000000008be00000, 0x000000008be00000| Untracked 
| 191|0x000000008bf00000, 0x000000008bf00000, 0x000000008c000000|  0%| F|  |TAMS 0x000000008bf00000, 0x000000008bf00000| Untracked 
| 192|0x000000008c000000, 0x000000008c000000, 0x000000008c100000|  0%| F|  |TAMS 0x000000008c000000, 0x000000008c000000| Untracked 
| 193|0x000000008c100000, 0x000000008c100000, 0x000000008c200000|  0%| F|  |TAMS 0x000000008c100000, 0x000000008c100000| Untracked 
| 194|0x000000008c200000, 0x000000008c200000, 0x000000008c300000|  0%| F|  |TAMS 0x000000008c200000, 0x000000008c200000| Untracked 
| 195|0x000000008c300000, 0x000000008c300000, 0x000000008c400000|  0%| F|  |TAMS 0x000000008c300000, 0x000000008c300000| Untracked 
| 196|0x000000008c400000, 0x000000008c400000, 0x000000008c500000|  0%| F|  |TAMS 0x000000008c400000, 0x000000008c400000| Untracked 
| 197|0x000000008c500000, 0x000000008c500000, 0x000000008c600000|  0%| F|  |TAMS 0x000000008c500000, 0x000000008c500000| Untracked 
| 198|0x000000008c600000, 0x000000008c600000, 0x000000008c700000|  0%| F|  |TAMS 0x000000008c600000, 0x000000008c600000| Untracked 
| 199|0x000000008c700000, 0x000000008c700000, 0x000000008c800000|  0%| F|  |TAMS 0x000000008c700000, 0x000000008c700000| Untracked 
| 200|0x000000008c800000, 0x000000008c800000, 0x000000008c900000|  0%| F|  |TAMS 0x000000008c800000, 0x000000008c800000| Untracked 
| 201|0x000000008c900000, 0x000000008c900000, 0x000000008ca00000|  0%| F|  |TAMS 0x000000008c900000, 0x000000008c900000| Untracked 
| 202|0x000000008ca00000, 0x000000008ca00000, 0x000000008cb00000|  0%| F|  |TAMS 0x000000008ca00000, 0x000000008ca00000| Untracked 
| 203|0x000000008cb00000, 0x000000008cb00000, 0x000000008cc00000|  0%| F|  |TAMS 0x000000008cb00000, 0x000000008cb00000| Untracked 
| 204|0x000000008cc00000, 0x000000008cc00000, 0x000000008cd00000|  0%| F|  |TAMS 0x000000008cc00000, 0x000000008cc00000| Untracked 
| 205|0x000000008cd00000, 0x000000008cd00000, 0x000000008ce00000|  0%| F|  |TAMS 0x000000008cd00000, 0x000000008cd00000| Untracked 
| 206|0x000000008ce00000, 0x000000008ce00000, 0x000000008cf00000|  0%| F|  |TAMS 0x000000008ce00000, 0x000000008ce00000| Untracked 
| 207|0x000000008cf00000, 0x000000008cf00000, 0x000000008d000000|  0%| F|  |TAMS 0x000000008cf00000, 0x000000008cf00000| Untracked 
| 208|0x000000008d000000, 0x000000008d000000, 0x000000008d100000|  0%| F|  |TAMS 0x000000008d000000, 0x000000008d000000| Untracked 
| 209|0x000000008d100000, 0x000000008d100000, 0x000000008d200000|  0%| F|  |TAMS 0x000000008d100000, 0x000000008d100000| Untracked 
| 210|0x000000008d200000, 0x000000008d200000, 0x000000008d300000|  0%| F|  |TAMS 0x000000008d200000, 0x000000008d200000| Untracked 
| 211|0x000000008d300000, 0x000000008d300000, 0x000000008d400000|  0%| F|  |TAMS 0x000000008d300000, 0x000000008d300000| Untracked 
| 212|0x000000008d400000, 0x000000008d400000, 0x000000008d500000|  0%| F|  |TAMS 0x000000008d400000, 0x000000008d400000| Untracked 
| 213|0x000000008d500000, 0x000000008d500000, 0x000000008d600000|  0%| F|  |TAMS 0x000000008d500000, 0x000000008d500000| Untracked 
| 214|0x000000008d600000, 0x000000008d600000, 0x000000008d700000|  0%| F|  |TAMS 0x000000008d600000, 0x000000008d600000| Untracked 
| 215|0x000000008d700000, 0x000000008d700000, 0x000000008d800000|  0%| F|  |TAMS 0x000000008d700000, 0x000000008d700000| Untracked 
| 216|0x000000008d800000, 0x000000008d800000, 0x000000008d900000|  0%| F|  |TAMS 0x000000008d800000, 0x000000008d800000| Untracked 
| 217|0x000000008d900000, 0x000000008d900000, 0x000000008da00000|  0%| F|  |TAMS 0x000000008d900000, 0x000000008d900000| Untracked 
| 218|0x000000008da00000, 0x000000008da00000, 0x000000008db00000|  0%| F|  |TAMS 0x000000008da00000, 0x000000008da00000| Untracked 
| 219|0x000000008db00000, 0x000000008db00000, 0x000000008dc00000|  0%| F|  |TAMS 0x000000008db00000, 0x000000008db00000| Untracked 
| 220|0x000000008dc00000, 0x000000008dc00000, 0x000000008dd00000|  0%| F|  |TAMS 0x000000008dc00000, 0x000000008dc00000| Untracked 
| 221|0x000000008dd00000, 0x000000008dd00000, 0x000000008de00000|  0%| F|  |TAMS 0x000000008dd00000, 0x000000008dd00000| Untracked 
| 222|0x000000008de00000, 0x000000008de00000, 0x000000008df00000|  0%| F|  |TAMS 0x000000008de00000, 0x000000008de00000| Untracked 
| 223|0x000000008df00000, 0x000000008df00000, 0x000000008e000000|  0%| F|  |TAMS 0x000000008df00000, 0x000000008df00000| Untracked 
| 224|0x000000008e000000, 0x000000008e000000, 0x000000008e100000|  0%| F|  |TAMS 0x000000008e000000, 0x000000008e000000| Untracked 
| 225|0x000000008e100000, 0x000000008e100000, 0x000000008e200000|  0%| F|  |TAMS 0x000000008e100000, 0x000000008e100000| Untracked 
| 226|0x000000008e200000, 0x000000008e200000, 0x000000008e300000|  0%| F|  |TAMS 0x000000008e200000, 0x000000008e200000| Untracked 
| 227|0x000000008e300000, 0x000000008e300000, 0x000000008e400000|  0%| F|  |TAMS 0x000000008e300000, 0x000000008e300000| Untracked 
| 228|0x000000008e400000, 0x000000008e400000, 0x000000008e500000|  0%| F|  |TAMS 0x000000008e400000, 0x000000008e400000| Untracked 
| 229|0x000000008e500000, 0x000000008e500000, 0x000000008e600000|  0%| F|  |TAMS 0x000000008e500000, 0x000000008e500000| Untracked 
| 230|0x000000008e600000, 0x000000008e600000, 0x000000008e700000|  0%| F|  |TAMS 0x000000008e600000, 0x000000008e600000| Untracked 
| 231|0x000000008e700000, 0x000000008e700000, 0x000000008e800000|  0%| F|  |TAMS 0x000000008e700000, 0x000000008e700000| Untracked 
| 232|0x000000008e800000, 0x000000008e800000, 0x000000008e900000|  0%| F|  |TAMS 0x000000008e800000, 0x000000008e800000| Untracked 
| 233|0x000000008e900000, 0x000000008e900000, 0x000000008ea00000|  0%| F|  |TAMS 0x000000008e900000, 0x000000008e900000| Untracked 
| 234|0x000000008ea00000, 0x000000008ea00000, 0x000000008eb00000|  0%| F|  |TAMS 0x000000008ea00000, 0x000000008ea00000| Untracked 
| 235|0x000000008eb00000, 0x000000008eb00000, 0x000000008ec00000|  0%| F|  |TAMS 0x000000008eb00000, 0x000000008eb00000| Untracked 
| 236|0x000000008ec00000, 0x000000008ec00000, 0x000000008ed00000|  0%| F|  |TAMS 0x000000008ec00000, 0x000000008ec00000| Untracked 
| 237|0x000000008ed00000, 0x000000008ed00000, 0x000000008ee00000|  0%| F|  |TAMS 0x000000008ed00000, 0x000000008ed00000| Untracked 
| 238|0x000000008ee00000, 0x000000008ee00000, 0x000000008ef00000|  0%| F|  |TAMS 0x000000008ee00000, 0x000000008ee00000| Untracked 
| 239|0x000000008ef00000, 0x000000008ef00000, 0x000000008f000000|  0%| F|  |TAMS 0x000000008ef00000, 0x000000008ef00000| Untracked 
| 240|0x000000008f000000, 0x000000008f000000, 0x000000008f100000|  0%| F|  |TAMS 0x000000008f000000, 0x000000008f000000| Untracked 
| 241|0x000000008f100000, 0x000000008f100000, 0x000000008f200000|  0%| F|  |TAMS 0x000000008f100000, 0x000000008f100000| Untracked 
| 242|0x000000008f200000, 0x000000008f200000, 0x000000008f300000|  0%| F|  |TAMS 0x000000008f200000, 0x000000008f200000| Untracked 
| 243|0x000000008f300000, 0x000000008f300000, 0x000000008f400000|  0%| F|  |TAMS 0x000000008f300000, 0x000000008f300000| Untracked 
| 244|0x000000008f400000, 0x000000008f400000, 0x000000008f500000|  0%| F|  |TAMS 0x000000008f400000, 0x000000008f400000| Untracked 
| 245|0x000000008f500000, 0x000000008f500000, 0x000000008f600000|  0%| F|  |TAMS 0x000000008f500000, 0x000000008f500000| Untracked 
| 246|0x000000008f600000, 0x000000008f600000, 0x000000008f700000|  0%| F|  |TAMS 0x000000008f600000, 0x000000008f600000| Untracked 
| 247|0x000000008f700000, 0x000000008f700000, 0x000000008f800000|  0%| F|  |TAMS 0x000000008f700000, 0x000000008f700000| Untracked 
| 248|0x000000008f800000, 0x000000008f800000, 0x000000008f900000|  0%| F|  |TAMS 0x000000008f800000, 0x000000008f800000| Untracked 
| 249|0x000000008f900000, 0x000000008f900000, 0x000000008fa00000|  0%| F|  |TAMS 0x000000008f900000, 0x000000008f900000| Untracked 
| 250|0x000000008fa00000, 0x000000008fa00000, 0x000000008fb00000|  0%| F|  |TAMS 0x000000008fa00000, 0x000000008fa00000| Untracked 
| 251|0x000000008fb00000, 0x000000008fb00000, 0x000000008fc00000|  0%| F|  |TAMS 0x000000008fb00000, 0x000000008fb00000| Untracked 
| 252|0x000000008fc00000, 0x000000008fc00000, 0x000000008fd00000|  0%| F|  |TAMS 0x000000008fc00000, 0x000000008fc00000| Untracked 
| 253|0x000000008fd00000, 0x000000008fd00000, 0x000000008fe00000|  0%| F|  |TAMS 0x000000008fd00000, 0x000000008fd00000| Untracked 
| 254|0x000000008fe00000, 0x000000008fe00000, 0x000000008ff00000|  0%| F|  |TAMS 0x000000008fe00000, 0x000000008fe00000| Untracked 
| 255|0x000000008ff00000, 0x000000008ff00000, 0x0000000090000000|  0%| F|  |TAMS 0x000000008ff00000, 0x000000008ff00000| Untracked 
| 256|0x0000000090000000, 0x0000000090000000, 0x0000000090100000|  0%| F|  |TAMS 0x0000000090000000, 0x0000000090000000| Untracked 
| 257|0x0000000090100000, 0x0000000090100000, 0x0000000090200000|  0%| F|  |TAMS 0x0000000090100000, 0x0000000090100000| Untracked 

Card table byte_map: [0x00000216d8100000,0x00000216d8500000] _byte_map_base: 0x00000216d7d00000

Marking Bits (Prev, Next): (CMBitMap*) 0x00000216c53b9b70, (CMBitMap*) 0x00000216c53b9b38
 Prev Bits: [0x00000216da900000, 0x00000216dc900000)
 Next Bits: [0x00000216d8900000, 0x00000216da900000)

Polling page: 0x00000216c32f0000

Metaspace:

Usage:
  Non-class:     93.29 MB capacity,    91.79 MB ( 98%) used,     1.24 MB (  1%) free+waste,   262.00 KB ( <1%) overhead. 
      Class:     13.34 MB capacity,    12.58 MB ( 94%) used,   669.25 KB (  5%) free+waste,   112.94 KB ( <1%) overhead. 
       Both:    106.63 MB capacity,   104.37 MB ( 98%) used,     1.89 MB (  2%) free+waste,   374.94 KB ( <1%) overhead. 

Virtual space:
  Non-class space:       94.00 MB reserved,      93.50 MB (>99%) committed 
      Class space:        1.00 GB reserved,      13.38 MB (  1%) committed 
             Both:        1.09 GB reserved,     106.88 MB ( 10%) committed 

Chunk freelists:
   Non-Class:  25.00 KB
       Class:  3.00 KB
        Both:  28.00 KB

MaxMetaspaceSize: 17179869184.00 GB
CompressedClassSpaceSize: 1.00 GB

CodeHeap 'non-profiled nmethods': size=120064Kb used=6543Kb max_used=6543Kb free=113520Kb
 bounds [0x00000216d07c0000, 0x00000216d0e30000, 0x00000216d7d00000]
CodeHeap 'profiled nmethods': size=120000Kb used=30073Kb max_used=30244Kb free=89927Kb
 bounds [0x00000216c9290000, 0x00000216cb020000, 0x00000216d07c0000]
CodeHeap 'non-nmethods': size=5696Kb used=2357Kb max_used=2391Kb free=3338Kb
 bounds [0x00000216c8d00000, 0x00000216c8f70000, 0x00000216c9290000]
 total_blobs=16207 nmethods=15206 adapters=912
 compilation: enabled
              stopped_count=0, restarted_count=0
 full_count=0

Compilation events (20 events):
Event: 111.524 Thread 0x00000216dee09800 16323       1       com.android.builder.files.DirectoryEntry::getName (5 bytes)
Event: 111.524 Thread 0x00000216dee09800 nmethod 16323 0x00000216d0e23b10 code [0x00000216d0e23cc0, 0x00000216d0e23d78]
Event: 111.525 Thread 0x00000216dee09800 16325       2       com.android.builder.files.RelativeFile::hashCode (22 bytes)
Event: 111.525 Thread 0x00000216dee09800 nmethod 16325 0x00000216c9cbbe90 code [0x00000216c9cbc060, 0x00000216c9cbc388]
Event: 111.528 Thread 0x00000216dee09800 16326       1       com.android.builder.files.RelativeFile::getType (5 bytes)
Event: 111.528 Thread 0x00000216dee09800 nmethod 16326 0x00000216d0e23e10 code [0x00000216d0e23fc0, 0x00000216d0e24078]
Event: 111.555 Thread 0x00000216dee09800 16329       2       com.google.common.base.Predicates$CompositionPredicate::apply (20 bytes)
Event: 111.555 Thread 0x00000216dee09800 nmethod 16329 0x00000216c9cbba90 code [0x00000216c9cbbc60, 0x00000216c9cbbdb8]
Event: 111.555 Thread 0x00000216dee09800 16328       1       com.google.common.collect.Maps$FilteredEntryMap$EntrySet$1$1::delegate (5 bytes)
Event: 111.556 Thread 0x00000216dee09800 nmethod 16328 0x00000216d0e24110 code [0x00000216d0e242c0, 0x00000216d0e24378]
Event: 111.571 Thread 0x00000216dee09800 16330       3       sun.nio.fs.WindowsPathParser::normalize (233 bytes)
Event: 111.576 Thread 0x00000216dee09800 nmethod 16330 0x00000216ca1b3690 code [0x00000216ca1b3ce0, 0x00000216ca1b70c8]
Event: 111.592 Thread 0x00000216dee09800 16331       2       com.google.common.collect.ForwardingObject::<init> (5 bytes)
Event: 111.592 Thread 0x00000216dee09800 nmethod 16331 0x00000216c9cbb710 code [0x00000216c9cbb8c0, 0x00000216c9cbb9b8]
Event: 111.595 Thread 0x00000216dee09800 16332       2       com.google.common.base.Preconditions::checkNotNull (18 bytes)
Event: 111.595 Thread 0x00000216dee09800 nmethod 16332 0x00000216c9cbb210 code [0x00000216c9cbb3e0, 0x00000216c9cbb5b8]
Event: 111.615 Thread 0x00000216dee09800 16333       2       com.google.common.collect.Maps$EntryFunction$1::apply (9 bytes)
Event: 111.616 Thread 0x00000216dee09800 nmethod 16333 0x00000216c9cbae10 code [0x00000216c9cbafc0, 0x00000216c9cbb128]
Event: 111.616 Thread 0x00000216dee09800 16334       2       com.google.common.collect.Maps$EntryFunction$1::apply (7 bytes)
Event: 111.616 Thread 0x00000216dee09800 nmethod 16334 0x00000216c9cbaa90 code [0x00000216c9cbac40, 0x00000216c9cbad68]

GC Heap History (20 events):
Event: 102.279 GC heap after
{Heap after GC invocations=33 (full 0):
 garbage-first heap   total 220160K, used 129207K [0x0000000080000000, 0x0000000100000000)
  region size 1024K, 7 young (7168K), 7 survivors (7168K)
 Metaspace       used 98085K, capacity 100276K, committed 100608K, reserved 1136640K
  class space    used 11971K, capacity 12726K, committed 12800K, reserved 1048576K
}
Event: 103.097 GC heap before
{Heap before GC invocations=34 (full 0):
 garbage-first heap   total 220160K, used 171191K [0x0000000080000000, 0x0000000100000000)
  region size 1024K, 57 young (58368K), 7 survivors (7168K)
 Metaspace       used 99351K, capacity 101540K, committed 101760K, reserved 1138688K
  class space    used 12073K, capacity 12828K, committed 12928K, reserved 1048576K
}
Event: 103.111 GC heap after
{Heap after GC invocations=35 (full 0):
 garbage-first heap   total 220160K, used 117953K [0x0000000080000000, 0x0000000100000000)
  region size 1024K, 2 young (2048K), 2 survivors (2048K)
 Metaspace       used 99351K, capacity 101540K, committed 101760K, reserved 1138688K
  class space    used 12073K, capacity 12828K, committed 12928K, reserved 1048576K
}
Event: 103.237 GC heap before
{Heap before GC invocations=35 (full 0):
 garbage-first heap   total 220160K, used 125121K [0x0000000080000000, 0x0000000100000000)
  region size 1024K, 10 young (10240K), 2 survivors (2048K)
 Metaspace       used 99848K, capacity 102020K, committed 102272K, reserved 1138688K
  class space    used 12105K, capacity 12860K, committed 12928K, reserved 1048576K
}
Event: 103.250 GC heap after
{Heap after GC invocations=36 (full 0):
 garbage-first heap   total 220160K, used 100414K [0x0000000080000000, 0x0000000100000000)
  region size 1024K, 2 young (2048K), 2 survivors (2048K)
 Metaspace       used 99848K, capacity 102020K, committed 102272K, reserved 1138688K
  class space    used 12105K, capacity 12860K, committed 12928K, reserved 1048576K
}
Event: 103.306 GC heap before
{Heap before GC invocations=36 (full 0):
 garbage-first heap   total 220160K, used 106558K [0x0000000080000000, 0x0000000100000000)
  region size 1024K, 9 young (9216K), 2 survivors (2048K)
 Metaspace       used 99941K, capacity 102084K, committed 102272K, reserved 1138688K
  class space    used 12106K, capacity 12860K, committed 12928K, reserved 1048576K
}
Event: 103.311 GC heap after
{Heap after GC invocations=37 (full 0):
 garbage-first heap   total 220160K, used 100444K [0x0000000080000000, 0x0000000100000000)
  region size 1024K, 2 young (2048K), 2 survivors (2048K)
 Metaspace       used 99941K, capacity 102084K, committed 102272K, reserved 1138688K
  class space    used 12106K, capacity 12860K, committed 12928K, reserved 1048576K
}
Event: 104.148 GC heap before
{Heap before GC invocations=38 (full 0):
 garbage-first heap   total 220160K, used 179292K [0x0000000080000000, 0x0000000100000000)
  region size 1024K, 78 young (79872K), 2 survivors (2048K)
 Metaspace       used 101159K, capacity 103312K, committed 103680K, reserved 1140736K
  class space    used 12211K, capacity 12939K, committed 13056K, reserved 1048576K
}
Event: 104.159 GC heap after
{Heap after GC invocations=39 (full 0):
 garbage-first heap   total 220160K, used 101408K [0x0000000080000000, 0x0000000100000000)
  region size 1024K, 4 young (4096K), 4 survivors (4096K)
 Metaspace       used 101159K, capacity 103312K, committed 103680K, reserved 1140736K
  class space    used 12211K, capacity 12939K, committed 13056K, reserved 1048576K
}
Event: 104.188 GC heap before
{Heap before GC invocations=39 (full 0):
 garbage-first heap   total 220160K, used 106528K [0x0000000080000000, 0x0000000100000000)
  region size 1024K, 10 young (10240K), 4 survivors (4096K)
 Metaspace       used 101162K, capacity 103377K, committed 103680K, reserved 1140736K
  class space    used 12211K, capacity 12939K, committed 13056K, reserved 1048576K
}
Event: 104.246 GC heap after
{Heap after GC invocations=40 (full 0):
 garbage-first heap   total 264192K, used 95622K [0x0000000080000000, 0x0000000100000000)
  region size 1024K, 1 young (1024K), 1 survivors (1024K)
 Metaspace       used 101162K, capacity 103377K, committed 103680K, reserved 1140736K
  class space    used 12211K, capacity 12939K, committed 13056K, reserved 1048576K
}
Event: 106.558 GC heap before
{Heap before GC invocations=40 (full 0):
 garbage-first heap   total 264192K, used 208262K [0x0000000080000000, 0x0000000100000000)
  region size 1024K, 112 young (114688K), 1 survivors (1024K)
 Metaspace       used 104851K, capacity 107095K, committed 107136K, reserved 1142784K
  class space    used 12660K, capacity 13431K, committed 13440K, reserved 1048576K
}
Event: 106.572 GC heap after
{Heap after GC invocations=41 (full 0):
 garbage-first heap   total 264192K, used 100458K [0x0000000080000000, 0x0000000100000000)
  region size 1024K, 6 young (6144K), 6 survivors (6144K)
 Metaspace       used 104851K, capacity 107095K, committed 107136K, reserved 1142784K
  class space    used 12660K, capacity 13431K, committed 13440K, reserved 1048576K
}
Event: 108.750 GC heap before
{Heap before GC invocations=41 (full 0):
 garbage-first heap   total 264192K, used 212074K [0x0000000080000000, 0x0000000100000000)
  region size 1024K, 116 young (118784K), 6 survivors (6144K)
 Metaspace       used 105405K, capacity 107680K, committed 107776K, reserved 1142784K
  class space    used 12697K, capacity 13481K, committed 13568K, reserved 1048576K
}
Event: 108.854 GC heap after
{Heap after GC invocations=42 (full 0):
 garbage-first heap   total 264192K, used 121527K [0x0000000080000000, 0x0000000100000000)
  region size 1024K, 15 young (15360K), 15 survivors (15360K)
 Metaspace       used 105405K, capacity 107680K, committed 107776K, reserved 1142784K
  class space    used 12697K, capacity 13481K, committed 13568K, reserved 1048576K
}
Event: 109.665 GC heap before
{Heap before GC invocations=42 (full 0):
 garbage-first heap   total 264192K, used 205495K [0x0000000080000000, 0x0000000100000000)
  region size 1024K, 98 young (100352K), 15 survivors (15360K)
 Metaspace       used 105870K, capacity 108135K, committed 108288K, reserved 1144832K
  class space    used 12745K, capacity 13520K, committed 13568K, reserved 1048576K
}
Event: 109.748 GC heap after
{Heap after GC invocations=43 (full 0):
 garbage-first heap   total 264192K, used 126976K [0x0000000080000000, 0x0000000100000000)
  region size 1024K, 12 young (12288K), 12 survivors (12288K)
 Metaspace       used 105870K, capacity 108135K, committed 108288K, reserved 1144832K
  class space    used 12745K, capacity 13520K, committed 13568K, reserved 1048576K
}
Event: 110.845 GC heap before
{Heap before GC invocations=43 (full 0):
 garbage-first heap   total 264192K, used 207872K [0x0000000080000000, 0x0000000100000000)
  region size 1024K, 92 young (94208K), 12 survivors (12288K)
 Metaspace       used 106073K, capacity 108336K, committed 108672K, reserved 1144832K
  class space    used 12774K, capacity 13569K, committed 13696K, reserved 1048576K
}
Event: 110.875 GC heap after
{Heap after GC invocations=44 (full 0):
 garbage-first heap   total 264192K, used 128224K [0x0000000080000000, 0x0000000100000000)
  region size 1024K, 10 young (10240K), 10 survivors (10240K)
 Metaspace       used 106073K, capacity 108336K, committed 108672K, reserved 1144832K
  class space    used 12774K, capacity 13569K, committed 13696K, reserved 1048576K
}
Event: 111.617 GC heap before
{Heap before GC invocations=44 (full 0):
 garbage-first heap   total 264192K, used 208096K [0x0000000080000000, 0x0000000100000000)
  region size 1024K, 89 young (91136K), 10 survivors (10240K)
 Metaspace       used 106873K, capacity 109188K, committed 109440K, reserved 1144832K
  class space    used 12878K, capacity 13661K, committed 13696K, reserved 1048576K
}

Deoptimization events (20 events):
Event: 111.360 Thread 0x00000216e5bae800 Uncommon trap: trap_request=0xffffffde fr.pc=0x00000216d0e05d50 relative=0x0000000000000090
Event: 111.360 Thread 0x00000216e5bae800 Uncommon trap: reason=class_check action=maybe_recompile pc=0x00000216d0e05d50 method=com.google.common.base.Equivalence.equivalent(Ljava/lang/Object;Ljava/lang/Object;)Z @ 20 c2
Event: 111.360 Thread 0x00000216e5bae800 DEOPT PACKING pc=0x00000216d0e05d50 sp=0x0000003789ffaa30
Event: 111.360 Thread 0x00000216e5bae800 DEOPT UNPACKING pc=0x00000216c8d274af sp=0x0000003789ffa9d0 mode 2
Event: 111.370 Thread 0x00000216e3842000 Uncommon trap: trap_request=0xffffffde fr.pc=0x00000216d0e05d50 relative=0x0000000000000090
Event: 111.370 Thread 0x00000216e3842000 Uncommon trap: reason=class_check action=maybe_recompile pc=0x00000216d0e05d50 method=com.google.common.base.Equivalence.equivalent(Ljava/lang/Object;Ljava/lang/Object;)Z @ 20 c2
Event: 111.370 Thread 0x00000216e3842000 DEOPT PACKING pc=0x00000216d0e05d50 sp=0x0000003780cfafb0
Event: 111.370 Thread 0x00000216e3842000 DEOPT UNPACKING pc=0x00000216c8d274af sp=0x0000003780cfaf50 mode 2
Event: 111.390 Thread 0x00000216e3842000 DEOPT PACKING pc=0x00000216ca5df9cd sp=0x0000003780cf88c0
Event: 111.390 Thread 0x00000216e3842000 DEOPT UNPACKING pc=0x00000216c8d272ce sp=0x0000003780cf7de0 mode 0
Event: 111.517 Thread 0x00000216e5bac800 Uncommon trap: trap_request=0xffffff4d fr.pc=0x00000216d0a82e5c relative=0x00000000000000bc
Event: 111.517 Thread 0x00000216e5bac800 Uncommon trap: reason=unstable_if action=reinterpret pc=0x00000216d0a82e5c method=jdk.internal.misc.Unsafe.convEndian(ZS)S @ 4 c2
Event: 111.517 Thread 0x00000216e5bac800 DEOPT PACKING pc=0x00000216d0a82e5c sp=0x000000378a3fcf40
Event: 111.517 Thread 0x00000216e5bac800 DEOPT UNPACKING pc=0x00000216c8d274af sp=0x000000378a3fce00 mode 2
Event: 111.567 Thread 0x00000216e5bac800 Uncommon trap: trap_request=0xffffff4d fr.pc=0x00000216d0bb132c relative=0x0000000000000b2c
Event: 111.567 Thread 0x00000216e5bac800 Uncommon trap: reason=unstable_if action=reinterpret pc=0x00000216d0bb132c method=sun.nio.fs.WindowsPathParser.normalize(Ljava/lang/StringBuilder;Ljava/lang/String;I)Ljava/lang/String; @ 100 c2
Event: 111.567 Thread 0x00000216e5bac800 DEOPT PACKING pc=0x00000216d0bb132c sp=0x000000378a3fc400
Event: 111.567 Thread 0x00000216e5bac800 DEOPT UNPACKING pc=0x00000216c8d274af sp=0x000000378a3fc3d0 mode 2
Event: 111.611 Thread 0x00000216e7b0a000 DEOPT PACKING pc=0x00000216ca1b681c sp=0x000000378a6fdbe0
Event: 111.611 Thread 0x00000216e7b0a000 DEOPT UNPACKING pc=0x00000216c8d272ce sp=0x000000378a6fd180 mode 0

Classes redefined (0 events):
No events

Internal exceptions (20 events):
Event: 111.539 Thread 0x00000216e7b0a000 Exception <a 'sun/nio/fs/WindowsException'{0x000000008bd94c70}> (0x000000008bd94c70) thrown at [./src/hotspot/share/prims/jni.cpp, line 615]
Event: 111.539 Thread 0x00000216e7b0a000 Exception <a 'sun/nio/fs/WindowsException'{0x000000008bd94cf0}> (0x000000008bd94cf0) thrown at [./src/hotspot/share/prims/jni.cpp, line 615]
Event: 111.549 Thread 0x00000216e5baf000 Exception <a 'sun/nio/fs/WindowsException'{0x000000008bdfa640}> (0x000000008bdfa640) thrown at [./src/hotspot/share/prims/jni.cpp, line 615]
Event: 111.549 Thread 0x00000216e5baf000 Exception <a 'sun/nio/fs/WindowsException'{0x000000008bdfa6c0}> (0x000000008bdfa6c0) thrown at [./src/hotspot/share/prims/jni.cpp, line 615]
Event: 111.559 Thread 0x00000216e5baf000 Exception <a 'sun/nio/fs/WindowsException'{0x000000008b917de0}> (0x000000008b917de0) thrown at [./src/hotspot/share/prims/jni.cpp, line 615]
Event: 111.559 Thread 0x00000216e5baf000 Exception <a 'sun/nio/fs/WindowsException'{0x000000008b917e60}> (0x000000008b917e60) thrown at [./src/hotspot/share/prims/jni.cpp, line 615]
Event: 111.567 Thread 0x00000216e7b0a000 Exception <a 'sun/nio/fs/WindowsException'{0x000000008b80c3b8}> (0x000000008b80c3b8) thrown at [./src/hotspot/share/prims/jni.cpp, line 615]
Event: 111.567 Thread 0x00000216e7b0a000 Exception <a 'sun/nio/fs/WindowsException'{0x000000008b80c438}> (0x000000008b80c438) thrown at [./src/hotspot/share/prims/jni.cpp, line 615]
Event: 111.569 Thread 0x00000216e7b0a000 Exception <a 'sun/nio/fs/WindowsException'{0x000000008b80fc90}> (0x000000008b80fc90) thrown at [./src/hotspot/share/prims/jni.cpp, line 615]
Event: 111.569 Thread 0x00000216e7b0a000 Exception <a 'sun/nio/fs/WindowsException'{0x000000008b80fd10}> (0x000000008b80fd10) thrown at [./src/hotspot/share/prims/jni.cpp, line 615]
Event: 111.579 Thread 0x00000216e7b0a000 Exception <a 'sun/nio/fs/WindowsException'{0x000000008b8134c8}> (0x000000008b8134c8) thrown at [./src/hotspot/share/prims/jni.cpp, line 615]
Event: 111.579 Thread 0x00000216e7b0a000 Exception <a 'sun/nio/fs/WindowsException'{0x000000008b813548}> (0x000000008b813548) thrown at [./src/hotspot/share/prims/jni.cpp, line 615]
Event: 111.587 Thread 0x00000216e7b0a000 Exception <a 'sun/nio/fs/WindowsException'{0x000000008b8173c0}> (0x000000008b8173c0) thrown at [./src/hotspot/share/prims/jni.cpp, line 615]
Event: 111.587 Thread 0x00000216e7b0a000 Exception <a 'sun/nio/fs/WindowsException'{0x000000008b817440}> (0x000000008b817440) thrown at [./src/hotspot/share/prims/jni.cpp, line 615]
Event: 111.589 Thread 0x00000216e7b0a000 Exception <a 'sun/nio/fs/WindowsException'{0x000000008b81aca8}> (0x000000008b81aca8) thrown at [./src/hotspot/share/prims/jni.cpp, line 615]
Event: 111.589 Thread 0x00000216e7b0a000 Exception <a 'sun/nio/fs/WindowsException'{0x000000008b81ad28}> (0x000000008b81ad28) thrown at [./src/hotspot/share/prims/jni.cpp, line 615]
Event: 111.602 Thread 0x00000216e5baf000 Exception <a 'sun/nio/fs/WindowsException'{0x000000008b6e36f0}> (0x000000008b6e36f0) thrown at [./src/hotspot/share/prims/jni.cpp, line 615]
Event: 111.603 Thread 0x00000216e5baf000 Exception <a 'sun/nio/fs/WindowsException'{0x000000008b6e3770}> (0x000000008b6e3770) thrown at [./src/hotspot/share/prims/jni.cpp, line 615]
Event: 111.611 Thread 0x00000216e7b0a000 Exception <a 'sun/nio/fs/WindowsException'{0x000000008b579e70}> (0x000000008b579e70) thrown at [./src/hotspot/share/prims/jni.cpp, line 615]
Event: 111.611 Thread 0x00000216e7b0a000 Exception <a 'sun/nio/fs/WindowsException'{0x000000008b579ef0}> (0x000000008b579ef0) thrown at [./src/hotspot/share/prims/jni.cpp, line 615]

Events (20 events):
Event: 111.605 loading class com/google/common/util/concurrent/ImmediateFuture done
Event: 111.607 loading class com/android/tools/build/apkzlib/zip/CentralDirectoryHeader
Event: 111.607 loading class com/android/tools/build/apkzlib/zip/CentralDirectoryHeader done
Event: 111.607 loading class com/android/tools/build/apkzlib/zip/ExtraField
Event: 111.607 loading class com/android/tools/build/apkzlib/zip/ExtraField done
Event: 111.609 loading class com/android/tools/build/apkzlib/zip/StoredEntry
Event: 111.609 loading class com/android/tools/build/apkzlib/zip/StoredEntry done
Event: 111.612 loading class com/android/tools/build/apkzlib/zip/StoredEntry$1
Event: 111.612 loading class com/android/tools/build/apkzlib/zip/StoredEntry$1 done
Event: 111.613 loading class com/android/tools/build/apkzlib/zip/StoredEntry
Event: 111.613 loading class com/android/tools/build/apkzlib/zip/StoredEntry done
Event: 111.613 loading class com/android/tools/build/apkzlib/zip/StoredEntry
Event: 111.613 loading class com/android/tools/build/apkzlib/zip/StoredEntry done
Event: 111.614 loading class java/io/SequenceInputStream
Event: 111.615 loading class java/io/SequenceInputStream done
Event: 111.616 loading class com/android/tools/build/apkzlib/zip/ProcessedAndRawByteSources
Event: 111.616 loading class com/android/tools/build/apkzlib/zip/ProcessedAndRawByteSources done
Event: 111.616 loading class com/android/tools/build/apkzlib/zip/StoredEntryType
Event: 111.616 loading class com/android/tools/build/apkzlib/zip/StoredEntryType done
Event: 111.617 Executing VM operation: G1CollectForAllocation


Dynamic libraries:
0x00007ff692160000 - 0x00007ff69216a000 	C:\Program Files\Android\Android Studio\jre\bin\java.exe
0x00007ffa92350000 - 0x00007ffa92545000 	C:\Windows\SYSTEM32\ntdll.dll
0x00007ffa921e0000 - 0x00007ffa9229d000 	C:\Windows\System32\KERNEL32.DLL
0x00007ffa8fe80000 - 0x00007ffa90149000 	C:\Windows\System32\KERNELBASE.dll
0x00007ffa90290000 - 0x00007ffa90390000 	C:\Windows\System32\ucrtbase.dll
0x00007ffa7b7c0000 - 0x00007ffa7b7d9000 	C:\Program Files\Android\Android Studio\jre\bin\jli.dll
0x00007ffa91cd0000 - 0x00007ffa91e70000 	C:\Windows\System32\USER32.dll
0x00007ffa90260000 - 0x00007ffa90282000 	C:\Windows\System32\win32u.dll
0x00007ffa90bf0000 - 0x00007ffa90c1a000 	C:\Windows\System32\GDI32.dll
0x00007ffa90150000 - 0x00007ffa9025b000 	C:\Windows\System32\gdi32full.dll
0x00007ffa8fa90000 - 0x00007ffa8fb2d000 	C:\Windows\System32\msvcp_win.dll
0x00007ffa88d70000 - 0x00007ffa88d87000 	C:\Program Files\Android\Android Studio\jre\bin\VCRUNTIME140.dll
0x00007ffa88e90000 - 0x00007ffa8912a000 	C:\Windows\WinSxS\amd64_microsoft.windows.common-controls_6595b64144ccf1df_6.0.19041.1083_none_60bbe31371f34e71\COMCTL32.dll
0x00007ffa91940000 - 0x00007ffa919de000 	C:\Windows\System32\msvcrt.dll
0x00007ffa92020000 - 0x00007ffa92050000 	C:\Windows\System32\IMM32.DLL
0x00007ffa70030000 - 0x00007ffa700cd000 	C:\Program Files\Android\Android Studio\jre\bin\msvcp140.dll
0x00007ffa589e0000 - 0x00007ffa5949c000 	C:\Program Files\Android\Android Studio\jre\bin\server\jvm.dll
0x00007ffa92130000 - 0x00007ffa921dc000 	C:\Windows\System32\ADVAPI32.dll
0x00007ffa90f10000 - 0x00007ffa90fab000 	C:\Windows\System32\sechost.dll
0x00007ffa916f0000 - 0x00007ffa9181a000 	C:\Windows\System32\RPCRT4.dll
0x00007ffa92300000 - 0x00007ffa92308000 	C:\Windows\System32\PSAPI.DLL
0x00007ffa8b610000 - 0x00007ffa8b619000 	C:\Windows\SYSTEM32\WSOCK32.dll
0x00007ffa8add0000 - 0x00007ffa8adf7000 	C:\Windows\SYSTEM32\WINMM.dll
0x00007ffa90ea0000 - 0x00007ffa90f0b000 	C:\Windows\System32\WS2_32.dll
0x00007ffa83620000 - 0x00007ffa8362a000 	C:\Windows\SYSTEM32\VERSION.dll
0x00007ffa8d9c0000 - 0x00007ffa8d9d2000 	C:\Windows\SYSTEM32\kernel.appcore.dll
0x00007ffa802e0000 - 0x00007ffa802f1000 	C:\Program Files\Android\Android Studio\jre\bin\verify.dll
0x00007ffa82750000 - 0x00007ffa82934000 	C:\Windows\SYSTEM32\DBGHELP.DLL
0x00007ffa82720000 - 0x00007ffa8274c000 	C:\Windows\SYSTEM32\dbgcore.DLL
0x00007ffa8fb30000 - 0x00007ffa8fbb3000 	C:\Windows\System32\bcryptPrimitives.dll
0x00007ffa7fbf0000 - 0x00007ffa7fc19000 	C:\Program Files\Android\Android Studio\jre\bin\java.dll
0x00007ffa81440000 - 0x00007ffa8144b000 	C:\Program Files\Android\Android Studio\jre\bin\jimage.dll
0x00007ffa7fd10000 - 0x00007ffa7fd28000 	C:\Program Files\Android\Android Studio\jre\bin\zip.dll
0x00007ffa90fb0000 - 0x00007ffa916ef000 	C:\Windows\System32\SHELL32.dll
0x00007ffa8dbc0000 - 0x00007ffa8e351000 	C:\Windows\SYSTEM32\windows.storage.dll
0x00007ffa903c0000 - 0x00007ffa90715000 	C:\Windows\System32\combase.dll
0x00007ffa8f430000 - 0x00007ffa8f45c000 	C:\Windows\SYSTEM32\Wldp.dll
0x00007ffa90c50000 - 0x00007ffa90cfe000 	C:\Windows\System32\SHCORE.dll
0x00007ffa920d0000 - 0x00007ffa92125000 	C:\Windows\System32\shlwapi.dll
0x00007ffa8f9d0000 - 0x00007ffa8f9ef000 	C:\Windows\SYSTEM32\profapi.dll
0x00007ffa7fbc0000 - 0x00007ffa7fbda000 	C:\Program Files\Android\Android Studio\jre\bin\net.dll
0x00007ffa89340000 - 0x00007ffa8944a000 	C:\Windows\SYSTEM32\WINHTTP.dll
0x00007ffa8f190000 - 0x00007ffa8f1fa000 	C:\Windows\system32\mswsock.dll
0x00007ffa7fa40000 - 0x00007ffa7fa54000 	C:\Program Files\Android\Android Studio\jre\bin\nio.dll
0x00007ffa7b580000 - 0x00007ffa7b5a7000 	C:\Users\user\.gradle\native\fdc75f09e3144964f2cf3f50f0aa648679c211496f362492102eb8c894070792\windows-amd64\native-platform.dll
0x00007ffa5b3f0000 - 0x00007ffa5b586000 	C:\Users\user\.gradle\native\12488b8bf47d2d4c9fbf2f6322a914ad602e24e48041cd04a747c6da556b65c4\windows-amd64\native-platform-file-events.dll
0x00007ffa812f0000 - 0x00007ffa812fa000 	C:\Program Files\Android\Android Studio\jre\bin\management.dll
0x00007ffa80ee0000 - 0x00007ffa80eec000 	C:\Program Files\Android\Android Studio\jre\bin\management_ext.dll
0x00007ffa8f370000 - 0x00007ffa8f388000 	C:\Windows\SYSTEM32\CRYPTSP.dll
0x00007ffa8eb30000 - 0x00007ffa8eb64000 	C:\Windows\system32\rsaenh.dll
0x00007ffa90390000 - 0x00007ffa903b7000 	C:\Windows\System32\bcrypt.dll
0x00007ffa8f950000 - 0x00007ffa8f97e000 	C:\Windows\SYSTEM32\USERENV.dll
0x00007ffa8f390000 - 0x00007ffa8f39c000 	C:\Windows\SYSTEM32\CRYPTBASE.dll
0x00007ffa8ee80000 - 0x00007ffa8eebb000 	C:\Windows\SYSTEM32\IPHLPAPI.DLL
0x00007ffa91cc0000 - 0x00007ffa91cc8000 	C:\Windows\System32\NSI.dll
0x00007ffa85a20000 - 0x00007ffa85a37000 	C:\Windows\SYSTEM32\dhcpcsvc6.DLL
0x00007ffa85dd0000 - 0x00007ffa85ded000 	C:\Windows\SYSTEM32\dhcpcsvc.DLL
0x00007ffa8eec0000 - 0x00007ffa8ef8c000 	C:\Windows\SYSTEM32\DNSAPI.dll
0x00007ffa88790000 - 0x00007ffa8879b000 	C:\Windows\SYSTEM32\WINNSI.DLL
0x00007ffa8e7c0000 - 0x00007ffa8e7f3000 	C:\Windows\SYSTEM32\ntmarta.dll
0x00007ffa6cef0000 - 0x00007ffa6d092000 	C:\Program Files\Android\Android Studio\jre\bin\awt.dll
0x00007ffa91e70000 - 0x00007ffa91f3d000 	C:\Windows\System32\OLEAUT32.dll
0x00007ffa8d6d0000 - 0x00007ffa8d6ff000 	C:\Windows\SYSTEM32\dwmapi.dll
0x00007ffa8d240000 - 0x00007ffa8d2d0000 	C:\Windows\SYSTEM32\apphelp.dll
0x00007ffa8d500000 - 0x00007ffa8d59e000 	C:\Windows\system32\uxtheme.dll

dbghelp: loaded successfully - version: 4.0.5 - missing functions: none
symbol engine: initialized successfully - sym options: 0x614 - pdb path: .;C:\Program Files\Android\Android Studio\jre\bin;C:\Windows\SYSTEM32;C:\Windows\WinSxS\amd64_microsoft.windows.common-controls_6595b64144ccf1df_6.0.19041.1083_none_60bbe31371f34e71;C:\Program Files\Android\Android Studio\jre\bin\server;C:\Users\user\.gradle\native\fdc75f09e3144964f2cf3f50f0aa648679c211496f362492102eb8c894070792\windows-amd64;C:\Users\user\.gradle\native\12488b8bf47d2d4c9fbf2f6322a914ad602e24e48041cd04a747c6da556b65c4\windows-amd64

VM Arguments:
jvm_args: --add-opens=java.base/java.util=ALL-UNNAMED --add-opens=java.base/java.lang=ALL-UNNAMED --add-opens=java.base/java.lang.invoke=ALL-UNNAMED --add-opens=java.prefs/java.util.prefs=ALL-UNNAMED -Xmx2048m -Dfile.encoding=UTF-8 -Duser.country=US -Duser.language=en -Duser.variant 
java_command: org.gradle.launcher.daemon.bootstrap.GradleDaemon 6.7.1
java_class_path (initial): C:\Users\user\.gradle\wrapper\dists\gradle-6.7.1-bin\bwlcbys1h7rz3272sye1xwiv6\gradle-6.7.1\lib\gradle-launcher-6.7.1.jar
Launcher Type: SUN_STANDARD

[Global flags]
     intx CICompilerCount                          = 3                                         {product} {ergonomic}
     uint ConcGCThreads                            = 1                                         {product} {ergonomic}
     uint G1ConcRefinementThreads                  = 4                                         {product} {ergonomic}
   size_t G1HeapRegionSize                         = 1048576                                   {product} {ergonomic}
    uintx GCDrainStackTargetSize                   = 64                                        {product} {ergonomic}
   size_t InitialHeapSize                          = 130023424                                 {product} {ergonomic}
   size_t MarkStackSize                            = 4194304                                   {product} {ergonomic}
   size_t MaxHeapSize                              = 2147483648                                {product} {command line}
   size_t MaxNewSize                               = 1287651328                                {product} {ergonomic}
   size_t MinHeapDeltaBytes                        = 1048576                                   {product} {ergonomic}
    uintx NonNMethodCodeHeapSize                   = 5830732                                {pd product} {ergonomic}
    uintx NonProfiledCodeHeapSize                  = 122913754                              {pd product} {ergonomic}
    uintx ProfiledCodeHeapSize                     = 122913754                              {pd product} {ergonomic}
    uintx ReservedCodeCacheSize                    = 251658240                              {pd product} {ergonomic}
     bool SegmentedCodeCache                       = true                                      {product} {ergonomic}
     bool UseCompressedClassPointers               = true                                 {lp64_product} {ergonomic}
     bool UseCompressedOops                        = true                                 {lp64_product} {ergonomic}
     bool UseG1GC                                  = true                                      {product} {ergonomic}
     bool UseLargePagesIndividualAllocation        = false                                  {pd product} {ergonomic}

Logging:
Log output configuration:
 #0: stdout all=warning uptime,level,tags
 #1: stderr all=off uptime,level,tags

Environment Variables:
PATH=C:\Windows\system32;C:\Windows;C:\Windows\System32\Wbem;C:\Windows\System32\WindowsPowerShell\v1.0\;C:\Windows\System32\OpenSSH\;C:\Program Files\Git\cmd;C:\Users\user\AppData\Local\Microsoft\WindowsApps;
USERNAME=user
OS=Windows_NT
PROCESSOR_IDENTIFIER=Intel64 Family 6 Model 61 Stepping 4, GenuineIntel



---------------  S Y S T E M  ---------------

OS: Windows 10 , 64 bit Build 19041 (10.0.19041.1023)
OS uptime: 5 days 0:42 hours

CPU:total 4 (initial active 4) (2 cores per cpu, 2 threads per core) family 6 model 61 stepping 4, cmov, cx8, fxsr, mmx, sse, sse2, sse3, ssse3, sse4.1, sse4.2, popcnt, avx, avx2, aes, clmul, erms, rtm, 3dnowpref, lzcnt, ht, tsc, tscinvbit, bmi1, bmi2, adx, fma

Memory: 4k page, system-wide physical 7888M (219M free)
TotalPageFile size 22819M (AvailPageFile size 105M)
current process WorkingSet (physical memory assigned to process): 413M, peak: 442M
current process commit charge ("private bytes"): 591M, peak: 802M

vm_info: OpenJDK 64-Bit Server VM (11.0.8+10-b944.6842174) for windows-amd64 JRE (11.0.8+10-b944.6842174), built on Sep 19 2020 01:11:42 by "builder" with MS VC++ 14.0 (VS2015)

END.
