#
# There is insufficient memory for the Java Runtime Environment to continue.
# Native memory allocation (mmap) failed to map 130023424 bytes for Failed to commit area from 0x0000000084a00000 to 0x000000008c600000 of length 130023424.
# Possible reasons:
#   The system is out of physical RAM or swap space
#   The process is running with CompressedOops enabled, and the Java Heap may be blocking the growth of the native heap
# Possible solutions:
#   Reduce memory load on the system
#   Increase physical memory or swap space
#   Check if swap backing store is full
#   Decrease Java heap size (-Xmx/-Xms)
#   Decrease number of Java threads
#   Decrease Java thread stack sizes (-Xss)
#   Set larger code cache with -XX:ReservedCodeCacheSize=
# This output file may be truncated or incomplete.
#
#  Out of Memory Error (./src/hotspot/os/windows/os_windows.cpp:3303), pid=15852, tid=16164
#
# JRE version:  (11.0.8+10) (build )
# Java VM: OpenJDK 64-Bit Server VM (11.0.8+10-b944.6842174, mixed mode, sharing, tiered, compressed oops, g1 gc, windows-amd64)
# No core dump will be written. Minidumps are not enabled by default on client versions of Windows
#

---------------  S U M M A R Y ------------

Command Line: org.jetbrains.kotlin.cli.jvm.K2JVMCompiler @D:\gthrAndroid\app\build\20210720_6523951342174380034.compiler.options

Host: Intel(R) Core(TM) i7-5600U CPU @ 2.60GHz, 4 cores, 7G,  Windows 10 , 64 bit Build 19041 (10.0.19041.1023)
Time: Tue Jul 20 20:23:59 2021 India Standard Time elapsed time: 0 seconds (0d 0h 0m 0s)

---------------  T H R E A D  ---------------

Current thread (0x0000016eb9559800):  JavaThread "Unknown thread" [_thread_in_vm, id=16164, stack(0x0000000a51400000,0x0000000a51500000)]

Stack: [0x0000000a51400000,0x0000000a51500000]
Native frames: (J=compiled Java code, j=interpreted, Vv=VM code, C=native code)
V  [jvm.dll+0x5de50a]
V  [jvm.dll+0x7122f5]
V  [jvm.dll+0x71384d]
V  [jvm.dll+0x713f03]
V  [jvm.dll+0x23e728]
V  [jvm.dll+0x5db9a4]
V  [jvm.dll+0x5d0ae5]
V  [jvm.dll+0x2fb20b]
V  [jvm.dll+0x2fb17a]
V  [jvm.dll+0x2fb052]
V  [jvm.dll+0x2fff16]
V  [jvm.dll+0x348743]
V  [jvm.dll+0x348e46]
V  [jvm.dll+0x348843]
V  [jvm.dll+0x2d5d68]
V  [jvm.dll+0x2d6f07]
V  [jvm.dll+0x6f11f7]
V  [jvm.dll+0x6f29ec]
V  [jvm.dll+0x355cb9]
V  [jvm.dll+0x6d4ade]
V  [jvm.dll+0x3bdfe3]
V  [jvm.dll+0x3c0201]
C  [jli.dll+0x5373]
C  [ucrtbase.dll+0x21bb2]
C  [KERNEL32.DLL+0x17034]
C  [ntdll.dll+0x52651]


---------------  P R O C E S S  ---------------

Threads class SMR info:
_java_thread_list=0x0000016eb7cc0d70, length=0, elements={
}

Java Threads: ( => current thread )

Other Threads:
  0x0000016eb9572800 GCTaskThread "GC Thread#0" [stack: 0x0000000a51500000,0x0000000a51600000] [id=16840]
  0x0000016eb95a1800 ConcurrentGCThread "G1 Main Marker" [stack: 0x0000000a51600000,0x0000000a51700000] [id=15280]
  0x0000016eb95a3000 ConcurrentGCThread "G1 Conc#0" [stack: 0x0000000a51700000,0x0000000a51800000] [id=16488]

[error occurred during error reporting (printing all threads), id 0xc0000005, EXCEPTION_ACCESS_VIOLATION (0xc0000005) at pc=0x00007ffa58cc6357]

VM state:not at safepoint (not fully initialized)

VM Mutex/Monitor currently owned by a thread:  ([mutex/lock_event])
[0x0000016eb9556200] Heap_lock - owner thread: 0x0000016eb9559800

Heap address: 0x0000000084a00000, size: 1974 MB, Compressed Oops mode: Non-zero based: 0x0000000084a00000
Narrow klass base: 0x0000000000000000, Narrow klass shift: 0

GC Heap History (0 events):
No events

Deoptimization events (0 events):
No events

Classes redefined (0 events):
No events

Internal exceptions (0 events):
No events

Events (1 events):
Event: 0.009 Loaded shared library C:\Program Files\Android\Android Studio\jre\bin\zip.dll


Dynamic libraries:
0x00007ff692160000 - 0x00007ff69216a000 	C:\Program Files\Android\Android Studio\jre\bin\java.exe
0x00007ffa92350000 - 0x00007ffa92545000 	C:\Windows\SYSTEM32\ntdll.dll
0x00007ffa921e0000 - 0x00007ffa9229d000 	C:\Windows\System32\KERNEL32.DLL
0x00007ffa8fe80000 - 0x00007ffa90149000 	C:\Windows\System32\KERNELBASE.dll
0x00007ffa90290000 - 0x00007ffa90390000 	C:\Windows\System32\ucrtbase.dll
0x00007ffa88d70000 - 0x00007ffa88d87000 	C:\Program Files\Android\Android Studio\jre\bin\VCRUNTIME140.dll
0x00007ffa7b7c0000 - 0x00007ffa7b7d9000 	C:\Program Files\Android\Android Studio\jre\bin\jli.dll
0x00007ffa91cd0000 - 0x00007ffa91e70000 	C:\Windows\System32\USER32.dll
0x00007ffa90260000 - 0x00007ffa90282000 	C:\Windows\System32\win32u.dll
0x00007ffa88e90000 - 0x00007ffa8912a000 	C:\Windows\WinSxS\amd64_microsoft.windows.common-controls_6595b64144ccf1df_6.0.19041.1083_none_60bbe31371f34e71\COMCTL32.dll
0x00007ffa90bf0000 - 0x00007ffa90c1a000 	C:\Windows\System32\GDI32.dll
0x00007ffa91940000 - 0x00007ffa919de000 	C:\Windows\System32\msvcrt.dll
0x00007ffa90150000 - 0x00007ffa9025b000 	C:\Windows\System32\gdi32full.dll
0x00007ffa8fa90000 - 0x00007ffa8fb2d000 	C:\Windows\System32\msvcp_win.dll
0x00007ffa92020000 - 0x00007ffa92050000 	C:\Windows\System32\IMM32.DLL
0x00007ffa70030000 - 0x00007ffa700cd000 	C:\Program Files\Android\Android Studio\jre\bin\msvcp140.dll
0x00007ffa589e0000 - 0x00007ffa5949c000 	C:\Program Files\Android\Android Studio\jre\bin\server\jvm.dll
0x00007ffa92130000 - 0x00007ffa921dc000 	C:\Windows\System32\ADVAPI32.dll
0x00007ffa90f10000 - 0x00007ffa90fab000 	C:\Windows\System32\sechost.dll
0x00007ffa916f0000 - 0x00007ffa9181a000 	C:\Windows\System32\RPCRT4.dll
0x00007ffa92300000 - 0x00007ffa92308000 	C:\Windows\System32\PSAPI.DLL
0x00007ffa8b610000 - 0x00007ffa8b619000 	C:\Windows\SYSTEM32\WSOCK32.dll
0x00007ffa8add0000 - 0x00007ffa8adf7000 	C:\Windows\SYSTEM32\WINMM.dll
0x00007ffa83620000 - 0x00007ffa8362a000 	C:\Windows\SYSTEM32\VERSION.dll
0x00007ffa90ea0000 - 0x00007ffa90f0b000 	C:\Windows\System32\WS2_32.dll
0x00007ffa8d9c0000 - 0x00007ffa8d9d2000 	C:\Windows\SYSTEM32\kernel.appcore.dll
0x00007ffa802e0000 - 0x00007ffa802f1000 	C:\Program Files\Android\Android Studio\jre\bin\verify.dll
0x00007ffa82750000 - 0x00007ffa82934000 	C:\Windows\SYSTEM32\DBGHELP.DLL
0x00007ffa82720000 - 0x00007ffa8274c000 	C:\Windows\SYSTEM32\dbgcore.DLL
0x00007ffa8fb30000 - 0x00007ffa8fbb3000 	C:\Windows\System32\bcryptPrimitives.dll
0x00007ffa7fbf0000 - 0x00007ffa7fc19000 	C:\Program Files\Android\Android Studio\jre\bin\java.dll
0x00007ffa81440000 - 0x00007ffa8144b000 	C:\Program Files\Android\Android Studio\jre\bin\jimage.dll
0x00007ffa7fd10000 - 0x00007ffa7fd28000 	C:\Program Files\Android\Android Studio\jre\bin\zip.dll

dbghelp: loaded successfully - version: 4.0.5 - missing functions: none
symbol engine: initialized successfully - sym options: 0x614 - pdb path: .;C:\Program Files\Android\Android Studio\jre\bin;C:\Windows\SYSTEM32;C:\Windows\WinSxS\amd64_microsoft.windows.common-controls_6595b64144ccf1df_6.0.19041.1083_none_60bbe31371f34e71;C:\Program Files\Android\Android Studio\jre\bin\server

VM Arguments:
java_command: org.jetbrains.kotlin.cli.jvm.K2JVMCompiler @D:\gthrAndroid\app\build\20210720_6523951342174380034.compiler.options
java_class_path (initial): C:\Users\user\.gradle\caches\modules-2\files-2.1\org.jetbrains.kotlin\kotlin-compiler-embeddable\1.5.10\9c35134a025cab7a1e6eee0d87d241c2f30c1218\kotlin-compiler-embeddable-1.5.10.jar;C:\Users\user\.gradle\caches\modules-2\files-2.1\org.jetbrains.kotlin\kotlin-reflect\1.5.10\d6c70f3c0df2457ea0095c61c1fc1188017dc3bc\kotlin-reflect-1.5.10.jar;C:\Users\user\.gradle\caches\modules-2\files-2.1\org.jetbrains.kotlin\kotlin-stdlib\1.5.10\da6a904b132f0402fa4d79169a3c1770598d4702\kotlin-stdlib-1.5.10.jar;C:\Users\user\.gradle\caches\modules-2\files-2.1\org.jetbrains.kotlin\kotlin-script-runtime\1.5.10\69bad0ece91b0797055aeadbd44dc742c458398b\kotlin-script-runtime-1.5.10.jar;C:\Users\user\.gradle\caches\modules-2\files-2.1\org.jetbrains.kotlin\kotlin-daemon-embeddable\1.5.10\d06ad33b62b041dae0609f830c3b48135d53b8bc\kotlin-daemon-embeddable-1.5.10.jar;C:\Users\user\.gradle\caches\modules-2\files-2.1\org.jetbrains.intellij.deps\trove4j\1.0.20181211\216c2e14b070f334479d800987affe4054cd563f\trove4j-1.0.20181211.jar;C:\Users\user\.gradle\caches\modules-2\files-2.1\org.jetbrains\annotations\13.0\919f0dfe192fb4e063e7dacadee7f8bb9a2672a9\annotations-13.0.jar;C:\Users\user\.gradle\caches\modules-2\files-2.1\org.jetbrains.kotlin\kotlin-stdlib-common\1.5.10\6b84d926e28493be69daf673e40076f89492ef7\kotlin-stdlib-common-1.5.10.jar
Launcher Type: SUN_STANDARD

[Global flags]
     intx CICompilerCount                          = 3                                         {product} {ergonomic}
     uint ConcGCThreads                            = 1                                         {product} {ergonomic}
     uint G1ConcRefinementThreads                  = 4                                         {product} {ergonomic}
   size_t G1HeapRegionSize                         = 1048576                                   {product} {ergonomic}
    uintx GCDrainStackTargetSize                   = 64                                        {product} {ergonomic}
   size_t InitialHeapSize                          = 130023424                                 {product} {ergonomic}
   size_t MarkStackSize                            = 4194304                                   {product} {ergonomic}
   size_t MaxHeapSize                              = 2069889024                                {product} {ergonomic}
   size_t MinHeapDeltaBytes                        = 1048576                                   {product} {ergonomic}
    uintx NonNMethodCodeHeapSize                   = 5830732                                {pd product} {ergonomic}
    uintx NonProfiledCodeHeapSize                  = 122913754                              {pd product} {ergonomic}
    uintx ProfiledCodeHeapSize                     = 122913754                              {pd product} {ergonomic}
    uintx ReservedCodeCacheSize                    = 251658240                              {pd product} {ergonomic}
     bool SegmentedCodeCache                       = true                                      {product} {ergonomic}
     bool UseCompressedClassPointers               = true                                 {lp64_product} {ergonomic}
     bool UseCompressedOops                        = true                                 {lp64_product} {ergonomic}
     bool UseG1GC                                  = true                                      {product} {ergonomic}
     bool UseLargePagesIndividualAllocation        = false                                  {pd product} {ergonomic}

Logging:
Log output configuration:
 #0: stdout all=warning uptime,level,tags
 #1: stderr all=off uptime,level,tags

Environment Variables:
PATH=C:\Windows\system32;C:\Windows;C:\Windows\System32\Wbem;C:\Windows\System32\WindowsPowerShell\v1.0\;C:\Windows\System32\OpenSSH\;C:\Program Files\Git\cmd;C:\Users\user\AppData\Local\Microsoft\WindowsApps;
USERNAME=user
OS=Windows_NT
PROCESSOR_IDENTIFIER=Intel64 Family 6 Model 61 Stepping 4, GenuineIntel



---------------  S Y S T E M  ---------------

OS: Windows 10 , 64 bit Build 19041 (10.0.19041.1023)
OS uptime: 5 days 0:35 hours

CPU:total 4 (initial active 4) (2 cores per cpu, 2 threads per core) family 6 model 61 stepping 4, cmov, cx8, fxsr, mmx, sse, sse2, sse3, ssse3, sse4.1, sse4.2, popcnt, avx, avx2, aes, clmul, erms, rtm, 3dnowpref, lzcnt, ht, tsc, tscinvbit, bmi1, bmi2, adx, fma

Memory: 4k page, system-wide physical 7888M (332M free)
TotalPageFile size 22819M (AvailPageFile size 53M)
current process WorkingSet (physical memory assigned to process): 9M, peak: 9M
current process commit charge ("private bytes"): 51M, peak: 175M

vm_info: OpenJDK 64-Bit Server VM (11.0.8+10-b944.6842174) for windows-amd64 JRE (11.0.8+10-b944.6842174), built on Sep 19 2020 01:11:42 by "builder" with MS VC++ 14.0 (VS2015)

END.
